Debug: Getting roots
Debug: Getting roots
Debug: Found roots
Debug: Start watching file for changes /root/.conda/environments.txt
Debug: Start watching: /root/.conda with pattern environments.txt using VSCode API
Debug: Searching for conda.
Debug: Getting poetry version
Debug: Getting poetry version for poetry
Debug: Searching for interpreters in posix paths locator
Debug: Probing conda binary: conda
Debug: Searching for pyenv environments
Debug: Found roots
Debug: Start watching root /root for globs ["python","*/python","*/bin/python"]
Debug: Start watching: /root with pattern python using VSCode API
Debug: Start watching: /root with pattern */python using VSCode API
Debug: Start watching: /root with pattern */bin/python using VSCode API
Debug: Shell path 'hidden', base path 'hidden'
Debug: Shell path identified as shell 'other'
Debug: Terminal name 'hidden' identified as shell 'other'
Debug: [object Object]. Shell identified as other (Terminal name is hidden)
Debug: Shell path '/bin/bash', base path '/bin/bash'
Debug: Shell path identified as shell 'bash'
Debug: Terminal shell path '/bin/bash' identified as shell 'bash'
Debug: [object Object]. Shell identified as bash (Terminal name is hidden)
Debug: Shell identified as 'bash'
Debug: Dump environment variables {
    "HOSTNAME": "7fc9830e52de",
    "PYTHON_PIP_VERSION": "23.2.1",
    "HOME": "/root",
    "GPG_KEY": "A035C8C19219BA821ECEA86B64E628F8D684696D",
    "PYTHON_GET_PIP_URL": "https://github.com/pypa/get-pip/raw/4cfa4081d27285bda1220a62a5ebf5b4bd749cdb/public/get-pip.py",
    "VSCODE_AGENT_FOLDER": "/root/.vscode-server",
    "LANG": "C.UTF-8",
    "SHELL": "/bin/bash",
    "PYTHON_VERSION": "3.11.7",
    "PYTHON_SETUPTOOLS_VERSION": "65.5.1",
    "PWD": "/root/.vscode-server/bin/31c37ee8f63491495ac49e43b8544550fbae4533",
    "PYTHON_GET_PIP_SHA256": "9cc01665956d22b3bf057ae8287b035827bfd895da235bcea200ab3b811790b6",
    "VSCODE_HANDLES_SIGPIPE": "true",
    "VSCODE_AMD_ENTRYPOINT": "vs/workbench/api/node/extensionHostProcess",
    "VSCODE_HANDLES_UNCAUGHT_ERRORS": "true",
    "VSCODE_NLS_CONFIG": "{\"locale\":\"ja\",\"osLocale\":\"ja\",\"availableLanguages\":{\"*\":\"ja\"},\"_languagePackId\":\"fa8da0b86a691a8873ef24bc0b578207.ja\",\"_translationsConfigFile\":\"/root/.vscode-server/data/clp/fa8da0b86a691a8873ef24bc0b578207.ja/tcf.json\",\"_cacheRoot\":\"/root/.vscode-server/data/clp/fa8da0b86a691a8873ef24bc0b578207.ja\",\"_resolvedLanguagePackCoreLocation\":\"/root/.vscode-server/data/clp/fa8da0b86a691a8873ef24bc0b578207.ja/31c37ee8f63491495ac49e43b8544550fbae4533\",\"_corruptedFile\":\"/root/.vscode-server/data/clp/fa8da0b86a691a8873ef24bc0b578207.ja/corrupted.info\",\"_languagePackSupport\":true}",
    "REMOTE_CONTAINERS_IPC": "/tmp/vscode-remote-containers-ipc-7cb399d2-8669-4393-be7e-eaf5c2f9cd94.sock",
    "REMOTE_CONTAINERS_SOCKETS": "[\"/tmp/vscode-ssh-auth-7cb399d2-8669-4393-be7e-eaf5c2f9cd94.sock\",\"/tmp/.X11-unix/X3\"]",
    "SHLVL": "1",
    "_": "/usr/bin/cat",
    "SSH_AUTH_SOCK": "/tmp/vscode-ssh-auth-7cb399d2-8669-4393-be7e-eaf5c2f9cd94.sock",
    "DISPLAY": ":3",
    "REMOTE_CONTAINERS_DISPLAY_SOCK": "/tmp/.X11-unix/X3",
    "REMOTE_CONTAINERS": "true",
    "BROWSER": "/root/.vscode-server/bin/31c37ee8f63491495ac49e43b8544550fbae4533/bin/helpers/browser.sh",
    "VSCODE_CWD": "/root/.vscode-server/bin/31c37ee8f63491495ac49e43b8544550fbae4533",
    "ELECTRON_RUN_AS_NODE": "1",
    "VSCODE_IPC_HOOK_CLI": "/tmp/vscode-ipc-a9281a61-829f-45c5-84e7-a9160207c22a.sock",
    "APPLICATION_INSIGHTS_NO_DIAGNOSTIC_CHANNEL": "1",
    "PATH": "/root/.vscode-server/bin/31c37ee8f63491495ac49e43b8544550fbae4533/bin/remote-cli:/usr/local/bin:/usr/local/sbin:/usr/local/bin:/usr/sbin:/usr/bin:/sbin:/bin"
}
> poetry --version
cwd: ./.vscode-server/extensions/donjayamanne.python-environment-manager-1.2.4/out/client
Debug: Shell Exec: poetry --version with options: {
    "cwd": "/root/.vscode-server/extensions/donjayamanne.python-environment-manager-1.2.4/out/client",
    "throwOnStdErr": true,
    "timeout": 50000,
    "encoding": "utf8",
    "env": {
        "HOSTNAME": "7fc9830e52de",
        "PYTHON_PIP_VERSION": "23.2.1",
        "HOME": "/root",
        "GPG_KEY": "A035C8C19219BA821ECEA86B64E628F8D684696D",
        "PYTHON_GET_PIP_URL": "https://github.com/pypa/get-pip/raw/4cfa4081d27285bda1220a62a5ebf5b4bd749cdb/public/get-pip.py",
        "VSCODE_AGENT_FOLDER": "/root/.vscode-server",
        "LANG": "C.UTF-8",
        "SHELL": "/bin/bash",
        "PYTHON_VERSION": "3.11.7",
        "PYTHON_SETUPTOOLS_VERSION": "65.5.1",
        "PWD": "/root/.vscode-server/bin/31c37ee8f63491495ac49e43b8544550fbae4533",
        "PYTHON_GET_PIP_SHA256": "9cc01665956d22b3bf057ae8287b035827bfd895da235bcea200ab3b811790b6",
        "VSCODE_HANDLES_SIGPIPE": "true",
        "VSCODE_AMD_ENTRYPOINT": "vs/workbench/api/node/extensionHostProcess",
        "VSCODE_HANDLES_UNCAUGHT_ERRORS": "true",
        "VSCODE_NLS_CONFIG": "{\"locale\":\"ja\",\"osLocale\":\"ja\",\"availableLanguages\":{\"*\":\"ja\"},\"_languagePackId\":\"fa8da0b86a691a8873ef24bc0b578207.ja\",\"_translationsConfigFile\":\"/root/.vscode-server/data/clp/fa8da0b86a691a8873ef24bc0b578207.ja/tcf.json\",\"_cacheRoot\":\"/root/.vscode-server/data/clp/fa8da0b86a691a8873ef24bc0b578207.ja\",\"_resolvedLanguagePackCoreLocation\":\"/root/.vscode-server/data/clp/fa8da0b86a691a8873ef24bc0b578207.ja/31c37ee8f63491495ac49e43b8544550fbae4533\",\"_corruptedFile\":\"/root/.vscode-server/data/clp/fa8da0b86a691a8873ef24bc0b578207.ja/corrupted.info\",\"_languagePackSupport\":true}",
        "REMOTE_CONTAINERS_IPC": "/tmp/vscode-remote-containers-ipc-7cb399d2-8669-4393-be7e-eaf5c2f9cd94.sock",
        "REMOTE_CONTAINERS_SOCKETS": "[\"/tmp/vscode-ssh-auth-7cb399d2-8669-4393-be7e-eaf5c2f9cd94.sock\",\"/tmp/.X11-unix/X3\"]",
        "SHLVL": "1",
        "_": "/usr/bin/cat",
        "SSH_AUTH_SOCK": "/tmp/vscode-ssh-auth-7cb399d2-8669-4393-be7e-eaf5c2f9cd94.sock",
        "DISPLAY": ":3",
        "REMOTE_CONTAINERS_DISPLAY_SOCK": "/tmp/.X11-unix/X3",
        "REMOTE_CONTAINERS": "true",
        "BROWSER": "/root/.vscode-server/bin/31c37ee8f63491495ac49e43b8544550fbae4533/bin/helpers/browser.sh",
        "VSCODE_CWD": "/root/.vscode-server/bin/31c37ee8f63491495ac49e43b8544550fbae4533",
        "ELECTRON_RUN_AS_NODE": "1",
        "VSCODE_IPC_HOOK_CLI": "/tmp/vscode-ipc-a9281a61-829f-45c5-84e7-a9160207c22a.sock",
        "APPLICATION_INSIGHTS_NO_DIAGNOSTIC_CHANNEL": "1",
        "PATH": "/root/.vscode-server/bin/31c37ee8f63491495ac49e43b8544550fbae4533/bin/remote-cli:/usr/local/bin:/usr/local/sbin:/usr/local/bin:/usr/sbin:/usr/bin:/sbin:/bin",
        "PYTHONUNBUFFERED": "1",
        "PYTHONIOENCODING": "utf-8"
    }
}
Debug: Dump environment variables {
    "HOSTNAME": "7fc9830e52de",
    "PYTHON_PIP_VERSION": "23.2.1",
    "HOME": "/root",
    "GPG_KEY": "A035C8C19219BA821ECEA86B64E628F8D684696D",
    "PYTHON_GET_PIP_URL": "https://github.com/pypa/get-pip/raw/4cfa4081d27285bda1220a62a5ebf5b4bd749cdb/public/get-pip.py",
    "VSCODE_AGENT_FOLDER": "/root/.vscode-server",
    "LANG": "C.UTF-8",
    "SHELL": "/bin/bash",
    "PYTHON_VERSION": "3.11.7",
    "PYTHON_SETUPTOOLS_VERSION": "65.5.1",
    "PWD": "/root/.vscode-server/bin/31c37ee8f63491495ac49e43b8544550fbae4533",
    "PYTHON_GET_PIP_SHA256": "9cc01665956d22b3bf057ae8287b035827bfd895da235bcea200ab3b811790b6",
    "VSCODE_HANDLES_SIGPIPE": "true",
    "VSCODE_AMD_ENTRYPOINT": "vs/workbench/api/node/extensionHostProcess",
    "VSCODE_HANDLES_UNCAUGHT_ERRORS": "true",
    "VSCODE_NLS_CONFIG": "{\"locale\":\"ja\",\"osLocale\":\"ja\",\"availableLanguages\":{\"*\":\"ja\"},\"_languagePackId\":\"fa8da0b86a691a8873ef24bc0b578207.ja\",\"_translationsConfigFile\":\"/root/.vscode-server/data/clp/fa8da0b86a691a8873ef24bc0b578207.ja/tcf.json\",\"_cacheRoot\":\"/root/.vscode-server/data/clp/fa8da0b86a691a8873ef24bc0b578207.ja\",\"_resolvedLanguagePackCoreLocation\":\"/root/.vscode-server/data/clp/fa8da0b86a691a8873ef24bc0b578207.ja/31c37ee8f63491495ac49e43b8544550fbae4533\",\"_corruptedFile\":\"/root/.vscode-server/data/clp/fa8da0b86a691a8873ef24bc0b578207.ja/corrupted.info\",\"_languagePackSupport\":true}",
    "REMOTE_CONTAINERS_IPC": "/tmp/vscode-remote-containers-ipc-7cb399d2-8669-4393-be7e-eaf5c2f9cd94.sock",
    "REMOTE_CONTAINERS_SOCKETS": "[\"/tmp/vscode-ssh-auth-7cb399d2-8669-4393-be7e-eaf5c2f9cd94.sock\",\"/tmp/.X11-unix/X3\"]",
    "SHLVL": "1",
    "_": "/usr/bin/cat",
    "SSH_AUTH_SOCK": "/tmp/vscode-ssh-auth-7cb399d2-8669-4393-be7e-eaf5c2f9cd94.sock",
    "DISPLAY": ":3",
    "REMOTE_CONTAINERS_DISPLAY_SOCK": "/tmp/.X11-unix/X3",
    "REMOTE_CONTAINERS": "true",
    "BROWSER": "/root/.vscode-server/bin/31c37ee8f63491495ac49e43b8544550fbae4533/bin/helpers/browser.sh",
    "VSCODE_CWD": "/root/.vscode-server/bin/31c37ee8f63491495ac49e43b8544550fbae4533",
    "ELECTRON_RUN_AS_NODE": "1",
    "VSCODE_IPC_HOOK_CLI": "/tmp/vscode-ipc-a9281a61-829f-45c5-84e7-a9160207c22a.sock",
    "APPLICATION_INSIGHTS_NO_DIAGNOSTIC_CHANNEL": "1",
    "PATH": "/root/.vscode-server/bin/31c37ee8f63491495ac49e43b8544550fbae4533/bin/remote-cli:/usr/local/bin:/usr/local/sbin:/usr/local/bin:/usr/sbin:/usr/bin:/sbin:/bin"
}
> conda info --json
Debug: Failed to spawn conda binary conda [Error: spawn conda ENOENT
	at ChildProcess._handle.onexit (node:internal/child_process:283:19)
	at onErrorNT (node:internal/child_process:476:16)
	at process.processTicksAndRejections (node:internal/process/task_queues:82:21)] {
  errno: -2,
  code: 'ENOENT',
  syscall: 'spawn conda',
  path: 'conda',
  spawnargs: [ 'info', '--json' ]
}
Debug: Finished searching for custom virtual envs
Debug: Couldn't locate the state binary.
Debug: Searching for workspace virtual envs in: /root
Debug: Finished searching for poetry envs
Debug: Attempting to resolve symbolic link: /bin/python3
Debug: Finished searching for global virtual envs
Error: [Error: Command failed: poetry --version
/bin/sh: 1: poetry: not found

	at ChildProcess.exithandler (node:child_process:420:12)
	at ChildProcess.emit (node:events:514:28)
	at maybeClose (node:internal/child_process:1091:16)
	at Socket.<anonymous> (node:internal/child_process:449:11)
	at Socket.emit (node:events:514:28)
	at Pipe.<anonymous> (node:net:323:12)] {
  code: 127,
  killed: false,
  signal: null,
  cmd: 'poetry --version'
}
Debug: Time taken to run poetry --version in ms 225
Debug: Failed to find poetry for poetry
Debug: No poetry binary found for /root/.vscode-server/extensions/donjayamanne.python-environment-manager-1.2.4/out/client
Debug: Storage update failed for key PYTHON_GLOBAL_STORAGE_KEYS  retrying by resetting first
Debug: Storage update failed for key PYTHON_GLOBAL_STORAGE_KEYS  retrying by resetting first
Debug: Storage update failed for key PYTHON_GLOBAL_STORAGE_KEYS  retrying by resetting first
Debug: Storage update failed for key PYTHON_GLOBAL_STORAGE_KEYS  retrying by resetting first
Debug: Storage update failed for key PYTHON_EXTENSION_GLOBAL_STORAGE_KEYS  retrying by resetting first
Debug: Storage update failed for key PYTHON_ENV_INFO_CACHE  retrying by resetting first
Debug: Storage update failed for key PYTHON_WORKSPACE_STORAGE_KEYS  retrying by resetting first
Info: Found: /bin/python3 --> /bin/python3.11
Debug: Attempting to resolve symbolic link: /bin/python3.11
Info: Found: /bin/python3.11 --> /bin/python3.11
Debug: Couldn't locate the conda binary.
Debug: Couldn't locate the conda binary.
Warn: Retry failed, storage update failed for key PYTHON_GLOBAL_STORAGE_KEYS
Warn: Retry failed, storage update failed for key PYTHON_GLOBAL_STORAGE_KEYS
Warn: Retry failed, storage update failed for key PYTHON_GLOBAL_STORAGE_KEYS
Debug: Attempting to resolve symbolic link: /usr/bin/python3
Info: Found: /usr/bin/python3 --> /usr/bin/python3.11
Debug: Attempting to resolve symbolic link: /usr/bin/python3.11
Info: Found: /usr/bin/python3.11 --> /usr/bin/python3.11
Debug: Attempting to resolve symbolic link: /usr/local/bin/python
Info: Found: /usr/local/bin/python --> /usr/local/bin/python3.11
Debug: Attempting to resolve symbolic link: /usr/local/bin/python3
Info: Found: /usr/local/bin/python3 --> /usr/local/bin/python3.11
Debug: Attempting to resolve symbolic link: /usr/local/bin/python3.11
Info: Found: /usr/local/bin/python3.11 --> /usr/local/bin/python3.11
Debug: Found 3 python binaries in posix paths
Debug: Finished searching for workspace virtual envs
> /bin/python3 -I ./.vscode-server/extensions/donjayamanne.python-environment-manager-1.2.4/pythonFiles/get_output_via_markers.py ./.vscode-server/extensions/donjayamanne.python-environment-manager-1.2.4/pythonFiles/interpreterInfo.py
Debug: Shell Exec: /bin/python3 -I /root/.vscode-server/extensions/donjayamanne.python-environment-manager-1.2.4/pythonFiles/get_output_via_markers.py /root/.vscode-server/extensions/donjayamanne.python-environment-manager-1.2.4/pythonFiles/interpreterInfo.py with options: {
    "timeout": 15000,
    "encoding": "utf8",
    "env": {
        "HOSTNAME": "7fc9830e52de",
        "PYTHON_PIP_VERSION": "23.2.1",
        "HOME": "/root",
        "GPG_KEY": "A035C8C19219BA821ECEA86B64E628F8D684696D",
        "PYTHON_GET_PIP_URL": "https://github.com/pypa/get-pip/raw/4cfa4081d27285bda1220a62a5ebf5b4bd749cdb/public/get-pip.py",
        "VSCODE_AGENT_FOLDER": "/root/.vscode-server",
        "LANG": "C.UTF-8",
        "SHELL": "/bin/bash",
        "PYTHON_VERSION": "3.11.7",
        "PYTHON_SETUPTOOLS_VERSION": "65.5.1",
        "PWD": "/root/.vscode-server/bin/31c37ee8f63491495ac49e43b8544550fbae4533",
        "PYTHON_GET_PIP_SHA256": "9cc01665956d22b3bf057ae8287b035827bfd895da235bcea200ab3b811790b6",
        "VSCODE_HANDLES_SIGPIPE": "true",
        "VSCODE_AMD_ENTRYPOINT": "vs/workbench/api/node/extensionHostProcess",
        "VSCODE_HANDLES_UNCAUGHT_ERRORS": "true",
        "VSCODE_NLS_CONFIG": "{\"locale\":\"ja\",\"osLocale\":\"ja\",\"availableLanguages\":{\"*\":\"ja\"},\"_languagePackId\":\"fa8da0b86a691a8873ef24bc0b578207.ja\",\"_translationsConfigFile\":\"/root/.vscode-server/data/clp/fa8da0b86a691a8873ef24bc0b578207.ja/tcf.json\",\"_cacheRoot\":\"/root/.vscode-server/data/clp/fa8da0b86a691a8873ef24bc0b578207.ja\",\"_resolvedLanguagePackCoreLocation\":\"/root/.vscode-server/data/clp/fa8da0b86a691a8873ef24bc0b578207.ja/31c37ee8f63491495ac49e43b8544550fbae4533\",\"_corruptedFile\":\"/root/.vscode-server/data/clp/fa8da0b86a691a8873ef24bc0b578207.ja/corrupted.info\",\"_languagePackSupport\":true}",
        "REMOTE_CONTAINERS_IPC": "/tmp/vscode-remote-containers-ipc-7cb399d2-8669-4393-be7e-eaf5c2f9cd94.sock",
        "REMOTE_CONTAINERS_SOCKETS": "[\"/tmp/vscode-ssh-auth-7cb399d2-8669-4393-be7e-eaf5c2f9cd94.sock\",\"/tmp/.X11-unix/X3\"]",
        "SHLVL": "1",
        "_": "/usr/bin/cat",
        "SSH_AUTH_SOCK": "/tmp/vscode-ssh-auth-7cb399d2-8669-4393-be7e-eaf5c2f9cd94.sock",
        "DISPLAY": ":3",
        "REMOTE_CONTAINERS_DISPLAY_SOCK": "/tmp/.X11-unix/X3",
        "REMOTE_CONTAINERS": "true",
        "BROWSER": "/root/.vscode-server/bin/31c37ee8f63491495ac49e43b8544550fbae4533/bin/helpers/browser.sh",
        "VSCODE_CWD": "/root/.vscode-server/bin/31c37ee8f63491495ac49e43b8544550fbae4533",
        "ELECTRON_RUN_AS_NODE": "1",
        "VSCODE_IPC_HOOK_CLI": "/tmp/vscode-ipc-a9281a61-829f-45c5-84e7-a9160207c22a.sock",
        "APPLICATION_INSIGHTS_NO_DIAGNOSTIC_CHANNEL": "1",
        "PATH": "/root/.vscode-server/bin/31c37ee8f63491495ac49e43b8544550fbae4533/bin/remote-cli:/usr/local/bin:/usr/local/sbin:/usr/local/bin:/usr/sbin:/usr/bin:/sbin:/bin",
        "PYTHONUNBUFFERED": "1",
        "PYTHONIOENCODING": "utf-8"
    }
}
Debug: Finished searching for interpreters in posix paths locator
> /usr/bin/python3 -I ./.vscode-server/extensions/donjayamanne.python-environment-manager-1.2.4/pythonFiles/get_output_via_markers.py ./.vscode-server/extensions/donjayamanne.python-environment-manager-1.2.4/pythonFiles/interpreterInfo.py
Debug: Shell Exec: /usr/bin/python3 -I /root/.vscode-server/extensions/donjayamanne.python-environment-manager-1.2.4/pythonFiles/get_output_via_markers.py /root/.vscode-server/extensions/donjayamanne.python-environment-manager-1.2.4/pythonFiles/interpreterInfo.py with options: {
    "timeout": 15000,
    "encoding": "utf8",
    "env": {
        "HOSTNAME": "7fc9830e52de",
        "PYTHON_PIP_VERSION": "23.2.1",
        "HOME": "/root",
        "GPG_KEY": "A035C8C19219BA821ECEA86B64E628F8D684696D",
        "PYTHON_GET_PIP_URL": "https://github.com/pypa/get-pip/raw/4cfa4081d27285bda1220a62a5ebf5b4bd749cdb/public/get-pip.py",
        "VSCODE_AGENT_FOLDER": "/root/.vscode-server",
        "LANG": "C.UTF-8",
        "SHELL": "/bin/bash",
        "PYTHON_VERSION": "3.11.7",
        "PYTHON_SETUPTOOLS_VERSION": "65.5.1",
        "PWD": "/root/.vscode-server/bin/31c37ee8f63491495ac49e43b8544550fbae4533",
        "PYTHON_GET_PIP_SHA256": "9cc01665956d22b3bf057ae8287b035827bfd895da235bcea200ab3b811790b6",
        "VSCODE_HANDLES_SIGPIPE": "true",
        "VSCODE_AMD_ENTRYPOINT": "vs/workbench/api/node/extensionHostProcess",
        "VSCODE_HANDLES_UNCAUGHT_ERRORS": "true",
        "VSCODE_NLS_CONFIG": "{\"locale\":\"ja\",\"osLocale\":\"ja\",\"availableLanguages\":{\"*\":\"ja\"},\"_languagePackId\":\"fa8da0b86a691a8873ef24bc0b578207.ja\",\"_translationsConfigFile\":\"/root/.vscode-server/data/clp/fa8da0b86a691a8873ef24bc0b578207.ja/tcf.json\",\"_cacheRoot\":\"/root/.vscode-server/data/clp/fa8da0b86a691a8873ef24bc0b578207.ja\",\"_resolvedLanguagePackCoreLocation\":\"/root/.vscode-server/data/clp/fa8da0b86a691a8873ef24bc0b578207.ja/31c37ee8f63491495ac49e43b8544550fbae4533\",\"_corruptedFile\":\"/root/.vscode-server/data/clp/fa8da0b86a691a8873ef24bc0b578207.ja/corrupted.info\",\"_languagePackSupport\":true}",
        "REMOTE_CONTAINERS_IPC": "/tmp/vscode-remote-containers-ipc-7cb399d2-8669-4393-be7e-eaf5c2f9cd94.sock",
        "REMOTE_CONTAINERS_SOCKETS": "[\"/tmp/vscode-ssh-auth-7cb399d2-8669-4393-be7e-eaf5c2f9cd94.sock\",\"/tmp/.X11-unix/X3\"]",
        "SHLVL": "1",
        "_": "/usr/bin/cat",
        "SSH_AUTH_SOCK": "/tmp/vscode-ssh-auth-7cb399d2-8669-4393-be7e-eaf5c2f9cd94.sock",
        "DISPLAY": ":3",
        "REMOTE_CONTAINERS_DISPLAY_SOCK": "/tmp/.X11-unix/X3",
        "REMOTE_CONTAINERS": "true",
        "BROWSER": "/root/.vscode-server/bin/31c37ee8f63491495ac49e43b8544550fbae4533/bin/helpers/browser.sh",
        "VSCODE_CWD": "/root/.vscode-server/bin/31c37ee8f63491495ac49e43b8544550fbae4533",
        "ELECTRON_RUN_AS_NODE": "1",
        "VSCODE_IPC_HOOK_CLI": "/tmp/vscode-ipc-a9281a61-829f-45c5-84e7-a9160207c22a.sock",
        "APPLICATION_INSIGHTS_NO_DIAGNOSTIC_CHANNEL": "1",
        "PATH": "/root/.vscode-server/bin/31c37ee8f63491495ac49e43b8544550fbae4533/bin/remote-cli:/usr/local/bin:/usr/local/sbin:/usr/local/bin:/usr/sbin:/usr/bin:/sbin:/bin",
        "PYTHONUNBUFFERED": "1",
        "PYTHONIOENCODING": "utf-8"
    }
}
Debug: Finished with environment reducer
Debug: Found interpreter for >> /usr/bin/python3 -I /root/.vscode-server/extensions/donjayamanne.python-environment-manager-1.2.4/pythonFiles/get_output_via_markers.py /root/.vscode-server/extensions/donjayamanne.python-environment-manager-1.2.4/pythonFiles/interpreterInfo.py <<: {"versionInfo":[3,11,2,"final",0],"sysPrefix":"/usr","sysVersion":"3.11.2 (main, Mar 13 2023, 12:18:29) [GCC 12.2.0]","is64Bit":true}
> /usr/local/bin/python -I ./.vscode-server/extensions/donjayamanne.python-environment-manager-1.2.4/pythonFiles/get_output_via_markers.py ./.vscode-server/extensions/donjayamanne.python-environment-manager-1.2.4/pythonFiles/interpreterInfo.py
Debug: Shell Exec: /usr/local/bin/python -I /root/.vscode-server/extensions/donjayamanne.python-environment-manager-1.2.4/pythonFiles/get_output_via_markers.py /root/.vscode-server/extensions/donjayamanne.python-environment-manager-1.2.4/pythonFiles/interpreterInfo.py with options: {
    "timeout": 15000,
    "encoding": "utf8",
    "env": {
        "HOSTNAME": "7fc9830e52de",
        "PYTHON_PIP_VERSION": "23.2.1",
        "HOME": "/root",
        "GPG_KEY": "A035C8C19219BA821ECEA86B64E628F8D684696D",
        "PYTHON_GET_PIP_URL": "https://github.com/pypa/get-pip/raw/4cfa4081d27285bda1220a62a5ebf5b4bd749cdb/public/get-pip.py",
        "VSCODE_AGENT_FOLDER": "/root/.vscode-server",
        "LANG": "C.UTF-8",
        "SHELL": "/bin/bash",
        "PYTHON_VERSION": "3.11.7",
        "PYTHON_SETUPTOOLS_VERSION": "65.5.1",
        "PWD": "/root/.vscode-server/bin/31c37ee8f63491495ac49e43b8544550fbae4533",
        "PYTHON_GET_PIP_SHA256": "9cc01665956d22b3bf057ae8287b035827bfd895da235bcea200ab3b811790b6",
        "VSCODE_HANDLES_SIGPIPE": "true",
        "VSCODE_AMD_ENTRYPOINT": "vs/workbench/api/node/extensionHostProcess",
        "VSCODE_HANDLES_UNCAUGHT_ERRORS": "true",
        "VSCODE_NLS_CONFIG": "{\"locale\":\"ja\",\"osLocale\":\"ja\",\"availableLanguages\":{\"*\":\"ja\"},\"_languagePackId\":\"fa8da0b86a691a8873ef24bc0b578207.ja\",\"_translationsConfigFile\":\"/root/.vscode-server/data/clp/fa8da0b86a691a8873ef24bc0b578207.ja/tcf.json\",\"_cacheRoot\":\"/root/.vscode-server/data/clp/fa8da0b86a691a8873ef24bc0b578207.ja\",\"_resolvedLanguagePackCoreLocation\":\"/root/.vscode-server/data/clp/fa8da0b86a691a8873ef24bc0b578207.ja/31c37ee8f63491495ac49e43b8544550fbae4533\",\"_corruptedFile\":\"/root/.vscode-server/data/clp/fa8da0b86a691a8873ef24bc0b578207.ja/corrupted.info\",\"_languagePackSupport\":true}",
        "REMOTE_CONTAINERS_IPC": "/tmp/vscode-remote-containers-ipc-7cb399d2-8669-4393-be7e-eaf5c2f9cd94.sock",
        "REMOTE_CONTAINERS_SOCKETS": "[\"/tmp/vscode-ssh-auth-7cb399d2-8669-4393-be7e-eaf5c2f9cd94.sock\",\"/tmp/.X11-unix/X3\"]",
        "SHLVL": "1",
        "_": "/usr/bin/cat",
        "SSH_AUTH_SOCK": "/tmp/vscode-ssh-auth-7cb399d2-8669-4393-be7e-eaf5c2f9cd94.sock",
        "DISPLAY": ":3",
        "REMOTE_CONTAINERS_DISPLAY_SOCK": "/tmp/.X11-unix/X3",
        "REMOTE_CONTAINERS": "true",
        "BROWSER": "/root/.vscode-server/bin/31c37ee8f63491495ac49e43b8544550fbae4533/bin/helpers/browser.sh",
        "VSCODE_CWD": "/root/.vscode-server/bin/31c37ee8f63491495ac49e43b8544550fbae4533",
        "ELECTRON_RUN_AS_NODE": "1",
        "VSCODE_IPC_HOOK_CLI": "/tmp/vscode-ipc-a9281a61-829f-45c5-84e7-a9160207c22a.sock",
        "APPLICATION_INSIGHTS_NO_DIAGNOSTIC_CHANNEL": "1",
        "PATH": "/root/.vscode-server/bin/31c37ee8f63491495ac49e43b8544550fbae4533/bin/remote-cli:/usr/local/bin:/usr/local/sbin:/usr/local/bin:/usr/sbin:/usr/bin:/sbin:/bin",
        "PYTHONUNBUFFERED": "1",
        "PYTHONIOENCODING": "utf-8"
    }
}
Debug: Found interpreter for >> /bin/python3 -I /root/.vscode-server/extensions/donjayamanne.python-environment-manager-1.2.4/pythonFiles/get_output_via_markers.py /root/.vscode-server/extensions/donjayamanne.python-environment-manager-1.2.4/pythonFiles/interpreterInfo.py <<: {"versionInfo":[3,11,2,"final",0],"sysPrefix":"/usr","sysVersion":"3.11.2 (main, Mar 13 2023, 12:18:29) [GCC 12.2.0]","is64Bit":true}
Debug: Getting poetry version
Debug: Getting poetry version for poetry
Debug: Cached data exists KeyPrefix=Cache_Method_Output_Poetry.getVersionCached-Args=
Debug: Failed to find poetry for poetry
Debug: No poetry binary found for /root/.vscode-server/extensions/donjayamanne.python-environment-manager-1.2.4/out/client
Debug: Found interpreter for >> /usr/local/bin/python -I /root/.vscode-server/extensions/donjayamanne.python-environment-manager-1.2.4/pythonFiles/get_output_via_markers.py /root/.vscode-server/extensions/donjayamanne.python-environment-manager-1.2.4/pythonFiles/interpreterInfo.py <<: {"versionInfo":[3,11,7,"final",0],"sysPrefix":"/usr/local","sysVersion":"3.11.7 (main, Dec 19 2023, 20:33:49) [GCC 12.2.0]","is64Bit":true}
Debug: Finished with environment resolver
Debug: Environments added to cache [{"name":"","location":"","kind":"global-other","executable":{"filename":"/bin/python3","sysPrefix":"/usr","ctime":1704508151407,"mtime":1681035730000},"display":"Python 3.11.2 64-bit","version":{"major":3,"minor":11,"micro":2,"release":{"level":"final","serial":0},"sysVersion":"3.11.2 (main, Mar 13 2023, 12:18:29) [GCC 12.2.0]"},"arch":3,"distro":{"org":""},"source":["path env var"],"id":"/bin/python3","detailedDisplayName":"Python 3.11.2 64-bit"},{"name":"","location":"","kind":"global-other","executable":{"filename":"/usr/bin/python3","sysPrefix":"/usr","ctime":1704508151407,"mtime":1681035730000},"display":"Python 3.11.2 64-bit","version":{"major":3,"minor":11,"micro":2,"release":{"level":"final","serial":0},"sysVersion":"3.11.2 (main, Mar 13 2023, 12:18:29) [GCC 12.2.0]"},"arch":3,"distro":{"org":""},"source":["path env var"],"id":"/usr/bin/python3","detailedDisplayName":"Python 3.11.2 64-bit"},{"name":"","location":"","kind":"global-other","executable":{"filename":"/usr/local/bin/python","sysPrefix":"/usr/local","ctime":1704508183225,"mtime":1703018200000},"display":"Python 3.11.7 64-bit","version":{"major":3,"minor":11,"micro":7,"release":{"level":"final","serial":0},"sysVersion":"3.11.7 (main, Dec 19 2023, 20:33:49) [GCC 12.2.0]"},"arch":3,"distro":{"org":""},"source":["path env var"],"id":"/usr/local/bin/python","detailedDisplayName":"Python 3.11.7 64-bit"}]
