Logger Init
Initialization complete.
Loaded supported calls (Version 1.5)
getSourceText: unexpected node type 'import_prefix'
getSourceText: unexpected node type 'import_prefix'
getSourceText: unexpected node type 'import_prefix'
Batch of 1 Total time: 489ms (Avg. Per Call: 489ms)
getSourceText: unexpected node type 'import_prefix'
getSourceText: unexpected node type 'import_prefix'
getSourceText: unexpected node type 'import_prefix'
getSourceText: unexpected node type 'import_prefix'
getSourceText: unexpected node type 'import_prefix'
getSourceText: unexpected node type 'import_prefix'
getSourceText: unexpected node type 'import_prefix'
getSourceText: unexpected node type 'import_prefix'
getSourceText: unexpected node type 'import_prefix'
getSourceText: unexpected node type 'import_prefix'
Batch of 3 Total time: 695ms (Avg. Per Call: 232ms)
Batch of 2 Total time: 504ms (Avg. Per Call: 252ms)
getSourceText: unexpected node type 'import_prefix'
getSourceText: unexpected node type 'import_prefix'
getSourceText: unexpected node type 'import_prefix'
getSourceText: unexpected node type 'import_prefix'
getSourceText: unexpected node type 'import_prefix'
getSourceText: unexpected node type 'import_prefix'
getSourceText: unexpected node type 'import_prefix'
getSourceText: unexpected node type 'import_prefix'
getSourceText: unexpected node type 'import_prefix'
getSourceText: unexpected node type 'import_prefix'
getSourceText: unexpected node type 'import_prefix'
getSourceText: unexpected node type 'import_prefix'
getSourceText: unexpected node type 'import_prefix'
getSourceText: unexpected node type 'import_prefix'
getSourceText: unexpected node type 'import_prefix'
Batch of 3 Total time: 311ms (Avg. Per Call: 104ms)
getSourceText: unexpected node type 'import_prefix'
getSourceText: unexpected node type 'import_prefix'
getSourceText: unexpected node type 'import_prefix'
getSourceText: unexpected node type 'import_prefix'
getSourceText: unexpected node type 'import_prefix'
getSourceText: unexpected node type 'import_prefix'
