2024-02-18 02:48:07.675 [info] Extension host with pid 327 started
2024-02-18 02:48:07.776 [info] ExtensionService#_doActivateExtension vscode.tunnel-forwarding, startup: false, activationEvent: 'onTunnel'
2024-02-18 02:48:07.782 [info] ExtensionService#_doActivateExtension vscode.emmet, startup: false, activationEvent: 'onLanguage'
2024-02-18 02:48:07.788 [info] ExtensionService#_doActivateExtension vscode.html-language-features, startup: false, activationEvent: 'onLanguage:html'
2024-02-18 02:48:09.797 [info] ExtensionService#_doActivateExtension vscode.git-base, startup: true, activationEvent: '*', root cause: vscode.git
2024-02-18 02:48:10.947 [info] Lock '/root/.vscode-server/data/User/workspaceStorage/d8ab750c9cd34e1a08fc7d8c35f82988/vscode.lock': Lock acquired.
2024-02-18 02:48:11.057 [info] ExtensionService#_doActivateExtension ms-python.python, startup: true, activationEvent: 'workspaceContains:manage.py'
2024-02-18 02:48:11.779 [info] ExtensionService#_doActivateExtension vscode.git, startup: true, activationEvent: '*'
2024-02-18 02:48:11.886 [info] ExtensionService#_doActivateExtension vscode.github, startup: true, activationEvent: '*'
2024-02-18 02:48:20.388 [info] ExtensionService#_doActivateExtension vscode.debug-auto-launch, startup: false, activationEvent: 'onStartupFinished'
2024-02-18 02:48:20.514 [info] ExtensionService#_doActivateExtension vscode.merge-conflict, startup: false, activationEvent: 'onStartupFinished'
2024-02-18 02:48:30.088 [info] Eager extensions activated
2024-02-18 02:48:33.493 [info] ExtensionService#_doActivateExtension ms-python.vscode-pylance, startup: false, activationEvent: 'api', root cause: ms-python.python
2024-02-18 03:30:29.346 [info] ExtensionService#_doActivateExtension vscode.css-language-features, startup: false, activationEvent: 'onLanguage:css'
2024-02-18 04:25:09.402 [info] ExtensionService#_doActivateExtension batisteo.vscode-django, startup: false, activationEvent: 'onLanguage:python'
2024-02-18 04:25:09.433 [info] ExtensionService#_doActivateExtension ms-python.debugpy, startup: false, activationEvent: 'onLanguage:python'
2024-02-18 04:25:09.434 [info] ExtensionService#_doActivateExtension njpwerner.autodocstring, startup: false, activationEvent: 'onLanguage:python'
2024-02-18 04:25:09.435 [info] ExtensionService#_doActivateExtension VisualStudioExptTeam.intellicode-api-usage-examples, startup: false, activationEvent: 'onLanguage:python'
2024-02-18 04:25:09.436 [info] ExtensionService#_doActivateExtension VisualStudioExptTeam.vscodeintellicode, startup: false, activationEvent: 'onLanguage:python'
2024-02-18 10:05:07.851 [info] ExtensionService#_doActivateExtension vscode.npm, startup: false, activationEvent: 'onTerminalQuickFixRequest:ms-vscode.npm-command'
2024-02-18 14:25:35.929 [info] Extension host terminating: received terminate message from renderer
2024-02-18 14:25:35.983 [info] Lock '/root/.vscode-server/data/User/workspaceStorage/d8ab750c9cd34e1a08fc7d8c35f82988/vscode.lock': Marking the lockfile as scheduled to be released in 6000 ms.
2024-02-18 14:25:36.642 [info] Extension host with pid 327 exiting with code 0
