2024-02-18 14:27:27.965 [info] 実験 'pythonaacf' はアクティブです
2024-02-18 14:27:27.965 [info] 実験 'pythonRecommendTensorboardExt' はアクティブです
2024-02-18 14:27:27.967 [info] 実験 'pythonREPLSmartSend' はアクティブです
2024-02-18 14:27:27.968 [info] 実験 'pythonTerminalEnvVarActivation' はアクティブです
2024-02-18 14:27:27.969 [info] 実験 'pythonTestAdapter' はアクティブです
2024-02-18 14:27:27.969 [info] Default formatter is set to null for workspace /root
2024-02-18 14:27:27.970 [info] Test server listening.
2024-02-18 14:27:28.957 [info] > /usr/local/bin/python3 -I ./.vscode-server/extensions/ms-python.python-2024.0.1/pythonFiles/get_output_via_markers.py ./.vscode-server/extensions/ms-python.python-2024.0.1/pythonFiles/interpreterInfo.py
2024-02-18 14:27:29.065 [info] Python インタープリター パス: /usr/local/bin/python3
2024-02-18 14:27:30.646 [info] Pylance 言語サーバーを開始しています。
2024-02-18 14:28:30.925 [info] Discover tests for workspace name: root - uri: /root/general/forms.py
2024-02-18 14:33:37.861 [info] Discover tests for workspace name: root - uri: /root/general/views/user_register_view.py
2024-02-18 14:35:24.148 [info] Discover tests for workspace name: root - uri: /root/general/views/user_register_view.py
2024-02-18 14:44:35.465 [info] Discover tests for workspace name: root - uri: /root/general/forms.py
2024-02-18 14:44:56.533 [info] Discover tests for workspace name: root - uri: /root/general/views/user_register_view.py
2024-02-18 14:48:20.901 [info] Discover tests for workspace name: root - uri: /root/general/views/user_register_view.py
2024-02-18 14:51:07.852 [info] Discover tests for workspace name: root - uri: /root/general/views/user_register_view.py
2024-02-18 14:53:21.801 [info] Discover tests for workspace name: root - uri: /root/config/urls.py
2024-02-18 14:54:49.727 [info] Discover tests for workspace name: root - uri: /root/general/views/user_register_view.py
2024-02-18 14:55:09.827 [info] Discover tests for workspace name: root - uri: /root/general/views/user_register_view.py
