2024-02-10 10:17:51.603 [info] ログ レベル: Info
2024-02-10 10:17:51.603 [info] Git の検証が検出されました: "git"
2024-02-10 10:17:51.603 [info] "git" から Git "2.39.2" を使用しています
2024-02-10 10:17:51.604 [info] > git rev-parse --show-toplevel [233ms]
2024-02-10 10:17:51.604 [info] fatal: not a git repository (or any parent up to mount point /)
Stopping at filesystem boundary (GIT_DISCOVERY_ACROSS_FILESYSTEM not set).
2024-02-10 10:17:51.604 [info] > git rev-parse --show-toplevel [140ms]
2024-02-10 10:17:51.605 [info] fatal: not a git repository (or any parent up to mount point /)
Stopping at filesystem boundary (GIT_DISCOVERY_ACROSS_FILESYSTEM not set).
2024-02-10 10:17:51.806 [info] > git rev-parse --show-toplevel [209ms]
2024-02-10 10:17:51.807 [info] fatal: not a git repository (or any parent up to mount point /)
Stopping at filesystem boundary (GIT_DISCOVERY_ACROSS_FILESYSTEM not set).
2024-02-10 10:17:51.847 [info] > git rev-parse --show-toplevel [13ms]
2024-02-10 10:17:51.880 [info] fatal: not a git repository (or any parent up to mount point /)
Stopping at filesystem boundary (GIT_DISCOVERY_ACROSS_FILESYSTEM not set).
2024-02-10 10:17:51.922 [info] > git rev-parse --show-toplevel [23ms]
2024-02-10 10:17:51.923 [info] fatal: not a git repository (or any parent up to mount point /)
Stopping at filesystem boundary (GIT_DISCOVERY_ACROSS_FILESYSTEM not set).
2024-02-10 10:17:51.968 [info] > git rev-parse --show-toplevel [27ms]
2024-02-10 10:17:51.969 [info] fatal: not a git repository (or any parent up to mount point /)
Stopping at filesystem boundary (GIT_DISCOVERY_ACROSS_FILESYSTEM not set).
2024-02-10 10:17:51.991 [info] > git rev-parse --show-toplevel [6ms]
2024-02-10 10:17:51.992 [info] fatal: not a git repository (or any parent up to mount point /)
Stopping at filesystem boundary (GIT_DISCOVERY_ACROSS_FILESYSTEM not set).
2024-02-10 10:17:52.023 [info] > git rev-parse --show-toplevel [17ms]
2024-02-10 10:17:52.024 [info] fatal: not a git repository (or any parent up to mount point /)
Stopping at filesystem boundary (GIT_DISCOVERY_ACROSS_FILESYSTEM not set).
2024-02-10 10:17:52.053 [info] > git rev-parse --show-toplevel [8ms]
2024-02-10 10:17:52.054 [info] fatal: not a git repository (or any parent up to mount point /)
Stopping at filesystem boundary (GIT_DISCOVERY_ACROSS_FILESYSTEM not set).
2024-02-10 10:17:52.083 [info] > git rev-parse --show-toplevel [12ms]
2024-02-10 10:17:52.083 [info] fatal: not a git repository (or any parent up to mount point /)
Stopping at filesystem boundary (GIT_DISCOVERY_ACROSS_FILESYSTEM not set).
2024-02-10 10:17:52.105 [info] > git rev-parse --show-toplevel [7ms]
2024-02-10 10:17:52.105 [info] fatal: not a git repository (or any parent up to mount point /)
Stopping at filesystem boundary (GIT_DISCOVERY_ACROSS_FILESYSTEM not set).
2024-02-10 10:17:52.128 [info] > git rev-parse --show-toplevel [9ms]
2024-02-10 10:17:52.129 [info] fatal: not a git repository (or any parent up to mount point /)
Stopping at filesystem boundary (GIT_DISCOVERY_ACROSS_FILESYSTEM not set).
2024-02-10 10:18:44.567 [info] > git rev-parse --show-toplevel [22ms]
2024-02-10 10:18:44.575 [info] fatal: not a git repository (or any parent up to mount point /)
Stopping at filesystem boundary (GIT_DISCOVERY_ACROSS_FILESYSTEM not set).
2024-02-10 10:18:52.864 [info] > git rev-parse --show-toplevel [28ms]
2024-02-10 10:18:52.865 [info] fatal: not a git repository (or any parent up to mount point /)
Stopping at filesystem boundary (GIT_DISCOVERY_ACROSS_FILESYSTEM not set).
2024-02-10 10:19:05.597 [info] > git rev-parse --show-toplevel [22ms]
2024-02-10 10:19:05.598 [info] fatal: not a git repository (or any parent up to mount point /)
Stopping at filesystem boundary (GIT_DISCOVERY_ACROSS_FILESYSTEM not set).
2024-02-10 10:20:17.909 [info] > git rev-parse --show-toplevel [21ms]
2024-02-10 10:20:17.997 [info] fatal: not a git repository (or any parent up to mount point /)
Stopping at filesystem boundary (GIT_DISCOVERY_ACROSS_FILESYSTEM not set).
2024-02-10 10:20:51.374 [info] > git rev-parse --show-toplevel [16ms]
2024-02-10 10:20:51.380 [info] fatal: not a git repository (or any parent up to mount point /)
Stopping at filesystem boundary (GIT_DISCOVERY_ACROSS_FILESYSTEM not set).
