2024-02-18 02:48:31.654 [info] ログ レベル: Info
2024-02-18 02:48:31.691 [info] Git の検証が検出されました: "git"
2024-02-18 02:48:31.942 [info] "git" から Git "2.39.2" を使用しています
2024-02-18 02:48:32.128 [info] > git rev-parse --show-toplevel [2400ms]
2024-02-18 02:48:32.129 [info] fatal: not a git repository (or any parent up to mount point /)
Stopping at filesystem boundary (GIT_DISCOVERY_ACROSS_FILESYSTEM not set).
2024-02-18 02:48:32.705 [info] > git rev-parse --show-toplevel [1819ms]
2024-02-18 02:48:32.869 [info] fatal: not a git repository (or any parent up to mount point /)
Stopping at filesystem boundary (GIT_DISCOVERY_ACROSS_FILESYSTEM not set).
2024-02-18 02:48:37.757 [info] > git rev-parse --show-toplevel [4427ms]
2024-02-18 02:48:38.090 [info] fatal: not a git repository (or any parent up to mount point /)
Stopping at filesystem boundary (GIT_DISCOVERY_ACROSS_FILESYSTEM not set).
2024-02-18 02:48:43.618 [info] > git rev-parse --show-toplevel [5088ms]
2024-02-18 02:48:44.068 [info] fatal: not a git repository (or any parent up to mount point /)
Stopping at filesystem boundary (GIT_DISCOVERY_ACROSS_FILESYSTEM not set).
2024-02-18 02:48:47.459 [info] > git rev-parse --show-toplevel [3236ms]
2024-02-18 02:48:48.183 [info] fatal: not a git repository (or any parent up to mount point /)
Stopping at filesystem boundary (GIT_DISCOVERY_ACROSS_FILESYSTEM not set).
2024-02-18 02:48:54.738 [info] > git rev-parse --show-toplevel [5928ms]
2024-02-18 02:48:54.745 [info] fatal: not a git repository (or any parent up to mount point /)
Stopping at filesystem boundary (GIT_DISCOVERY_ACROSS_FILESYSTEM not set).
2024-02-18 02:48:55.515 [info] > git rev-parse --show-toplevel [565ms]
2024-02-18 02:48:55.539 [info] fatal: not a git repository (or any parent up to mount point /)
Stopping at filesystem boundary (GIT_DISCOVERY_ACROSS_FILESYSTEM not set).
2024-02-18 02:48:56.292 [info] > git rev-parse --show-toplevel [719ms]
2024-02-18 02:48:56.333 [info] fatal: not a git repository (or any parent up to mount point /)
Stopping at filesystem boundary (GIT_DISCOVERY_ACROSS_FILESYSTEM not set).
2024-02-18 02:48:57.117 [info] > git rev-parse --show-toplevel [498ms]
2024-02-18 02:48:57.183 [info] fatal: not a git repository (or any parent up to mount point /)
Stopping at filesystem boundary (GIT_DISCOVERY_ACROSS_FILESYSTEM not set).
2024-02-18 02:48:57.531 [info] > git rev-parse --show-toplevel [288ms]
2024-02-18 02:48:57.547 [info] fatal: not a git repository (or any parent up to mount point /)
Stopping at filesystem boundary (GIT_DISCOVERY_ACROSS_FILESYSTEM not set).
2024-02-18 02:48:58.044 [info] > git rev-parse --show-toplevel [350ms]
2024-02-18 02:48:58.110 [info] fatal: not a git repository (or any parent up to mount point /)
Stopping at filesystem boundary (GIT_DISCOVERY_ACROSS_FILESYSTEM not set).
2024-02-18 02:48:59.170 [info] > git rev-parse --show-toplevel [800ms]
2024-02-18 02:48:59.323 [info] fatal: not a git repository (or any parent up to mount point /)
Stopping at filesystem boundary (GIT_DISCOVERY_ACROSS_FILESYSTEM not set).
2024-02-18 02:49:04.196 [info] > git rev-parse --show-toplevel [4809ms]
2024-02-18 02:49:04.291 [info] fatal: not a git repository (or any parent up to mount point /)
Stopping at filesystem boundary (GIT_DISCOVERY_ACROSS_FILESYSTEM not set).
2024-02-18 02:49:06.440 [info] > git rev-parse --show-toplevel [1921ms]
2024-02-18 02:49:06.467 [info] fatal: not a git repository (or any parent up to mount point /)
Stopping at filesystem boundary (GIT_DISCOVERY_ACROSS_FILESYSTEM not set).
2024-02-18 03:29:51.413 [info] > git rev-parse --show-toplevel [248ms]
2024-02-18 03:29:51.424 [info] fatal: not a git repository (or any parent up to mount point /)
Stopping at filesystem boundary (GIT_DISCOVERY_ACROSS_FILESYSTEM not set).
2024-02-18 03:30:29.383 [info] > git rev-parse --show-toplevel [17ms]
2024-02-18 03:30:29.384 [info] fatal: not a git repository (or any parent up to mount point /)
Stopping at filesystem boundary (GIT_DISCOVERY_ACROSS_FILESYSTEM not set).
2024-02-18 03:34:29.107 [info] > git rev-parse --show-toplevel [11ms]
2024-02-18 03:34:29.150 [info] fatal: not a git repository (or any parent up to mount point /)
Stopping at filesystem boundary (GIT_DISCOVERY_ACROSS_FILESYSTEM not set).
2024-02-18 03:36:25.906 [info] > git rev-parse --show-toplevel [13ms]
2024-02-18 03:36:25.907 [info] fatal: not a git repository (or any parent up to mount point /)
Stopping at filesystem boundary (GIT_DISCOVERY_ACROSS_FILESYSTEM not set).
2024-02-18 03:36:57.591 [info] > git rev-parse --show-toplevel [19ms]
2024-02-18 03:36:57.592 [info] fatal: not a git repository (or any parent up to mount point /)
Stopping at filesystem boundary (GIT_DISCOVERY_ACROSS_FILESYSTEM not set).
2024-02-18 03:37:33.100 [info] > git rev-parse --show-toplevel [20ms]
2024-02-18 03:37:33.100 [info] fatal: not a git repository (or any parent up to mount point /)
Stopping at filesystem boundary (GIT_DISCOVERY_ACROSS_FILESYSTEM not set).
2024-02-18 03:39:06.444 [info] > git rev-parse --show-toplevel [124ms]
2024-02-18 03:39:06.445 [info] fatal: not a git repository (or any parent up to mount point /)
Stopping at filesystem boundary (GIT_DISCOVERY_ACROSS_FILESYSTEM not set).
2024-02-18 04:10:54.528 [info] > git rev-parse --show-toplevel [12ms]
2024-02-18 04:10:54.532 [info] fatal: not a git repository (or any parent up to mount point /)
Stopping at filesystem boundary (GIT_DISCOVERY_ACROSS_FILESYSTEM not set).
2024-02-18 04:11:04.459 [info] > git rev-parse --show-toplevel [9ms]
2024-02-18 04:11:04.460 [info] fatal: not a git repository (or any parent up to mount point /)
Stopping at filesystem boundary (GIT_DISCOVERY_ACROSS_FILESYSTEM not set).
2024-02-18 04:24:23.036 [info] > git rev-parse --show-toplevel [18ms]
2024-02-18 04:24:23.042 [info] fatal: not a git repository (or any parent up to mount point /)
Stopping at filesystem boundary (GIT_DISCOVERY_ACROSS_FILESYSTEM not set).
2024-02-18 04:24:27.684 [info] > git rev-parse --show-toplevel [11ms]
2024-02-18 04:24:27.685 [info] fatal: not a git repository (or any parent up to mount point /)
Stopping at filesystem boundary (GIT_DISCOVERY_ACROSS_FILESYSTEM not set).
2024-02-18 04:25:11.170 [info] > git rev-parse --show-toplevel [661ms]
2024-02-18 04:25:11.190 [info] fatal: not a git repository (or any parent up to mount point /)
Stopping at filesystem boundary (GIT_DISCOVERY_ACROSS_FILESYSTEM not set).
2024-02-18 04:25:16.021 [info] > git rev-parse --show-toplevel [58ms]
2024-02-18 04:25:16.022 [info] fatal: not a git repository (or any parent up to mount point /)
Stopping at filesystem boundary (GIT_DISCOVERY_ACROSS_FILESYSTEM not set).
2024-02-18 04:25:24.902 [info] > git rev-parse --show-toplevel [41ms]
2024-02-18 04:25:24.913 [info] fatal: not a git repository (or any parent up to mount point /)
Stopping at filesystem boundary (GIT_DISCOVERY_ACROSS_FILESYSTEM not set).
2024-02-18 04:27:12.544 [info] > git rev-parse --show-toplevel [225ms]
2024-02-18 04:27:12.564 [info] fatal: not a git repository (or any parent up to mount point /)
Stopping at filesystem boundary (GIT_DISCOVERY_ACROSS_FILESYSTEM not set).
2024-02-18 04:32:18.908 [info] > git rev-parse --show-toplevel [17ms]
2024-02-18 04:32:18.926 [info] fatal: not a git repository (or any parent up to mount point /)
Stopping at filesystem boundary (GIT_DISCOVERY_ACROSS_FILESYSTEM not set).
2024-02-18 04:32:24.604 [info] > git rev-parse --show-toplevel [27ms]
2024-02-18 04:32:24.605 [info] fatal: not a git repository (or any parent up to mount point /)
Stopping at filesystem boundary (GIT_DISCOVERY_ACROSS_FILESYSTEM not set).
2024-02-18 04:34:16.002 [info] > git rev-parse --show-toplevel [22ms]
2024-02-18 04:34:16.011 [info] fatal: not a git repository (or any parent up to mount point /)
Stopping at filesystem boundary (GIT_DISCOVERY_ACROSS_FILESYSTEM not set).
2024-02-18 04:34:46.842 [info] > git rev-parse --show-toplevel [12ms]
2024-02-18 04:34:46.842 [info] fatal: not a git repository (or any parent up to mount point /)
Stopping at filesystem boundary (GIT_DISCOVERY_ACROSS_FILESYSTEM not set).
2024-02-18 04:37:30.837 [info] > git rev-parse --show-toplevel [20ms]
2024-02-18 04:37:30.846 [info] fatal: not a git repository (or any parent up to mount point /)
Stopping at filesystem boundary (GIT_DISCOVERY_ACROSS_FILESYSTEM not set).
2024-02-18 04:37:36.138 [info] > git rev-parse --show-toplevel [32ms]
2024-02-18 04:37:36.138 [info] fatal: not a git repository (or any parent up to mount point /)
Stopping at filesystem boundary (GIT_DISCOVERY_ACROSS_FILESYSTEM not set).
2024-02-18 04:38:45.578 [info] > git rev-parse --show-toplevel [68ms]
2024-02-18 04:38:45.579 [info] fatal: not a git repository (or any parent up to mount point /)
Stopping at filesystem boundary (GIT_DISCOVERY_ACROSS_FILESYSTEM not set).
2024-02-18 04:38:49.535 [info] > git rev-parse --show-toplevel [21ms]
2024-02-18 04:38:49.535 [info] fatal: not a git repository (or any parent up to mount point /)
Stopping at filesystem boundary (GIT_DISCOVERY_ACROSS_FILESYSTEM not set).
2024-02-18 04:39:53.650 [info] > git rev-parse --show-toplevel [20ms]
2024-02-18 04:39:53.664 [info] fatal: not a git repository (or any parent up to mount point /)
Stopping at filesystem boundary (GIT_DISCOVERY_ACROSS_FILESYSTEM not set).
2024-02-18 04:40:04.688 [info] > git rev-parse --show-toplevel [13ms]
2024-02-18 04:40:04.688 [info] fatal: not a git repository (or any parent up to mount point /)
Stopping at filesystem boundary (GIT_DISCOVERY_ACROSS_FILESYSTEM not set).
2024-02-18 04:41:31.590 [info] > git rev-parse --show-toplevel [174ms]
2024-02-18 04:41:31.603 [info] fatal: not a git repository (or any parent up to mount point /)
Stopping at filesystem boundary (GIT_DISCOVERY_ACROSS_FILESYSTEM not set).
2024-02-18 04:45:21.616 [info] > git rev-parse --show-toplevel [32ms]
2024-02-18 04:45:21.628 [info] fatal: not a git repository (or any parent up to mount point /)
Stopping at filesystem boundary (GIT_DISCOVERY_ACROSS_FILESYSTEM not set).
2024-02-18 04:45:42.244 [info] > git rev-parse --show-toplevel [12ms]
2024-02-18 04:45:42.244 [info] fatal: not a git repository (or any parent up to mount point /)
Stopping at filesystem boundary (GIT_DISCOVERY_ACROSS_FILESYSTEM not set).
2024-02-18 05:12:33.612 [info] > git rev-parse --show-toplevel [147ms]
2024-02-18 05:12:33.627 [info] fatal: not a git repository (or any parent up to mount point /)
Stopping at filesystem boundary (GIT_DISCOVERY_ACROSS_FILESYSTEM not set).
2024-02-18 05:13:24.536 [info] > git rev-parse --show-toplevel [90ms]
2024-02-18 05:13:24.619 [info] fatal: not a git repository (or any parent up to mount point /)
Stopping at filesystem boundary (GIT_DISCOVERY_ACROSS_FILESYSTEM not set).
2024-02-18 05:14:21.816 [info] > git rev-parse --show-toplevel [14ms]
2024-02-18 05:14:21.851 [info] fatal: not a git repository (or any parent up to mount point /)
Stopping at filesystem boundary (GIT_DISCOVERY_ACROSS_FILESYSTEM not set).
2024-02-18 05:40:42.633 [info] > git rev-parse --show-toplevel [76ms]
2024-02-18 05:40:42.651 [info] fatal: not a git repository (or any parent up to mount point /)
Stopping at filesystem boundary (GIT_DISCOVERY_ACROSS_FILESYSTEM not set).
2024-02-18 05:41:51.101 [info] > git rev-parse --show-toplevel [17ms]
2024-02-18 05:41:51.122 [info] fatal: not a git repository (or any parent up to mount point /)
Stopping at filesystem boundary (GIT_DISCOVERY_ACROSS_FILESYSTEM not set).
2024-02-18 05:42:18.755 [info] > git rev-parse --show-toplevel [53ms]
2024-02-18 05:42:18.756 [info] fatal: not a git repository (or any parent up to mount point /)
Stopping at filesystem boundary (GIT_DISCOVERY_ACROSS_FILESYSTEM not set).
2024-02-18 05:42:38.115 [info] > git rev-parse --show-toplevel [68ms]
2024-02-18 05:42:38.116 [info] fatal: not a git repository (or any parent up to mount point /)
Stopping at filesystem boundary (GIT_DISCOVERY_ACROSS_FILESYSTEM not set).
2024-02-18 05:53:43.196 [info] > git rev-parse --show-toplevel [13ms]
2024-02-18 05:53:43.285 [info] fatal: not a git repository (or any parent up to mount point /)
Stopping at filesystem boundary (GIT_DISCOVERY_ACROSS_FILESYSTEM not set).
2024-02-18 05:54:29.455 [info] > git rev-parse --show-toplevel [18ms]
2024-02-18 05:54:29.472 [info] fatal: not a git repository (or any parent up to mount point /)
Stopping at filesystem boundary (GIT_DISCOVERY_ACROSS_FILESYSTEM not set).
2024-02-18 05:55:35.494 [info] > git rev-parse --show-toplevel [11ms]
2024-02-18 05:55:35.499 [info] fatal: not a git repository (or any parent up to mount point /)
Stopping at filesystem boundary (GIT_DISCOVERY_ACROSS_FILESYSTEM not set).
2024-02-18 05:55:36.189 [info] > git rev-parse --show-toplevel [12ms]
2024-02-18 05:55:36.190 [info] fatal: not a git repository (or any parent up to mount point /)
Stopping at filesystem boundary (GIT_DISCOVERY_ACROSS_FILESYSTEM not set).
2024-02-18 05:55:40.440 [info] > git rev-parse --show-toplevel [34ms]
2024-02-18 05:55:40.441 [info] fatal: not a git repository (or any parent up to mount point /)
Stopping at filesystem boundary (GIT_DISCOVERY_ACROSS_FILESYSTEM not set).
2024-02-18 05:55:51.565 [info] > git rev-parse --show-toplevel [30ms]
2024-02-18 05:55:51.573 [info] fatal: not a git repository (or any parent up to mount point /)
Stopping at filesystem boundary (GIT_DISCOVERY_ACROSS_FILESYSTEM not set).
2024-02-18 05:55:57.804 [info] > git rev-parse --show-toplevel [17ms]
2024-02-18 05:55:57.805 [info] fatal: not a git repository (or any parent up to mount point /)
Stopping at filesystem boundary (GIT_DISCOVERY_ACROSS_FILESYSTEM not set).
2024-02-18 05:56:01.704 [info] > git rev-parse --show-toplevel [36ms]
2024-02-18 05:56:01.705 [info] fatal: not a git repository (or any parent up to mount point /)
Stopping at filesystem boundary (GIT_DISCOVERY_ACROSS_FILESYSTEM not set).
2024-02-18 05:56:20.947 [info] > git rev-parse --show-toplevel [50ms]
2024-02-18 05:56:20.953 [info] fatal: not a git repository (or any parent up to mount point /)
Stopping at filesystem boundary (GIT_DISCOVERY_ACROSS_FILESYSTEM not set).
2024-02-18 05:56:57.809 [info] > git rev-parse --show-toplevel [208ms]
2024-02-18 05:56:57.810 [info] fatal: not a git repository (or any parent up to mount point /)
Stopping at filesystem boundary (GIT_DISCOVERY_ACROSS_FILESYSTEM not set).
2024-02-18 05:57:15.485 [info] > git rev-parse --show-toplevel [17ms]
2024-02-18 05:57:15.491 [info] fatal: not a git repository (or any parent up to mount point /)
Stopping at filesystem boundary (GIT_DISCOVERY_ACROSS_FILESYSTEM not set).
2024-02-18 06:06:01.633 [info] > git rev-parse --show-toplevel [8ms]
2024-02-18 06:06:01.731 [info] fatal: not a git repository (or any parent up to mount point /)
Stopping at filesystem boundary (GIT_DISCOVERY_ACROSS_FILESYSTEM not set).
2024-02-18 06:07:16.126 [info] > git rev-parse --show-toplevel [83ms]
2024-02-18 06:07:16.138 [info] fatal: not a git repository (or any parent up to mount point /)
Stopping at filesystem boundary (GIT_DISCOVERY_ACROSS_FILESYSTEM not set).
2024-02-18 06:09:23.192 [info] > git rev-parse --show-toplevel [15ms]
2024-02-18 06:09:23.260 [info] fatal: not a git repository (or any parent up to mount point /)
Stopping at filesystem boundary (GIT_DISCOVERY_ACROSS_FILESYSTEM not set).
2024-02-18 06:09:57.072 [info] > git rev-parse --show-toplevel [113ms]
2024-02-18 06:09:57.073 [info] fatal: not a git repository (or any parent up to mount point /)
Stopping at filesystem boundary (GIT_DISCOVERY_ACROSS_FILESYSTEM not set).
2024-02-18 06:10:20.523 [info] > git rev-parse --show-toplevel [24ms]
2024-02-18 06:10:20.542 [info] fatal: not a git repository (or any parent up to mount point /)
Stopping at filesystem boundary (GIT_DISCOVERY_ACROSS_FILESYSTEM not set).
2024-02-18 06:10:43.446 [info] > git rev-parse --show-toplevel [17ms]
2024-02-18 06:10:43.447 [info] fatal: not a git repository (or any parent up to mount point /)
Stopping at filesystem boundary (GIT_DISCOVERY_ACROSS_FILESYSTEM not set).
2024-02-18 06:12:04.889 [info] > git rev-parse --show-toplevel [14ms]
2024-02-18 06:12:04.890 [info] fatal: not a git repository (or any parent up to mount point /)
Stopping at filesystem boundary (GIT_DISCOVERY_ACROSS_FILESYSTEM not set).
2024-02-18 06:13:07.818 [info] > git rev-parse --show-toplevel [150ms]
2024-02-18 06:13:07.829 [info] fatal: not a git repository (or any parent up to mount point /)
Stopping at filesystem boundary (GIT_DISCOVERY_ACROSS_FILESYSTEM not set).
2024-02-18 06:14:23.190 [info] > git rev-parse --show-toplevel [38ms]
2024-02-18 06:14:23.193 [info] fatal: not a git repository (or any parent up to mount point /)
Stopping at filesystem boundary (GIT_DISCOVERY_ACROSS_FILESYSTEM not set).
2024-02-18 06:16:11.619 [info] > git rev-parse --show-toplevel [22ms]
2024-02-18 06:16:11.640 [info] fatal: not a git repository (or any parent up to mount point /)
Stopping at filesystem boundary (GIT_DISCOVERY_ACROSS_FILESYSTEM not set).
2024-02-18 06:16:18.717 [info] > git rev-parse --show-toplevel [24ms]
2024-02-18 06:16:18.718 [info] fatal: not a git repository (or any parent up to mount point /)
Stopping at filesystem boundary (GIT_DISCOVERY_ACROSS_FILESYSTEM not set).
2024-02-18 06:16:29.123 [info] > git rev-parse --show-toplevel [14ms]
2024-02-18 06:16:29.123 [info] fatal: not a git repository (or any parent up to mount point /)
Stopping at filesystem boundary (GIT_DISCOVERY_ACROSS_FILESYSTEM not set).
2024-02-18 06:16:52.876 [info] > git rev-parse --show-toplevel [8ms]
2024-02-18 06:16:52.886 [info] fatal: not a git repository (or any parent up to mount point /)
Stopping at filesystem boundary (GIT_DISCOVERY_ACROSS_FILESYSTEM not set).
2024-02-18 06:16:56.282 [info] > git rev-parse --show-toplevel [101ms]
2024-02-18 06:16:56.282 [info] fatal: not a git repository (or any parent up to mount point /)
Stopping at filesystem boundary (GIT_DISCOVERY_ACROSS_FILESYSTEM not set).
2024-02-18 06:17:45.218 [info] > git rev-parse --show-toplevel [9ms]
2024-02-18 06:17:45.218 [info] fatal: not a git repository (or any parent up to mount point /)
Stopping at filesystem boundary (GIT_DISCOVERY_ACROSS_FILESYSTEM not set).
2024-02-18 06:20:56.063 [info] > git rev-parse --show-toplevel [10ms]
2024-02-18 06:20:56.064 [info] fatal: not a git repository (or any parent up to mount point /)
Stopping at filesystem boundary (GIT_DISCOVERY_ACROSS_FILESYSTEM not set).
2024-02-18 06:21:28.872 [info] > git rev-parse --show-toplevel [10ms]
2024-02-18 06:21:28.874 [info] fatal: not a git repository (or any parent up to mount point /)
Stopping at filesystem boundary (GIT_DISCOVERY_ACROSS_FILESYSTEM not set).
2024-02-18 06:21:46.769 [info] > git rev-parse --show-toplevel [25ms]
2024-02-18 06:21:46.791 [info] fatal: not a git repository (or any parent up to mount point /)
Stopping at filesystem boundary (GIT_DISCOVERY_ACROSS_FILESYSTEM not set).
2024-02-18 06:21:48.207 [info] > git rev-parse --show-toplevel [19ms]
2024-02-18 06:21:48.209 [info] fatal: not a git repository (or any parent up to mount point /)
Stopping at filesystem boundary (GIT_DISCOVERY_ACROSS_FILESYSTEM not set).
2024-02-18 06:21:52.136 [info] > git rev-parse --show-toplevel [106ms]
2024-02-18 06:21:52.136 [info] fatal: not a git repository (or any parent up to mount point /)
Stopping at filesystem boundary (GIT_DISCOVERY_ACROSS_FILESYSTEM not set).
2024-02-18 06:22:07.981 [info] > git rev-parse --show-toplevel [205ms]
2024-02-18 06:22:07.982 [info] fatal: not a git repository (or any parent up to mount point /)
Stopping at filesystem boundary (GIT_DISCOVERY_ACROSS_FILESYSTEM not set).
2024-02-18 06:22:18.226 [info] > git rev-parse --show-toplevel [13ms]
2024-02-18 06:22:18.227 [info] fatal: not a git repository (or any parent up to mount point /)
Stopping at filesystem boundary (GIT_DISCOVERY_ACROSS_FILESYSTEM not set).
2024-02-18 06:22:22.379 [info] > git rev-parse --show-toplevel [10ms]
2024-02-18 06:22:22.380 [info] fatal: not a git repository (or any parent up to mount point /)
Stopping at filesystem boundary (GIT_DISCOVERY_ACROSS_FILESYSTEM not set).
2024-02-18 06:22:47.483 [info] > git rev-parse --show-toplevel [12ms]
2024-02-18 06:22:47.484 [info] fatal: not a git repository (or any parent up to mount point /)
Stopping at filesystem boundary (GIT_DISCOVERY_ACROSS_FILESYSTEM not set).
2024-02-18 06:24:58.731 [info] > git rev-parse --show-toplevel [12ms]
2024-02-18 06:24:58.757 [info] fatal: not a git repository (or any parent up to mount point /)
Stopping at filesystem boundary (GIT_DISCOVERY_ACROSS_FILESYSTEM not set).
2024-02-18 06:25:18.372 [info] > git rev-parse --show-toplevel [12ms]
2024-02-18 06:25:18.373 [info] fatal: not a git repository (or any parent up to mount point /)
Stopping at filesystem boundary (GIT_DISCOVERY_ACROSS_FILESYSTEM not set).
2024-02-18 06:26:34.861 [info] > git rev-parse --show-toplevel [13ms]
2024-02-18 06:26:34.972 [info] fatal: not a git repository (or any parent up to mount point /)
Stopping at filesystem boundary (GIT_DISCOVERY_ACROSS_FILESYSTEM not set).
2024-02-18 06:26:36.667 [info] > git rev-parse --show-toplevel [27ms]
2024-02-18 06:26:36.668 [info] fatal: not a git repository (or any parent up to mount point /)
Stopping at filesystem boundary (GIT_DISCOVERY_ACROSS_FILESYSTEM not set).
2024-02-18 06:26:37.441 [info] > git rev-parse --show-toplevel [14ms]
2024-02-18 06:26:37.441 [info] fatal: not a git repository (or any parent up to mount point /)
Stopping at filesystem boundary (GIT_DISCOVERY_ACROSS_FILESYSTEM not set).
2024-02-18 06:27:13.514 [info] > git rev-parse --show-toplevel [14ms]
2024-02-18 06:27:13.600 [info] fatal: not a git repository (or any parent up to mount point /)
Stopping at filesystem boundary (GIT_DISCOVERY_ACROSS_FILESYSTEM not set).
2024-02-18 06:30:00.112 [info] > git rev-parse --show-toplevel [14ms]
2024-02-18 06:30:00.113 [info] fatal: not a git repository (or any parent up to mount point /)
Stopping at filesystem boundary (GIT_DISCOVERY_ACROSS_FILESYSTEM not set).
2024-02-18 06:35:08.022 [info] > git rev-parse --show-toplevel [15ms]
2024-02-18 06:35:08.034 [info] fatal: not a git repository (or any parent up to mount point /)
Stopping at filesystem boundary (GIT_DISCOVERY_ACROSS_FILESYSTEM not set).
2024-02-18 06:35:21.641 [info] > git rev-parse --show-toplevel [13ms]
2024-02-18 06:35:21.642 [info] fatal: not a git repository (or any parent up to mount point /)
Stopping at filesystem boundary (GIT_DISCOVERY_ACROSS_FILESYSTEM not set).
2024-02-18 06:38:58.340 [info] > git rev-parse --show-toplevel [10ms]
2024-02-18 06:38:58.391 [info] fatal: not a git repository (or any parent up to mount point /)
Stopping at filesystem boundary (GIT_DISCOVERY_ACROSS_FILESYSTEM not set).
2024-02-18 06:39:18.871 [info] > git rev-parse --show-toplevel [22ms]
2024-02-18 06:39:18.872 [info] fatal: not a git repository (or any parent up to mount point /)
Stopping at filesystem boundary (GIT_DISCOVERY_ACROSS_FILESYSTEM not set).
2024-02-18 06:40:27.583 [info] > git rev-parse --show-toplevel [122ms]
2024-02-18 06:40:27.595 [info] fatal: not a git repository (or any parent up to mount point /)
Stopping at filesystem boundary (GIT_DISCOVERY_ACROSS_FILESYSTEM not set).
2024-02-18 06:43:38.413 [info] > git rev-parse --show-toplevel [109ms]
2024-02-18 06:43:38.428 [info] fatal: not a git repository (or any parent up to mount point /)
Stopping at filesystem boundary (GIT_DISCOVERY_ACROSS_FILESYSTEM not set).
2024-02-18 06:44:30.550 [info] > git rev-parse --show-toplevel [15ms]
2024-02-18 06:44:30.551 [info] fatal: not a git repository (or any parent up to mount point /)
Stopping at filesystem boundary (GIT_DISCOVERY_ACROSS_FILESYSTEM not set).
2024-02-18 06:44:32.232 [info] > git rev-parse --show-toplevel [10ms]
2024-02-18 06:44:32.233 [info] fatal: not a git repository (or any parent up to mount point /)
Stopping at filesystem boundary (GIT_DISCOVERY_ACROSS_FILESYSTEM not set).
2024-02-18 06:59:33.778 [info] > git rev-parse --show-toplevel [20ms]
2024-02-18 06:59:33.789 [info] fatal: not a git repository (or any parent up to mount point /)
Stopping at filesystem boundary (GIT_DISCOVERY_ACROSS_FILESYSTEM not set).
2024-02-18 06:59:35.341 [info] > git rev-parse --show-toplevel [11ms]
2024-02-18 06:59:35.341 [info] fatal: not a git repository (or any parent up to mount point /)
Stopping at filesystem boundary (GIT_DISCOVERY_ACROSS_FILESYSTEM not set).
2024-02-18 06:59:54.786 [info] > git rev-parse --show-toplevel [8ms]
2024-02-18 06:59:54.831 [info] fatal: not a git repository (or any parent up to mount point /)
Stopping at filesystem boundary (GIT_DISCOVERY_ACROSS_FILESYSTEM not set).
2024-02-18 07:01:50.073 [info] > git rev-parse --show-toplevel [121ms]
2024-02-18 07:01:50.078 [info] fatal: not a git repository (or any parent up to mount point /)
Stopping at filesystem boundary (GIT_DISCOVERY_ACROSS_FILESYSTEM not set).
2024-02-18 07:02:11.771 [info] > git rev-parse --show-toplevel [14ms]
2024-02-18 07:02:11.859 [info] fatal: not a git repository (or any parent up to mount point /)
Stopping at filesystem boundary (GIT_DISCOVERY_ACROSS_FILESYSTEM not set).
2024-02-18 07:03:00.780 [info] > git rev-parse --show-toplevel [8ms]
2024-02-18 07:03:00.782 [info] fatal: not a git repository (or any parent up to mount point /)
Stopping at filesystem boundary (GIT_DISCOVERY_ACROSS_FILESYSTEM not set).
2024-02-18 07:03:15.466 [info] > git rev-parse --show-toplevel [24ms]
2024-02-18 07:03:15.467 [info] fatal: not a git repository (or any parent up to mount point /)
Stopping at filesystem boundary (GIT_DISCOVERY_ACROSS_FILESYSTEM not set).
2024-02-18 07:21:25.896 [info] > git rev-parse --show-toplevel [6ms]
2024-02-18 07:21:25.909 [info] fatal: not a git repository (or any parent up to mount point /)
Stopping at filesystem boundary (GIT_DISCOVERY_ACROSS_FILESYSTEM not set).
2024-02-18 07:46:32.199 [info] > git rev-parse --show-toplevel [21ms]
2024-02-18 07:46:32.231 [info] fatal: not a git repository (or any parent up to mount point /)
Stopping at filesystem boundary (GIT_DISCOVERY_ACROSS_FILESYSTEM not set).
2024-02-18 07:46:34.551 [info] > git rev-parse --show-toplevel [15ms]
2024-02-18 07:46:34.551 [info] fatal: not a git repository (or any parent up to mount point /)
Stopping at filesystem boundary (GIT_DISCOVERY_ACROSS_FILESYSTEM not set).
2024-02-18 07:52:35.365 [info] > git rev-parse --show-toplevel [112ms]
2024-02-18 07:52:35.407 [info] fatal: not a git repository (or any parent up to mount point /)
Stopping at filesystem boundary (GIT_DISCOVERY_ACROSS_FILESYSTEM not set).
2024-02-18 07:53:56.667 [info] > git rev-parse --show-toplevel [19ms]
2024-02-18 07:53:56.667 [info] fatal: not a git repository (or any parent up to mount point /)
Stopping at filesystem boundary (GIT_DISCOVERY_ACROSS_FILESYSTEM not set).
2024-02-18 07:55:42.659 [info] > git rev-parse --show-toplevel [93ms]
2024-02-18 07:55:42.677 [info] fatal: not a git repository (or any parent up to mount point /)
Stopping at filesystem boundary (GIT_DISCOVERY_ACROSS_FILESYSTEM not set).
2024-02-18 07:56:37.506 [info] > git rev-parse --show-toplevel [18ms]
2024-02-18 07:56:37.507 [info] fatal: not a git repository (or any parent up to mount point /)
Stopping at filesystem boundary (GIT_DISCOVERY_ACROSS_FILESYSTEM not set).
2024-02-18 07:56:42.106 [info] > git rev-parse --show-toplevel [19ms]
2024-02-18 07:56:42.107 [info] fatal: not a git repository (or any parent up to mount point /)
Stopping at filesystem boundary (GIT_DISCOVERY_ACROSS_FILESYSTEM not set).
2024-02-18 07:57:00.992 [info] > git rev-parse --show-toplevel [14ms]
2024-02-18 07:57:00.993 [info] fatal: not a git repository (or any parent up to mount point /)
Stopping at filesystem boundary (GIT_DISCOVERY_ACROSS_FILESYSTEM not set).
2024-02-18 09:51:43.099 [info] > git rev-parse --show-toplevel [17ms]
2024-02-18 09:51:43.113 [info] fatal: not a git repository (or any parent up to mount point /)
Stopping at filesystem boundary (GIT_DISCOVERY_ACROSS_FILESYSTEM not set).
2024-02-18 09:52:15.922 [info] > git rev-parse --show-toplevel [15ms]
2024-02-18 09:52:15.932 [info] fatal: not a git repository (or any parent up to mount point /)
Stopping at filesystem boundary (GIT_DISCOVERY_ACROSS_FILESYSTEM not set).
2024-02-18 09:55:20.758 [info] > git rev-parse --show-toplevel [25ms]
2024-02-18 09:55:20.762 [info] fatal: not a git repository (or any parent up to mount point /)
Stopping at filesystem boundary (GIT_DISCOVERY_ACROSS_FILESYSTEM not set).
2024-02-18 09:57:17.592 [info] > git rev-parse --show-toplevel [12ms]
2024-02-18 09:57:17.652 [info] fatal: not a git repository (or any parent up to mount point /)
Stopping at filesystem boundary (GIT_DISCOVERY_ACROSS_FILESYSTEM not set).
2024-02-18 09:57:18.129 [info] > git rev-parse --show-toplevel [22ms]
2024-02-18 09:57:18.129 [info] fatal: not a git repository (or any parent up to mount point /)
Stopping at filesystem boundary (GIT_DISCOVERY_ACROSS_FILESYSTEM not set).
2024-02-18 09:57:29.103 [info] > git rev-parse --show-toplevel [8ms]
2024-02-18 09:57:29.104 [info] fatal: not a git repository (or any parent up to mount point /)
Stopping at filesystem boundary (GIT_DISCOVERY_ACROSS_FILESYSTEM not set).
2024-02-18 10:05:20.569 [info] > git rev-parse --show-toplevel [89ms]
2024-02-18 10:05:20.582 [info] fatal: not a git repository (or any parent up to mount point /)
Stopping at filesystem boundary (GIT_DISCOVERY_ACROSS_FILESYSTEM not set).
2024-02-18 10:10:38.343 [info] > git rev-parse --show-toplevel [12ms]
2024-02-18 10:10:38.353 [info] fatal: not a git repository (or any parent up to mount point /)
Stopping at filesystem boundary (GIT_DISCOVERY_ACROSS_FILESYSTEM not set).
2024-02-18 10:10:47.764 [info] > git rev-parse --show-toplevel [11ms]
2024-02-18 10:10:47.766 [info] fatal: not a git repository (or any parent up to mount point /)
Stopping at filesystem boundary (GIT_DISCOVERY_ACROSS_FILESYSTEM not set).
2024-02-18 10:10:52.987 [info] > git rev-parse --show-toplevel [38ms]
2024-02-18 10:10:52.987 [info] fatal: not a git repository (or any parent up to mount point /)
Stopping at filesystem boundary (GIT_DISCOVERY_ACROSS_FILESYSTEM not set).
2024-02-18 10:11:46.656 [info] > git rev-parse --show-toplevel [27ms]
2024-02-18 10:11:46.657 [info] fatal: not a git repository (or any parent up to mount point /)
Stopping at filesystem boundary (GIT_DISCOVERY_ACROSS_FILESYSTEM not set).
2024-02-18 10:11:57.847 [info] > git rev-parse --show-toplevel [18ms]
2024-02-18 10:11:57.847 [info] fatal: not a git repository (or any parent up to mount point /)
Stopping at filesystem boundary (GIT_DISCOVERY_ACROSS_FILESYSTEM not set).
2024-02-18 10:12:02.735 [info] > git rev-parse --show-toplevel [37ms]
2024-02-18 10:12:02.747 [info] fatal: not a git repository (or any parent up to mount point /)
Stopping at filesystem boundary (GIT_DISCOVERY_ACROSS_FILESYSTEM not set).
2024-02-18 10:12:08.758 [info] > git rev-parse --show-toplevel [20ms]
2024-02-18 10:12:08.759 [info] fatal: not a git repository (or any parent up to mount point /)
Stopping at filesystem boundary (GIT_DISCOVERY_ACROSS_FILESYSTEM not set).
2024-02-18 10:12:13.421 [info] > git rev-parse --show-toplevel [15ms]
2024-02-18 10:12:13.421 [info] fatal: not a git repository (or any parent up to mount point /)
Stopping at filesystem boundary (GIT_DISCOVERY_ACROSS_FILESYSTEM not set).
2024-02-18 10:17:53.337 [info] > git rev-parse --show-toplevel [158ms]
2024-02-18 10:17:53.351 [info] fatal: not a git repository (or any parent up to mount point /)
Stopping at filesystem boundary (GIT_DISCOVERY_ACROSS_FILESYSTEM not set).
2024-02-18 10:28:18.408 [info] > git rev-parse --show-toplevel [123ms]
2024-02-18 10:28:18.414 [info] fatal: not a git repository (or any parent up to mount point /)
Stopping at filesystem boundary (GIT_DISCOVERY_ACROSS_FILESYSTEM not set).
2024-02-18 10:28:21.687 [info] > git rev-parse --show-toplevel [11ms]
2024-02-18 10:28:21.687 [info] fatal: not a git repository (or any parent up to mount point /)
Stopping at filesystem boundary (GIT_DISCOVERY_ACROSS_FILESYSTEM not set).
2024-02-18 10:29:02.825 [info] > git rev-parse --show-toplevel [21ms]
2024-02-18 10:29:02.837 [info] fatal: not a git repository (or any parent up to mount point /)
Stopping at filesystem boundary (GIT_DISCOVERY_ACROSS_FILESYSTEM not set).
2024-02-18 10:31:00.194 [info] > git rev-parse --show-toplevel [10ms]
2024-02-18 10:31:00.199 [info] fatal: not a git repository (or any parent up to mount point /)
Stopping at filesystem boundary (GIT_DISCOVERY_ACROSS_FILESYSTEM not set).
2024-02-18 10:31:27.240 [info] > git rev-parse --show-toplevel [15ms]
2024-02-18 10:31:27.240 [info] fatal: not a git repository (or any parent up to mount point /)
Stopping at filesystem boundary (GIT_DISCOVERY_ACROSS_FILESYSTEM not set).
2024-02-18 10:31:30.449 [info] > git rev-parse --show-toplevel [16ms]
2024-02-18 10:31:30.450 [info] fatal: not a git repository (or any parent up to mount point /)
Stopping at filesystem boundary (GIT_DISCOVERY_ACROSS_FILESYSTEM not set).
2024-02-18 10:31:31.740 [info] > git rev-parse --show-toplevel [16ms]
2024-02-18 10:31:31.741 [info] fatal: not a git repository (or any parent up to mount point /)
Stopping at filesystem boundary (GIT_DISCOVERY_ACROSS_FILESYSTEM not set).
2024-02-18 10:31:32.642 [info] > git rev-parse --show-toplevel [26ms]
2024-02-18 10:31:32.643 [info] fatal: not a git repository (or any parent up to mount point /)
Stopping at filesystem boundary (GIT_DISCOVERY_ACROSS_FILESYSTEM not set).
2024-02-18 10:36:17.487 [info] > git rev-parse --show-toplevel [137ms]
2024-02-18 10:36:17.489 [info] fatal: not a git repository (or any parent up to mount point /)
Stopping at filesystem boundary (GIT_DISCOVERY_ACROSS_FILESYSTEM not set).
2024-02-18 10:36:26.746 [info] > git rev-parse --show-toplevel [11ms]
2024-02-18 10:36:26.747 [info] fatal: not a git repository (or any parent up to mount point /)
Stopping at filesystem boundary (GIT_DISCOVERY_ACROSS_FILESYSTEM not set).
2024-02-18 10:39:18.055 [info] > git rev-parse --show-toplevel [91ms]
2024-02-18 10:39:18.067 [info] fatal: not a git repository (or any parent up to mount point /)
Stopping at filesystem boundary (GIT_DISCOVERY_ACROSS_FILESYSTEM not set).
2024-02-18 10:39:26.064 [info] > git rev-parse --show-toplevel [14ms]
2024-02-18 10:39:26.065 [info] fatal: not a git repository (or any parent up to mount point /)
Stopping at filesystem boundary (GIT_DISCOVERY_ACROSS_FILESYSTEM not set).
2024-02-18 10:40:04.131 [info] > git rev-parse --show-toplevel [8ms]
2024-02-18 10:40:04.132 [info] fatal: not a git repository (or any parent up to mount point /)
Stopping at filesystem boundary (GIT_DISCOVERY_ACROSS_FILESYSTEM not set).
2024-02-18 10:40:23.606 [info] > git rev-parse --show-toplevel [108ms]
2024-02-18 10:40:23.607 [info] fatal: not a git repository (or any parent up to mount point /)
Stopping at filesystem boundary (GIT_DISCOVERY_ACROSS_FILESYSTEM not set).
2024-02-18 10:40:30.457 [info] > git rev-parse --show-toplevel [19ms]
2024-02-18 10:40:30.458 [info] fatal: not a git repository (or any parent up to mount point /)
Stopping at filesystem boundary (GIT_DISCOVERY_ACROSS_FILESYSTEM not set).
2024-02-18 10:40:40.167 [info] > git rev-parse --show-toplevel [24ms]
2024-02-18 10:40:40.168 [info] fatal: not a git repository (or any parent up to mount point /)
Stopping at filesystem boundary (GIT_DISCOVERY_ACROSS_FILESYSTEM not set).
2024-02-18 10:40:59.512 [info] > git rev-parse --show-toplevel [94ms]
2024-02-18 10:40:59.512 [info] fatal: not a git repository (or any parent up to mount point /)
Stopping at filesystem boundary (GIT_DISCOVERY_ACROSS_FILESYSTEM not set).
2024-02-18 10:41:04.874 [info] > git rev-parse --show-toplevel [15ms]
2024-02-18 10:41:04.875 [info] fatal: not a git repository (or any parent up to mount point /)
Stopping at filesystem boundary (GIT_DISCOVERY_ACROSS_FILESYSTEM not set).
2024-02-18 10:41:08.284 [info] > git rev-parse --show-toplevel [173ms]
2024-02-18 10:41:08.285 [info] fatal: not a git repository (or any parent up to mount point /)
Stopping at filesystem boundary (GIT_DISCOVERY_ACROSS_FILESYSTEM not set).
2024-02-18 10:42:01.102 [info] > git rev-parse --show-toplevel [20ms]
2024-02-18 10:42:01.103 [info] fatal: not a git repository (or any parent up to mount point /)
Stopping at filesystem boundary (GIT_DISCOVERY_ACROSS_FILESYSTEM not set).
2024-02-18 10:46:38.807 [info] > git rev-parse --show-toplevel [22ms]
2024-02-18 10:46:38.810 [info] fatal: not a git repository (or any parent up to mount point /)
Stopping at filesystem boundary (GIT_DISCOVERY_ACROSS_FILESYSTEM not set).
2024-02-18 10:46:39.829 [info] > git rev-parse --show-toplevel [59ms]
2024-02-18 10:46:39.830 [info] fatal: not a git repository (or any parent up to mount point /)
Stopping at filesystem boundary (GIT_DISCOVERY_ACROSS_FILESYSTEM not set).
2024-02-18 10:47:58.530 [info] > git rev-parse --show-toplevel [11ms]
2024-02-18 10:47:58.535 [info] fatal: not a git repository (or any parent up to mount point /)
Stopping at filesystem boundary (GIT_DISCOVERY_ACROSS_FILESYSTEM not set).
2024-02-18 10:49:56.166 [info] > git rev-parse --show-toplevel [27ms]
2024-02-18 10:49:56.168 [info] fatal: not a git repository (or any parent up to mount point /)
Stopping at filesystem boundary (GIT_DISCOVERY_ACROSS_FILESYSTEM not set).
2024-02-18 10:51:53.524 [info] > git rev-parse --show-toplevel [26ms]
2024-02-18 10:51:53.535 [info] fatal: not a git repository (or any parent up to mount point /)
Stopping at filesystem boundary (GIT_DISCOVERY_ACROSS_FILESYSTEM not set).
2024-02-18 10:52:08.423 [info] > git rev-parse --show-toplevel [22ms]
2024-02-18 10:52:08.425 [info] fatal: not a git repository (or any parent up to mount point /)
Stopping at filesystem boundary (GIT_DISCOVERY_ACROSS_FILESYSTEM not set).
2024-02-18 10:52:36.199 [info] > git rev-parse --show-toplevel [22ms]
2024-02-18 10:52:36.318 [info] fatal: not a git repository (or any parent up to mount point /)
Stopping at filesystem boundary (GIT_DISCOVERY_ACROSS_FILESYSTEM not set).
2024-02-18 10:52:47.878 [info] > git rev-parse --show-toplevel [13ms]
2024-02-18 10:52:47.878 [info] fatal: not a git repository (or any parent up to mount point /)
Stopping at filesystem boundary (GIT_DISCOVERY_ACROSS_FILESYSTEM not set).
2024-02-18 10:53:12.508 [info] > git rev-parse --show-toplevel [9ms]
2024-02-18 10:53:12.510 [info] fatal: not a git repository (or any parent up to mount point /)
Stopping at filesystem boundary (GIT_DISCOVERY_ACROSS_FILESYSTEM not set).
2024-02-18 10:53:18.676 [info] > git rev-parse --show-toplevel [15ms]
2024-02-18 10:53:18.676 [info] fatal: not a git repository (or any parent up to mount point /)
Stopping at filesystem boundary (GIT_DISCOVERY_ACROSS_FILESYSTEM not set).
2024-02-18 10:53:32.385 [info] > git rev-parse --show-toplevel [28ms]
2024-02-18 10:53:32.386 [info] fatal: not a git repository (or any parent up to mount point /)
Stopping at filesystem boundary (GIT_DISCOVERY_ACROSS_FILESYSTEM not set).
2024-02-18 10:53:56.782 [info] > git rev-parse --show-toplevel [22ms]
2024-02-18 10:53:56.783 [info] fatal: not a git repository (or any parent up to mount point /)
Stopping at filesystem boundary (GIT_DISCOVERY_ACROSS_FILESYSTEM not set).
2024-02-18 10:55:10.830 [info] > git rev-parse --show-toplevel [65ms]
2024-02-18 10:55:10.835 [info] fatal: not a git repository (or any parent up to mount point /)
Stopping at filesystem boundary (GIT_DISCOVERY_ACROSS_FILESYSTEM not set).
2024-02-18 10:58:08.224 [info] > git rev-parse --show-toplevel [10ms]
2024-02-18 10:58:08.236 [info] fatal: not a git repository (or any parent up to mount point /)
Stopping at filesystem boundary (GIT_DISCOVERY_ACROSS_FILESYSTEM not set).
2024-02-18 10:59:18.715 [info] > git rev-parse --show-toplevel [23ms]
2024-02-18 10:59:18.796 [info] fatal: not a git repository (or any parent up to mount point /)
Stopping at filesystem boundary (GIT_DISCOVERY_ACROSS_FILESYSTEM not set).
2024-02-18 11:01:18.049 [info] > git rev-parse --show-toplevel [13ms]
2024-02-18 11:01:18.106 [info] fatal: not a git repository (or any parent up to mount point /)
Stopping at filesystem boundary (GIT_DISCOVERY_ACROSS_FILESYSTEM not set).
2024-02-18 11:01:34.568 [info] > git rev-parse --show-toplevel [21ms]
2024-02-18 11:01:34.568 [info] fatal: not a git repository (or any parent up to mount point /)
Stopping at filesystem boundary (GIT_DISCOVERY_ACROSS_FILESYSTEM not set).
2024-02-18 11:01:44.219 [info] > git rev-parse --show-toplevel [12ms]
2024-02-18 11:01:44.220 [info] fatal: not a git repository (or any parent up to mount point /)
Stopping at filesystem boundary (GIT_DISCOVERY_ACROSS_FILESYSTEM not set).
2024-02-18 11:06:25.929 [info] > git rev-parse --show-toplevel [31ms]
2024-02-18 11:06:25.970 [info] fatal: not a git repository (or any parent up to mount point /)
Stopping at filesystem boundary (GIT_DISCOVERY_ACROSS_FILESYSTEM not set).
2024-02-18 13:34:32.477 [info] > git rev-parse --show-toplevel [13ms]
2024-02-18 13:34:32.478 [info] fatal: not a git repository (or any parent up to mount point /)
Stopping at filesystem boundary (GIT_DISCOVERY_ACROSS_FILESYSTEM not set).
2024-02-18 13:35:07.917 [info] > git rev-parse --show-toplevel [14ms]
2024-02-18 13:35:07.920 [info] fatal: not a git repository (or any parent up to mount point /)
Stopping at filesystem boundary (GIT_DISCOVERY_ACROSS_FILESYSTEM not set).
2024-02-18 13:35:16.099 [info] > git rev-parse --show-toplevel [43ms]
2024-02-18 13:35:16.100 [info] fatal: not a git repository (or any parent up to mount point /)
Stopping at filesystem boundary (GIT_DISCOVERY_ACROSS_FILESYSTEM not set).
2024-02-18 13:35:39.551 [info] > git rev-parse --show-toplevel [29ms]
2024-02-18 13:35:39.561 [info] fatal: not a git repository (or any parent up to mount point /)
Stopping at filesystem boundary (GIT_DISCOVERY_ACROSS_FILESYSTEM not set).
2024-02-18 13:36:12.633 [info] > git rev-parse --show-toplevel [16ms]
2024-02-18 13:36:12.640 [info] fatal: not a git repository (or any parent up to mount point /)
Stopping at filesystem boundary (GIT_DISCOVERY_ACROSS_FILESYSTEM not set).
2024-02-18 13:42:08.854 [info] > git rev-parse --show-toplevel [11ms]
2024-02-18 13:42:08.863 [info] fatal: not a git repository (or any parent up to mount point /)
Stopping at filesystem boundary (GIT_DISCOVERY_ACROSS_FILESYSTEM not set).
2024-02-18 13:43:02.900 [info] > git rev-parse --show-toplevel [80ms]
2024-02-18 13:43:02.900 [info] fatal: not a git repository (or any parent up to mount point /)
Stopping at filesystem boundary (GIT_DISCOVERY_ACROSS_FILESYSTEM not set).
2024-02-18 13:44:55.323 [info] > git rev-parse --show-toplevel [9ms]
2024-02-18 13:44:55.324 [info] fatal: not a git repository (or any parent up to mount point /)
Stopping at filesystem boundary (GIT_DISCOVERY_ACROSS_FILESYSTEM not set).
2024-02-18 13:44:59.140 [info] > git rev-parse --show-toplevel [21ms]
2024-02-18 13:44:59.140 [info] fatal: not a git repository (or any parent up to mount point /)
Stopping at filesystem boundary (GIT_DISCOVERY_ACROSS_FILESYSTEM not set).
2024-02-18 13:45:03.224 [info] > git rev-parse --show-toplevel [26ms]
2024-02-18 13:45:03.225 [info] fatal: not a git repository (or any parent up to mount point /)
Stopping at filesystem boundary (GIT_DISCOVERY_ACROSS_FILESYSTEM not set).
2024-02-18 13:45:10.811 [info] > git rev-parse --show-toplevel [64ms]
2024-02-18 13:45:10.812 [info] fatal: not a git repository (or any parent up to mount point /)
Stopping at filesystem boundary (GIT_DISCOVERY_ACROSS_FILESYSTEM not set).
2024-02-18 13:45:53.641 [info] > git rev-parse --show-toplevel [40ms]
2024-02-18 13:45:53.650 [info] fatal: not a git repository (or any parent up to mount point /)
Stopping at filesystem boundary (GIT_DISCOVERY_ACROSS_FILESYSTEM not set).
