2024-02-12 04:14:13.239 [info] (Client) Pylance async client (2024.2.1) started with python extension (2024.0.1)
2024-02-12 04:14:16.347 [info] [Info  - 4:14:15 AM] (20478) Pylance language server 2024.2.1 (pyright version 1.1.348, commit cfb1de0c) starting
2024-02-12 04:14:16.362 [info] [Info  - 4:14:16 AM] (20478) Server root directory: file:///root/.vscode-server/extensions/ms-python.vscode-pylance-2024.2.1/dist
2024-02-12 04:14:16.371 [info] [Info  - 4:14:16 AM] (20478) Starting service instance "root"
2024-02-12 04:14:16.715 [info] [Info  - 4:14:16 AM] (20478) Setting pythonPath for service "root": "/usr/local/bin/python3"
2024-02-12 04:14:16.717 [info] [Info  - 4:14:16 AM] (20478) Setting environmentName for service "root": "3.11.7 (グローバル)"
2024-02-12 04:14:16.837 [info] [Info  - 4:14:16 AM] (20478) Assuming Python version 3.11
2024-02-12 04:14:18.030 [info] [Info  - 4:14:18 AM] (20478) Found 26 source files
2024-02-12 04:14:19.068 [info] [Info  - 4:14:19 AM] (20478) Background analysis(1) root directory: file:///root/.vscode-server/extensions/ms-python.vscode-pylance-2024.2.1/dist
2024-02-12 04:14:19.075 [info] [Info  - 4:14:19 AM] (20478) Background analysis(1) started
2024-02-12 04:14:19.438 [info] [Info  - 4:14:19 AM] (20478) Indexer background runner(2) root directory: file:///root/.vscode-server/extensions/ms-python.vscode-pylance-2024.2.1/dist (index)
2024-02-12 04:14:19.447 [info] [Info  - 4:14:19 AM] (20478) Indexing(2) started
2024-02-12 04:14:23.891 [info] [Info  - 4:14:23 AM] (20478) [BG(1)] Long operation: getSemanticTokens range 0:0 - 31:0 at file:///root/config/urls.py (4862ms)
2024-02-12 04:14:26.620 [info] [Info  - 4:14:26 AM] (20478) [IDX(2)] Long operation: scan packages file:///root (7140ms)
2024-02-12 04:14:26.620 [info] [Info  - 4:14:26 AM] (20478) scanned(2) 41 files over 1 exec env
2024-02-12 04:14:27.900 [info] [Info  - 4:14:27 AM] (20478) indexed(2) 28 files over 1 exec env
2024-02-12 04:14:27.985 [info] [Info  - 4:14:27 AM] (20478) Indexing finished(2).
2024-02-12 04:55:18.198 [info] [Info  - 4:55:17 AM] (20478) Found 27 source files
2024-02-12 04:55:37.561 [info] [Info  - 4:55:37 AM] (20478) Found 27 source files
2024-02-12 05:28:05.528 [info] [Info  - 5:28:05 AM] (20478) Found 28 source files
2024-02-12 07:14:21.782 [info] [Info  - 7:14:21 AM] (20478) Found 29 source files
