2024-02-15 12:24:32.861 [info] ログ レベル: Info
2024-02-15 12:24:32.862 [info] Git の検証が検出されました: "git"
2024-02-15 12:24:32.862 [info] "git" から Git "2.39.2" を使用しています
2024-02-15 12:24:32.863 [info] > git rev-parse --show-toplevel [195ms]
2024-02-15 12:24:32.863 [info] fatal: not a git repository (or any parent up to mount point /)
Stopping at filesystem boundary (GIT_DISCOVERY_ACROSS_FILESYSTEM not set).
2024-02-15 12:24:32.864 [info] > git rev-parse --show-toplevel [38ms]
2024-02-15 12:24:32.864 [info] fatal: not a git repository (or any parent up to mount point /)
Stopping at filesystem boundary (GIT_DISCOVERY_ACROSS_FILESYSTEM not set).
2024-02-15 12:24:32.890 [info] > git rev-parse --show-toplevel [30ms]
2024-02-15 12:24:32.891 [info] fatal: not a git repository (or any parent up to mount point /)
Stopping at filesystem boundary (GIT_DISCOVERY_ACROSS_FILESYSTEM not set).
2024-02-15 12:24:32.919 [info] > git rev-parse --show-toplevel [10ms]
2024-02-15 12:24:32.920 [info] fatal: not a git repository (or any parent up to mount point /)
Stopping at filesystem boundary (GIT_DISCOVERY_ACROSS_FILESYSTEM not set).
2024-02-15 12:24:33.167 [info] > git rev-parse --show-toplevel [229ms]
2024-02-15 12:24:33.169 [info] fatal: not a git repository (or any parent up to mount point /)
Stopping at filesystem boundary (GIT_DISCOVERY_ACROSS_FILESYSTEM not set).
2024-02-15 12:24:33.243 [info] > git rev-parse --show-toplevel [45ms]
2024-02-15 12:24:33.244 [info] fatal: not a git repository (or any parent up to mount point /)
Stopping at filesystem boundary (GIT_DISCOVERY_ACROSS_FILESYSTEM not set).
2024-02-15 12:24:33.275 [info] > git rev-parse --show-toplevel [16ms]
2024-02-15 12:24:33.276 [info] fatal: not a git repository (or any parent up to mount point /)
Stopping at filesystem boundary (GIT_DISCOVERY_ACROSS_FILESYSTEM not set).
2024-02-15 12:24:33.302 [info] > git rev-parse --show-toplevel [9ms]
2024-02-15 12:24:33.303 [info] fatal: not a git repository (or any parent up to mount point /)
Stopping at filesystem boundary (GIT_DISCOVERY_ACROSS_FILESYSTEM not set).
2024-02-15 12:24:33.335 [info] > git rev-parse --show-toplevel [14ms]
2024-02-15 12:24:33.336 [info] fatal: not a git repository (or any parent up to mount point /)
Stopping at filesystem boundary (GIT_DISCOVERY_ACROSS_FILESYSTEM not set).
2024-02-15 12:24:33.367 [info] > git rev-parse --show-toplevel [11ms]
2024-02-15 12:24:33.368 [info] fatal: not a git repository (or any parent up to mount point /)
Stopping at filesystem boundary (GIT_DISCOVERY_ACROSS_FILESYSTEM not set).
2024-02-15 12:24:33.405 [info] > git rev-parse --show-toplevel [8ms]
2024-02-15 12:24:33.405 [info] fatal: not a git repository (or any parent up to mount point /)
Stopping at filesystem boundary (GIT_DISCOVERY_ACROSS_FILESYSTEM not set).
2024-02-15 12:24:33.456 [info] > git rev-parse --show-toplevel [31ms]
2024-02-15 12:24:33.456 [info] fatal: not a git repository (or any parent up to mount point /)
Stopping at filesystem boundary (GIT_DISCOVERY_ACROSS_FILESYSTEM not set).
2024-02-15 12:24:33.495 [info] > git rev-parse --show-toplevel [17ms]
2024-02-15 12:24:33.496 [info] fatal: not a git repository (or any parent up to mount point /)
Stopping at filesystem boundary (GIT_DISCOVERY_ACROSS_FILESYSTEM not set).
2024-02-15 12:24:33.636 [info] > git rev-parse --show-toplevel [122ms]
2024-02-15 12:24:33.636 [info] fatal: not a git repository (or any parent up to mount point /)
Stopping at filesystem boundary (GIT_DISCOVERY_ACROSS_FILESYSTEM not set).
2024-02-15 12:24:33.668 [info] > git rev-parse --show-toplevel [13ms]
2024-02-15 12:24:33.668 [info] fatal: not a git repository (or any parent up to mount point /)
Stopping at filesystem boundary (GIT_DISCOVERY_ACROSS_FILESYSTEM not set).
2024-02-15 12:25:25.242 [info] > git rev-parse --show-toplevel [9ms]
2024-02-15 12:25:25.243 [info] fatal: not a git repository (or any parent up to mount point /)
Stopping at filesystem boundary (GIT_DISCOVERY_ACROSS_FILESYSTEM not set).
2024-02-15 12:25:30.391 [info] > git rev-parse --show-toplevel [11ms]
2024-02-15 12:25:30.391 [info] fatal: not a git repository (or any parent up to mount point /)
Stopping at filesystem boundary (GIT_DISCOVERY_ACROSS_FILESYSTEM not set).
2024-02-15 12:25:37.579 [info] > git rev-parse --show-toplevel [18ms]
2024-02-15 12:25:37.580 [info] fatal: not a git repository (or any parent up to mount point /)
Stopping at filesystem boundary (GIT_DISCOVERY_ACROSS_FILESYSTEM not set).
2024-02-15 12:25:44.107 [info] > git rev-parse --show-toplevel [16ms]
2024-02-15 12:25:44.108 [info] fatal: not a git repository (or any parent up to mount point /)
Stopping at filesystem boundary (GIT_DISCOVERY_ACROSS_FILESYSTEM not set).
2024-02-15 12:25:58.570 [info] > git rev-parse --show-toplevel [9ms]
2024-02-15 12:25:58.571 [info] fatal: not a git repository (or any parent up to mount point /)
Stopping at filesystem boundary (GIT_DISCOVERY_ACROSS_FILESYSTEM not set).
2024-02-15 12:26:07.610 [info] > git rev-parse --show-toplevel [102ms]
2024-02-15 12:26:07.610 [info] fatal: not a git repository (or any parent up to mount point /)
Stopping at filesystem boundary (GIT_DISCOVERY_ACROSS_FILESYSTEM not set).
2024-02-15 12:26:22.069 [info] > git rev-parse --show-toplevel [11ms]
2024-02-15 12:26:22.070 [info] fatal: not a git repository (or any parent up to mount point /)
Stopping at filesystem boundary (GIT_DISCOVERY_ACROSS_FILESYSTEM not set).
2024-02-15 12:27:22.446 [info] > git rev-parse --show-toplevel [9ms]
2024-02-15 12:27:22.453 [info] fatal: not a git repository (or any parent up to mount point /)
Stopping at filesystem boundary (GIT_DISCOVERY_ACROSS_FILESYSTEM not set).
2024-02-15 12:30:14.581 [info] > git rev-parse --show-toplevel [91ms]
2024-02-15 12:30:14.611 [info] fatal: not a git repository (or any parent up to mount point /)
Stopping at filesystem boundary (GIT_DISCOVERY_ACROSS_FILESYSTEM not set).
2024-02-15 12:31:11.775 [info] > git rev-parse --show-toplevel [22ms]
2024-02-15 12:31:11.789 [info] fatal: not a git repository (or any parent up to mount point /)
Stopping at filesystem boundary (GIT_DISCOVERY_ACROSS_FILESYSTEM not set).
2024-02-15 12:31:51.910 [info] > git rev-parse --show-toplevel [10ms]
2024-02-15 12:31:51.918 [info] fatal: not a git repository (or any parent up to mount point /)
Stopping at filesystem boundary (GIT_DISCOVERY_ACROSS_FILESYSTEM not set).
2024-02-15 12:31:53.436 [info] > git rev-parse --show-toplevel [17ms]
2024-02-15 12:31:53.436 [info] fatal: not a git repository (or any parent up to mount point /)
Stopping at filesystem boundary (GIT_DISCOVERY_ACROSS_FILESYSTEM not set).
2024-02-15 12:31:54.699 [info] > git rev-parse --show-toplevel [15ms]
2024-02-15 12:31:54.699 [info] fatal: not a git repository (or any parent up to mount point /)
Stopping at filesystem boundary (GIT_DISCOVERY_ACROSS_FILESYSTEM not set).
2024-02-15 12:31:55.775 [info] > git rev-parse --show-toplevel [15ms]
2024-02-15 12:31:55.776 [info] fatal: not a git repository (or any parent up to mount point /)
Stopping at filesystem boundary (GIT_DISCOVERY_ACROSS_FILESYSTEM not set).
2024-02-15 12:32:00.174 [info] > git rev-parse --show-toplevel [9ms]
2024-02-15 12:32:00.186 [info] fatal: not a git repository (or any parent up to mount point /)
Stopping at filesystem boundary (GIT_DISCOVERY_ACROSS_FILESYSTEM not set).
2024-02-15 12:32:57.419 [info] > git rev-parse --show-toplevel [9ms]
2024-02-15 12:32:57.520 [info] fatal: not a git repository (or any parent up to mount point /)
Stopping at filesystem boundary (GIT_DISCOVERY_ACROSS_FILESYSTEM not set).
2024-02-15 12:33:13.532 [info] > git rev-parse --show-toplevel [13ms]
2024-02-15 12:33:13.544 [info] fatal: not a git repository (or any parent up to mount point /)
Stopping at filesystem boundary (GIT_DISCOVERY_ACROSS_FILESYSTEM not set).
2024-02-15 12:34:09.944 [info] > git rev-parse --show-toplevel [12ms]
2024-02-15 12:34:09.956 [info] fatal: not a git repository (or any parent up to mount point /)
Stopping at filesystem boundary (GIT_DISCOVERY_ACROSS_FILESYSTEM not set).
2024-02-15 12:35:27.502 [info] > git rev-parse --show-toplevel [25ms]
2024-02-15 12:35:27.515 [info] fatal: not a git repository (or any parent up to mount point /)
Stopping at filesystem boundary (GIT_DISCOVERY_ACROSS_FILESYSTEM not set).
2024-02-15 12:35:32.582 [info] > git rev-parse --show-toplevel [16ms]
2024-02-15 12:35:32.583 [info] fatal: not a git repository (or any parent up to mount point /)
Stopping at filesystem boundary (GIT_DISCOVERY_ACROSS_FILESYSTEM not set).
2024-02-15 12:35:39.155 [info] > git rev-parse --show-toplevel [63ms]
2024-02-15 12:35:39.172 [info] fatal: not a git repository (or any parent up to mount point /)
Stopping at filesystem boundary (GIT_DISCOVERY_ACROSS_FILESYSTEM not set).
2024-02-15 12:36:20.129 [info] > git rev-parse --show-toplevel [90ms]
2024-02-15 12:36:20.185 [info] fatal: not a git repository (or any parent up to mount point /)
Stopping at filesystem boundary (GIT_DISCOVERY_ACROSS_FILESYSTEM not set).
2024-02-15 12:37:21.155 [info] > git rev-parse --show-toplevel [13ms]
2024-02-15 12:37:21.164 [info] fatal: not a git repository (or any parent up to mount point /)
Stopping at filesystem boundary (GIT_DISCOVERY_ACROSS_FILESYSTEM not set).
2024-02-15 12:39:18.802 [info] > git rev-parse --show-toplevel [33ms]
2024-02-15 12:39:18.813 [info] fatal: not a git repository (or any parent up to mount point /)
Stopping at filesystem boundary (GIT_DISCOVERY_ACROSS_FILESYSTEM not set).
2024-02-15 12:44:03.439 [info] > git rev-parse --show-toplevel [101ms]
2024-02-15 12:44:03.456 [info] fatal: not a git repository (or any parent up to mount point /)
Stopping at filesystem boundary (GIT_DISCOVERY_ACROSS_FILESYSTEM not set).
2024-02-15 12:44:06.675 [info] > git rev-parse --show-toplevel [30ms]
2024-02-15 12:44:06.676 [info] fatal: not a git repository (or any parent up to mount point /)
Stopping at filesystem boundary (GIT_DISCOVERY_ACROSS_FILESYSTEM not set).
2024-02-15 12:44:08.088 [info] > git rev-parse --show-toplevel [10ms]
2024-02-15 12:44:08.090 [info] fatal: not a git repository (or any parent up to mount point /)
Stopping at filesystem boundary (GIT_DISCOVERY_ACROSS_FILESYSTEM not set).
2024-02-15 12:44:08.688 [info] > git rev-parse --show-toplevel [29ms]
2024-02-15 12:44:08.689 [info] fatal: not a git repository (or any parent up to mount point /)
Stopping at filesystem boundary (GIT_DISCOVERY_ACROSS_FILESYSTEM not set).
2024-02-15 12:44:10.295 [info] > git rev-parse --show-toplevel [20ms]
2024-02-15 12:44:10.299 [info] fatal: not a git repository (or any parent up to mount point /)
Stopping at filesystem boundary (GIT_DISCOVERY_ACROSS_FILESYSTEM not set).
2024-02-15 12:44:19.058 [info] > git rev-parse --show-toplevel [11ms]
2024-02-15 12:44:19.068 [info] fatal: not a git repository (or any parent up to mount point /)
Stopping at filesystem boundary (GIT_DISCOVERY_ACROSS_FILESYSTEM not set).
2024-02-15 12:44:33.499 [info] > git rev-parse --show-toplevel [105ms]
2024-02-15 12:44:33.513 [info] fatal: not a git repository (or any parent up to mount point /)
Stopping at filesystem boundary (GIT_DISCOVERY_ACROSS_FILESYSTEM not set).
2024-02-15 12:45:34.498 [info] > git rev-parse --show-toplevel [590ms]
2024-02-15 12:45:34.537 [info] fatal: not a git repository (or any parent up to mount point /)
Stopping at filesystem boundary (GIT_DISCOVERY_ACROSS_FILESYSTEM not set).
2024-02-15 12:45:34.670 [info] > git rev-parse --show-toplevel [102ms]
2024-02-15 12:45:34.670 [info] fatal: not a git repository (or any parent up to mount point /)
Stopping at filesystem boundary (GIT_DISCOVERY_ACROSS_FILESYSTEM not set).
2024-02-15 12:45:34.696 [info] > git rev-parse --show-toplevel [12ms]
2024-02-15 12:45:34.697 [info] fatal: not a git repository (or any parent up to mount point /)
Stopping at filesystem boundary (GIT_DISCOVERY_ACROSS_FILESYSTEM not set).
2024-02-15 12:47:06.185 [info] > git rev-parse --show-toplevel [14ms]
2024-02-15 12:47:06.207 [info] fatal: not a git repository (or any parent up to mount point /)
Stopping at filesystem boundary (GIT_DISCOVERY_ACROSS_FILESYSTEM not set).
2024-02-15 12:47:12.608 [info] > git rev-parse --show-toplevel [15ms]
2024-02-15 12:47:12.608 [info] fatal: not a git repository (or any parent up to mount point /)
Stopping at filesystem boundary (GIT_DISCOVERY_ACROSS_FILESYSTEM not set).
2024-02-15 12:57:26.917 [info] > git rev-parse --show-toplevel [27ms]
2024-02-15 12:57:26.922 [info] fatal: not a git repository (or any parent up to mount point /)
Stopping at filesystem boundary (GIT_DISCOVERY_ACROSS_FILESYSTEM not set).
2024-02-15 12:57:36.745 [info] > git rev-parse --show-toplevel [8ms]
2024-02-15 12:57:36.746 [info] fatal: not a git repository (or any parent up to mount point /)
Stopping at filesystem boundary (GIT_DISCOVERY_ACROSS_FILESYSTEM not set).
2024-02-15 13:03:16.474 [info] > git rev-parse --show-toplevel [27ms]
2024-02-15 13:03:16.484 [info] fatal: not a git repository (or any parent up to mount point /)
Stopping at filesystem boundary (GIT_DISCOVERY_ACROSS_FILESYSTEM not set).
2024-02-15 13:03:27.579 [info] > git rev-parse --show-toplevel [17ms]
2024-02-15 13:03:27.580 [info] fatal: not a git repository (or any parent up to mount point /)
Stopping at filesystem boundary (GIT_DISCOVERY_ACROSS_FILESYSTEM not set).
2024-02-15 13:03:33.382 [info] > git rev-parse --show-toplevel [100ms]
2024-02-15 13:03:33.382 [info] fatal: not a git repository (or any parent up to mount point /)
Stopping at filesystem boundary (GIT_DISCOVERY_ACROSS_FILESYSTEM not set).
2024-02-15 13:04:11.380 [info] > git rev-parse --show-toplevel [11ms]
2024-02-15 13:04:11.381 [info] fatal: not a git repository (or any parent up to mount point /)
Stopping at filesystem boundary (GIT_DISCOVERY_ACROSS_FILESYSTEM not set).
2024-02-15 13:04:26.544 [info] > git rev-parse --show-toplevel [28ms]
2024-02-15 13:04:26.545 [info] fatal: not a git repository (or any parent up to mount point /)
Stopping at filesystem boundary (GIT_DISCOVERY_ACROSS_FILESYSTEM not set).
2024-02-15 13:04:39.427 [info] > git rev-parse --show-toplevel [12ms]
2024-02-15 13:04:39.428 [info] fatal: not a git repository (or any parent up to mount point /)
Stopping at filesystem boundary (GIT_DISCOVERY_ACROSS_FILESYSTEM not set).
2024-02-15 13:05:05.662 [info] > git rev-parse --show-toplevel [11ms]
2024-02-15 13:05:05.689 [info] fatal: not a git repository (or any parent up to mount point /)
Stopping at filesystem boundary (GIT_DISCOVERY_ACROSS_FILESYSTEM not set).
2024-02-15 13:05:22.564 [info] > git rev-parse --show-toplevel [81ms]
2024-02-15 13:05:22.565 [info] fatal: not a git repository (or any parent up to mount point /)
Stopping at filesystem boundary (GIT_DISCOVERY_ACROSS_FILESYSTEM not set).
2024-02-15 13:05:29.642 [info] > git rev-parse --show-toplevel [22ms]
2024-02-15 13:05:29.642 [info] fatal: not a git repository (or any parent up to mount point /)
Stopping at filesystem boundary (GIT_DISCOVERY_ACROSS_FILESYSTEM not set).
2024-02-15 13:06:07.870 [info] > git rev-parse --show-toplevel [32ms]
2024-02-15 13:06:07.871 [info] fatal: not a git repository (or any parent up to mount point /)
Stopping at filesystem boundary (GIT_DISCOVERY_ACROSS_FILESYSTEM not set).
2024-02-15 13:06:09.937 [info] > git rev-parse --show-toplevel [14ms]
2024-02-15 13:06:09.938 [info] fatal: not a git repository (or any parent up to mount point /)
Stopping at filesystem boundary (GIT_DISCOVERY_ACROSS_FILESYSTEM not set).
2024-02-15 13:09:14.260 [info] > git rev-parse --show-toplevel [11ms]
2024-02-15 13:09:14.350 [info] fatal: not a git repository (or any parent up to mount point /)
Stopping at filesystem boundary (GIT_DISCOVERY_ACROSS_FILESYSTEM not set).
2024-02-15 13:11:08.721 [info] > git rev-parse --show-toplevel [10ms]
2024-02-15 13:11:08.734 [info] fatal: not a git repository (or any parent up to mount point /)
Stopping at filesystem boundary (GIT_DISCOVERY_ACROSS_FILESYSTEM not set).
2024-02-15 13:21:53.670 [info] > git rev-parse --show-toplevel [12ms]
2024-02-15 13:21:53.681 [info] fatal: not a git repository (or any parent up to mount point /)
Stopping at filesystem boundary (GIT_DISCOVERY_ACROSS_FILESYSTEM not set).
2024-02-15 13:22:33.160 [info] > git rev-parse --show-toplevel [19ms]
2024-02-15 13:22:33.172 [info] fatal: not a git repository (or any parent up to mount point /)
Stopping at filesystem boundary (GIT_DISCOVERY_ACROSS_FILESYSTEM not set).
2024-02-15 13:24:28.031 [info] > git rev-parse --show-toplevel [15ms]
2024-02-15 13:24:28.033 [info] fatal: not a git repository (or any parent up to mount point /)
Stopping at filesystem boundary (GIT_DISCOVERY_ACROSS_FILESYSTEM not set).
2024-02-15 13:35:44.793 [info] > git rev-parse --show-toplevel [6ms]
2024-02-15 13:35:44.815 [info] fatal: not a git repository (or any parent up to mount point /)
Stopping at filesystem boundary (GIT_DISCOVERY_ACROSS_FILESYSTEM not set).
2024-02-15 13:35:45.359 [info] > git rev-parse --show-toplevel [10ms]
2024-02-15 13:35:45.360 [info] fatal: not a git repository (or any parent up to mount point /)
Stopping at filesystem boundary (GIT_DISCOVERY_ACROSS_FILESYSTEM not set).
2024-02-15 13:37:44.879 [info] > git rev-parse --show-toplevel [9ms]
2024-02-15 13:37:44.906 [info] fatal: not a git repository (or any parent up to mount point /)
Stopping at filesystem boundary (GIT_DISCOVERY_ACROSS_FILESYSTEM not set).
2024-02-15 13:38:19.958 [info] > git rev-parse --show-toplevel [12ms]
2024-02-15 13:38:19.968 [info] fatal: not a git repository (or any parent up to mount point /)
Stopping at filesystem boundary (GIT_DISCOVERY_ACROSS_FILESYSTEM not set).
2024-02-15 13:39:27.595 [info] > git rev-parse --show-toplevel [15ms]
2024-02-15 13:39:27.605 [info] fatal: not a git repository (or any parent up to mount point /)
Stopping at filesystem boundary (GIT_DISCOVERY_ACROSS_FILESYSTEM not set).
2024-02-15 13:39:28.255 [info] > git rev-parse --show-toplevel [64ms]
2024-02-15 13:39:28.255 [info] fatal: not a git repository (or any parent up to mount point /)
Stopping at filesystem boundary (GIT_DISCOVERY_ACROSS_FILESYSTEM not set).
2024-02-15 13:41:00.189 [info] > git rev-parse --show-toplevel [16ms]
2024-02-15 13:41:00.199 [info] fatal: not a git repository (or any parent up to mount point /)
Stopping at filesystem boundary (GIT_DISCOVERY_ACROSS_FILESYSTEM not set).
2024-02-15 13:43:34.808 [info] > git rev-parse --show-toplevel [20ms]
2024-02-15 13:43:34.819 [info] fatal: not a git repository (or any parent up to mount point /)
Stopping at filesystem boundary (GIT_DISCOVERY_ACROSS_FILESYSTEM not set).
