2024-01-29 10:23:19.972 [info] ログ レベル: Info
2024-01-29 10:23:19.973 [info] Git の検証が検出されました: "git"
2024-01-29 10:23:19.975 [info] "git" から Git "2.39.2" を使用しています
2024-01-29 10:23:19.977 [info] > git rev-parse --show-toplevel [94ms]
2024-01-29 10:23:19.979 [info] fatal: not a git repository (or any parent up to mount point /)
Stopping at filesystem boundary (GIT_DISCOVERY_ACROSS_FILESYSTEM not set).
2024-01-29 10:23:19.985 [info] > git rev-parse --show-toplevel [107ms]
2024-01-29 10:23:19.986 [info] fatal: not a git repository (or any parent up to mount point /)
Stopping at filesystem boundary (GIT_DISCOVERY_ACROSS_FILESYSTEM not set).
2024-01-29 10:23:20.043 [info] > git rev-parse --show-toplevel [28ms]
2024-01-29 10:23:20.044 [info] fatal: not a git repository (or any parent up to mount point /)
Stopping at filesystem boundary (GIT_DISCOVERY_ACROSS_FILESYSTEM not set).
2024-01-29 10:23:20.265 [info] > git rev-parse --show-toplevel [200ms]
2024-01-29 10:23:20.269 [info] fatal: not a git repository (or any parent up to mount point /)
Stopping at filesystem boundary (GIT_DISCOVERY_ACROSS_FILESYSTEM not set).
2024-01-29 10:23:20.365 [info] > git rev-parse --show-toplevel [12ms]
2024-01-29 10:23:20.366 [info] fatal: not a git repository (or any parent up to mount point /)
Stopping at filesystem boundary (GIT_DISCOVERY_ACROSS_FILESYSTEM not set).
2024-01-29 10:23:20.502 [info] > git rev-parse --show-toplevel [115ms]
2024-01-29 10:23:20.505 [info] fatal: not a git repository (or any parent up to mount point /)
Stopping at filesystem boundary (GIT_DISCOVERY_ACROSS_FILESYSTEM not set).
2024-01-29 10:23:20.709 [info] > git rev-parse --show-toplevel [24ms]
2024-01-29 10:23:20.709 [info] fatal: not a git repository (or any parent up to mount point /)
Stopping at filesystem boundary (GIT_DISCOVERY_ACROSS_FILESYSTEM not set).
2024-01-29 10:23:20.814 [info] > git rev-parse --show-toplevel [73ms]
2024-01-29 10:23:20.848 [info] fatal: not a git repository (or any parent up to mount point /)
Stopping at filesystem boundary (GIT_DISCOVERY_ACROSS_FILESYSTEM not set).
2024-01-29 10:23:20.915 [info] > git rev-parse --show-toplevel [47ms]
2024-01-29 10:23:20.918 [info] fatal: not a git repository (or any parent up to mount point /)
Stopping at filesystem boundary (GIT_DISCOVERY_ACROSS_FILESYSTEM not set).
2024-01-29 10:23:21.189 [info] > git rev-parse --show-toplevel [233ms]
2024-01-29 10:23:21.200 [info] fatal: not a git repository (or any parent up to mount point /)
Stopping at filesystem boundary (GIT_DISCOVERY_ACROSS_FILESYSTEM not set).
2024-01-29 10:23:21.346 [info] > git rev-parse --show-toplevel [119ms]
2024-01-29 10:23:21.347 [info] fatal: not a git repository (or any parent up to mount point /)
Stopping at filesystem boundary (GIT_DISCOVERY_ACROSS_FILESYSTEM not set).
2024-01-29 10:23:25.498 [info] > git rev-parse --show-toplevel [48ms]
2024-01-29 10:23:25.501 [info] fatal: not a git repository (or any parent up to mount point /)
Stopping at filesystem boundary (GIT_DISCOVERY_ACROSS_FILESYSTEM not set).
2024-01-29 10:23:32.568 [info] > git rev-parse --show-toplevel [312ms]
2024-01-29 10:23:32.570 [info] fatal: not a git repository (or any parent up to mount point /)
Stopping at filesystem boundary (GIT_DISCOVERY_ACROSS_FILESYSTEM not set).
2024-01-29 10:23:34.829 [info] > git rev-parse --show-toplevel [140ms]
2024-01-29 10:23:34.832 [info] fatal: not a git repository (or any parent up to mount point /)
Stopping at filesystem boundary (GIT_DISCOVERY_ACROSS_FILESYSTEM not set).
2024-01-29 10:23:37.237 [info] > git rev-parse --show-toplevel [28ms]
2024-01-29 10:23:37.238 [info] fatal: not a git repository (or any parent up to mount point /)
Stopping at filesystem boundary (GIT_DISCOVERY_ACROSS_FILESYSTEM not set).
2024-01-29 10:23:41.373 [warning] Failed to get repository realpath for: "/root/nagoyameshi/templates". Error: ENOENT: no such file or directory, realpath '/root/nagoyameshi/templates'
2024-01-29 10:23:58.373 [info] > git rev-parse --show-toplevel [47ms]
2024-01-29 10:23:58.385 [info] fatal: not a git repository (or any parent up to mount point /)
Stopping at filesystem boundary (GIT_DISCOVERY_ACROSS_FILESYSTEM not set).
2024-01-29 10:24:02.998 [info] > git rev-parse --show-toplevel [131ms]
2024-01-29 10:24:02.999 [info] fatal: not a git repository (or any parent up to mount point /)
Stopping at filesystem boundary (GIT_DISCOVERY_ACROSS_FILESYSTEM not set).
2024-01-29 10:24:09.518 [info] > git rev-parse --show-toplevel [21ms]
2024-01-29 10:24:09.529 [info] fatal: not a git repository (or any parent up to mount point /)
Stopping at filesystem boundary (GIT_DISCOVERY_ACROSS_FILESYSTEM not set).
2024-01-29 10:24:36.233 [info] > git rev-parse --show-toplevel [105ms]
2024-01-29 10:24:36.244 [info] fatal: not a git repository (or any parent up to mount point /)
Stopping at filesystem boundary (GIT_DISCOVERY_ACROSS_FILESYSTEM not set).
2024-01-29 10:25:02.844 [info] > git rev-parse --show-toplevel [32ms]
2024-01-29 10:25:02.857 [info] fatal: not a git repository (or any parent up to mount point /)
Stopping at filesystem boundary (GIT_DISCOVERY_ACROSS_FILESYSTEM not set).
2024-01-29 10:25:03.062 [info] > git rev-parse --show-toplevel [146ms]
2024-01-29 10:25:03.068 [info] fatal: not a git repository (or any parent up to mount point /)
Stopping at filesystem boundary (GIT_DISCOVERY_ACROSS_FILESYSTEM not set).
2024-01-29 10:25:03.770 [info] > git rev-parse --show-toplevel [73ms]
2024-01-29 10:25:03.778 [info] fatal: not a git repository (or any parent up to mount point /)
Stopping at filesystem boundary (GIT_DISCOVERY_ACROSS_FILESYSTEM not set).
2024-01-29 10:25:04.270 [info] > git rev-parse --show-toplevel [112ms]
2024-01-29 10:25:04.270 [info] fatal: not a git repository (or any parent up to mount point /)
Stopping at filesystem boundary (GIT_DISCOVERY_ACROSS_FILESYSTEM not set).
