2024-02-14 10:23:09.553 [info] ログ レベル: Info
2024-02-14 10:23:09.555 [info] Git の検証が検出されました: "git"
2024-02-14 10:23:09.557 [info] "git" から Git "2.39.2" を使用しています
2024-02-14 10:23:09.559 [info] > git rev-parse --show-toplevel [789ms]
2024-02-14 10:23:09.560 [info] fatal: not a git repository (or any parent up to mount point /)
Stopping at filesystem boundary (GIT_DISCOVERY_ACROSS_FILESYSTEM not set).
2024-02-14 10:23:09.587 [info] > git rev-parse --show-toplevel [249ms]
2024-02-14 10:23:09.588 [info] fatal: not a git repository (or any parent up to mount point /)
Stopping at filesystem boundary (GIT_DISCOVERY_ACROSS_FILESYSTEM not set).
2024-02-14 10:23:09.810 [info] > git rev-parse --show-toplevel [150ms]
2024-02-14 10:23:09.813 [info] fatal: not a git repository (or any parent up to mount point /)
Stopping at filesystem boundary (GIT_DISCOVERY_ACROSS_FILESYSTEM not set).
2024-02-14 10:23:10.333 [info] > git rev-parse --show-toplevel [37ms]
2024-02-14 10:23:10.338 [info] fatal: not a git repository (or any parent up to mount point /)
Stopping at filesystem boundary (GIT_DISCOVERY_ACROSS_FILESYSTEM not set).
2024-02-14 10:23:10.441 [info] > git rev-parse --show-toplevel [42ms]
2024-02-14 10:23:10.443 [info] fatal: not a git repository (or any parent up to mount point /)
Stopping at filesystem boundary (GIT_DISCOVERY_ACROSS_FILESYSTEM not set).
2024-02-14 10:23:11.334 [info] > git rev-parse --show-toplevel [871ms]
2024-02-14 10:23:11.338 [info] fatal: not a git repository (or any parent up to mount point /)
Stopping at filesystem boundary (GIT_DISCOVERY_ACROSS_FILESYSTEM not set).
2024-02-14 10:23:11.879 [info] > git rev-parse --show-toplevel [506ms]
2024-02-14 10:23:11.881 [info] fatal: not a git repository (or any parent up to mount point /)
Stopping at filesystem boundary (GIT_DISCOVERY_ACROSS_FILESYSTEM not set).
2024-02-14 10:23:11.946 [info] > git rev-parse --show-toplevel [46ms]
2024-02-14 10:23:11.963 [info] fatal: not a git repository (or any parent up to mount point /)
Stopping at filesystem boundary (GIT_DISCOVERY_ACROSS_FILESYSTEM not set).
2024-02-14 10:23:12.014 [info] > git rev-parse --show-toplevel [21ms]
2024-02-14 10:23:12.015 [info] fatal: not a git repository (or any parent up to mount point /)
Stopping at filesystem boundary (GIT_DISCOVERY_ACROSS_FILESYSTEM not set).
2024-02-14 10:23:12.184 [info] > git rev-parse --show-toplevel [140ms]
2024-02-14 10:23:12.198 [info] fatal: not a git repository (or any parent up to mount point /)
Stopping at filesystem boundary (GIT_DISCOVERY_ACROSS_FILESYSTEM not set).
2024-02-14 10:23:12.334 [info] > git rev-parse --show-toplevel [109ms]
2024-02-14 10:23:12.336 [info] fatal: not a git repository (or any parent up to mount point /)
Stopping at filesystem boundary (GIT_DISCOVERY_ACROSS_FILESYSTEM not set).
2024-02-14 10:23:12.541 [info] > git rev-parse --show-toplevel [174ms]
2024-02-14 10:23:12.563 [info] fatal: not a git repository (or any parent up to mount point /)
Stopping at filesystem boundary (GIT_DISCOVERY_ACROSS_FILESYSTEM not set).
2024-02-14 10:23:12.651 [info] > git rev-parse --show-toplevel [54ms]
2024-02-14 10:23:12.663 [info] fatal: not a git repository (or any parent up to mount point /)
Stopping at filesystem boundary (GIT_DISCOVERY_ACROSS_FILESYSTEM not set).
2024-02-14 10:23:12.747 [info] > git rev-parse --show-toplevel [37ms]
2024-02-14 10:23:12.747 [info] fatal: not a git repository (or any parent up to mount point /)
Stopping at filesystem boundary (GIT_DISCOVERY_ACROSS_FILESYSTEM not set).
2024-02-14 10:26:15.555 [info] > git rev-parse --show-toplevel [14ms]
2024-02-14 10:26:15.566 [info] fatal: not a git repository (or any parent up to mount point /)
Stopping at filesystem boundary (GIT_DISCOVERY_ACROSS_FILESYSTEM not set).
2024-02-14 10:30:05.704 [info] > git rev-parse --show-toplevel [19ms]
2024-02-14 10:30:05.716 [info] fatal: not a git repository (or any parent up to mount point /)
Stopping at filesystem boundary (GIT_DISCOVERY_ACROSS_FILESYSTEM not set).
2024-02-14 10:30:32.855 [info] > git rev-parse --show-toplevel [39ms]
2024-02-14 10:30:32.856 [info] fatal: not a git repository (or any parent up to mount point /)
Stopping at filesystem boundary (GIT_DISCOVERY_ACROSS_FILESYSTEM not set).
2024-02-14 10:31:01.780 [info] > git rev-parse --show-toplevel [13ms]
2024-02-14 10:31:01.781 [info] fatal: not a git repository (or any parent up to mount point /)
Stopping at filesystem boundary (GIT_DISCOVERY_ACROSS_FILESYSTEM not set).
2024-02-14 10:31:57.650 [info] > git rev-parse --show-toplevel [98ms]
2024-02-14 10:31:57.651 [info] fatal: not a git repository (or any parent up to mount point /)
Stopping at filesystem boundary (GIT_DISCOVERY_ACROSS_FILESYSTEM not set).
2024-02-14 10:31:59.220 [info] > git rev-parse --show-toplevel [14ms]
2024-02-14 10:31:59.222 [info] fatal: not a git repository (or any parent up to mount point /)
Stopping at filesystem boundary (GIT_DISCOVERY_ACROSS_FILESYSTEM not set).
2024-02-14 10:32:00.527 [info] > git rev-parse --show-toplevel [8ms]
2024-02-14 10:32:00.528 [info] fatal: not a git repository (or any parent up to mount point /)
Stopping at filesystem boundary (GIT_DISCOVERY_ACROSS_FILESYSTEM not set).
2024-02-14 10:32:01.012 [info] > git rev-parse --show-toplevel [15ms]
2024-02-14 10:32:01.013 [info] fatal: not a git repository (or any parent up to mount point /)
Stopping at filesystem boundary (GIT_DISCOVERY_ACROSS_FILESYSTEM not set).
2024-02-14 10:32:03.008 [info] > git rev-parse --show-toplevel [61ms]
2024-02-14 10:32:03.009 [info] fatal: not a git repository (or any parent up to mount point /)
Stopping at filesystem boundary (GIT_DISCOVERY_ACROSS_FILESYSTEM not set).
2024-02-14 10:32:03.559 [info] > git rev-parse --show-toplevel [15ms]
2024-02-14 10:32:03.559 [info] fatal: not a git repository (or any parent up to mount point /)
Stopping at filesystem boundary (GIT_DISCOVERY_ACROSS_FILESYSTEM not set).
