2024-01-29 13:29:33.433 [info] Extension host with pid 697 started
2024-01-29 13:29:33.436 [error] Error: EEXIST: file already exists, open '/root/.vscode-server/data/User/workspaceStorage/d8ab750c9cd34e1a08fc7d8c35f82988/vscode.lock'
2024-01-29 13:29:33.466 [info] ExtensionService#_doActivateExtension vscode.tunnel-forwarding, startup: false, activationEvent: 'onTunnel'
2024-01-29 13:29:33.484 [info] Lock '/root/.vscode-server/data/User/workspaceStorage/d8ab750c9cd34e1a08fc7d8c35f82988/vscode.lock': Could not acquire lock, checking if the file is stale.
2024-01-29 13:29:33.622 [info] Lock '/root/.vscode-server/data/User/workspaceStorage/d8ab750c9cd34e1a08fc7d8c35f82988/vscode.lock': The pid 1937 appears to be gone.
2024-01-29 13:29:33.631 [info] Lock '/root/.vscode-server/data/User/workspaceStorage/d8ab750c9cd34e1a08fc7d8c35f82988/vscode.lock': Deleting a stale lock.
2024-01-29 13:29:33.714 [info] Lock '/root/.vscode-server/data/User/workspaceStorage/d8ab750c9cd34e1a08fc7d8c35f82988/vscode.lock': Lock acquired.
2024-01-29 13:29:33.780 [info] ExtensionService#_doActivateExtension batisteo.vscode-django, startup: false, activationEvent: 'onLanguage:django-html'
2024-01-29 13:29:33.781 [info] ExtensionService#_doActivateExtension vscode.emmet, startup: false, activationEvent: 'onLanguage'
2024-01-29 13:29:34.020 [info] ExtensionService#_doActivateExtension vscode.git-base, startup: true, activationEvent: '*', root cause: vscode.git
2024-01-29 13:29:34.023 [info] ExtensionService#_doActivateExtension oderwat.indent-rainbow, startup: true, activationEvent: '*'
2024-01-29 13:29:34.044 [info] ExtensionService#_doActivateExtension ms-python.python, startup: true, activationEvent: 'workspaceContains:manage.py'
2024-01-29 13:29:34.461 [warning] Using default string since no string found in i18n bundle that has the key: You need to select a Python interpreter before you start debugging.

Tip: click on "Select Interpreter" in the status bar.
2024-01-29 13:29:34.463 [warning] Using default string since no string found in i18n bundle that has the key: The Python extension now includes Pylance to improve completions, code navigation, overall performance and much more! You can learn more about the update and learn how to change your language server [here](https://aka.ms/new-python-bundle).

Read Pylance's license [here](https://marketplace.visualstudio.com/items/ms-python.vscode-pylance/license).
2024-01-29 13:29:34.465 [warning] Using default string since no string found in i18n bundle that has the key: Python is unable to parse the code provided. Please
    turn off Smart Send if you wish to always run line by line or explicitly select code
    to force run. See [logs](command:{0}) for more details
2024-01-29 13:29:34.466 [warning] Using default string since no string found in i18n bundle that has the key: The Microsoft Python Language Server has reached end of life. Your language server has been set to the default for Python in VS Code, Pylance.

If you'd like to change your language server, you can learn about how to do so [here](https://devblogs.microsoft.com/python/python-in-visual-studio-code-may-2021-release/#configuring-your-language-server).

Read Pylance's license [here](https://marketplace.visualstudio.com/items/ms-python.vscode-pylance/license).
2024-01-29 13:29:34.777 [info] ExtensionService#_doActivateExtension vscode.git, startup: true, activationEvent: '*'
2024-01-29 13:29:34.792 [info] ExtensionService#_doActivateExtension vscode.github, startup: true, activationEvent: '*'
2024-01-29 13:29:35.789 [info] Eager extensions activated
2024-01-29 13:29:35.790 [info] ExtensionService#_doActivateExtension vscode.debug-auto-launch, startup: false, activationEvent: 'onStartupFinished'
2024-01-29 13:29:35.792 [info] ExtensionService#_doActivateExtension vscode.merge-conflict, startup: false, activationEvent: 'onStartupFinished'
2024-01-29 13:29:35.793 [info] ExtensionService#_doActivateExtension ecmel.vscode-html-css, startup: false, activationEvent: 'onStartupFinished'
2024-01-29 13:29:35.796 [info] ExtensionService#_doActivateExtension ionutvmi.path-autocomplete, startup: false, activationEvent: 'onStartupFinished'
2024-01-29 13:29:35.797 [info] ExtensionService#_doActivateExtension streetsidesoftware.code-spell-checker, startup: false, activationEvent: 'onStartupFinished'
2024-01-29 13:29:36.353 [info] ExtensionService#_doActivateExtension ms-python.vscode-pylance, startup: false, activationEvent: 'api', root cause: ms-python.python
2024-01-29 13:40:21.793 [info] ExtensionService#_doActivateExtension vscode.html-language-features, startup: false, activationEvent: 'onLanguage:html'
2024-01-29 13:40:24.501 [error] [ecmel.vscode-html-css] provider FAILED
2024-01-29 13:40:24.502 [error] undefined
2024-01-29 13:46:03.515 [error] [ecmel.vscode-html-css] provider FAILED
2024-01-29 13:46:03.516 [error] undefined
2024-01-29 13:46:07.399 [error] [ecmel.vscode-html-css] provider FAILED
2024-01-29 13:46:07.400 [error] undefined
2024-01-29 13:52:23.153 [info] Extension host terminating: received terminate message from renderer
2024-01-29 13:52:23.157 [info] Lock '/root/.vscode-server/data/User/workspaceStorage/d8ab750c9cd34e1a08fc7d8c35f82988/vscode.lock': Marking the lockfile as scheduled to be released in 6000 ms.
2024-01-29 13:52:23.460 [info] Extension host with pid 697 exiting with code 0
