2024-02-11 02:57:12.313 [info] (Client) Pylance async client (2024.2.1) started with python extension (2024.0.1)
2024-02-11 02:57:13.659 [info] [Info  - 2:57:13 AM] (33722) Pylance language server 2024.2.1 (pyright version 1.1.348, commit cfb1de0c) starting
2024-02-11 02:57:13.750 [info] [Info  - 2:57:13 AM] (33722) Server root directory: file:///root/.vscode-server/extensions/ms-python.vscode-pylance-2024.2.1/dist
2024-02-11 02:57:13.751 [info] [Info  - 2:57:13 AM] (33722) Starting service instance "root"
2024-02-11 02:57:13.850 [info] [Info  - 2:57:13 AM] (33722) Setting pythonPath for service "root": "/usr/local/bin/python3"
2024-02-11 02:57:13.851 [info] [Info  - 2:57:13 AM] (33722) Setting environmentName for service "root": "3.11.7 (グローバル)"
2024-02-11 02:57:13.902 [info] [Info  - 2:57:13 AM] (33722) Assuming Python version 3.11
2024-02-11 02:57:16.573 [info] [Info  - 2:57:16 AM] (33722) Found 23 source files
2024-02-11 02:57:17.140 [info] [Info  - 2:57:17 AM] (33722) Background analysis(1) root directory: file:///root/.vscode-server/extensions/ms-python.vscode-pylance-2024.2.1/dist
2024-02-11 02:57:17.142 [info] [Info  - 2:57:17 AM] (33722) Background analysis(1) started
2024-02-11 02:57:17.857 [info] [Info  - 2:57:17 AM] (33722) Indexer background runner(2) root directory: file:///root/.vscode-server/extensions/ms-python.vscode-pylance-2024.2.1/dist (index)
2024-02-11 02:57:17.859 [info] [Info  - 2:57:17 AM] (33722) Indexing(2) started
2024-02-11 02:57:22.320 [info] [Info  - 2:57:22 AM] (33722) [BG(1)] Long operation: analyzing: file:///root/general/views/top_view.py (4477ms)
2024-02-11 02:57:25.597 [info] [Info  - 2:57:25 AM] (33722) [IDX(2)] Long operation: scan packages file:///root (7720ms)
2024-02-11 02:57:25.629 [info] [Info  - 2:57:25 AM] (33722) scanned(2) 41 files over 1 exec env
2024-02-11 02:57:27.003 [info] [Info  - 2:57:27 AM] (33722) indexed(2) 28 files over 1 exec env
2024-02-11 02:57:27.085 [info] [Info  - 2:57:27 AM] (33722) Indexing finished(2).
2024-02-11 03:00:59.968 [info] [Info  - 3:00:59 AM] (33722) Found 23 source files
2024-02-11 11:20:59.129 [info] [Info  - 11:20:59 AM] (33722) Found 24 source files
2024-02-11 11:21:12.577 [info] [Info  - 11:21:12 AM] (33722) Found 24 source files
2024-02-11 11:49:55.407 [info] [Info  - 11:49:55 AM] (33722) Found 25 source files
2024-02-11 11:54:14.126 [info] [Info  - 11:54:14 AM] (33722) Found 23 source files
2024-02-11 11:57:03.839 [info] [Info  - 11:57:03 AM] (33722) Found 24 source files
2024-02-11 12:00:15.234 [info] [Info  - 12:00:15 PM] (33722) Found 22 source files
2024-02-11 12:00:24.507 [info] [Info  - 12:00:24 PM] (33722) Found 24 source files
2024-02-11 12:32:24.482 [info] [Info  - 12:32:24 PM] (33722) Found 25 source files
2024-02-11 12:59:19.487 [info] [Info  - 12:59:19 PM] (33722) Found 26 source files
