2024-01-29 13:49:13.217 [info] 実験 'pythonaacf' はアクティブです
2024-01-29 13:49:13.218 [info] 実験 'pythonRecommendTensorboardExt' はアクティブです
2024-01-29 13:49:13.218 [info] 実験 'pythonREPLSmartSend' はアクティブです
2024-01-29 13:49:13.220 [info] 実験 'pythonTerminalEnvVarActivation' はアクティブです
2024-01-29 13:49:13.223 [info] 実験 'pythonTestAdapter' はアクティブです
2024-01-29 13:49:13.224 [info] Default formatter is set to null for workspace /root
2024-01-29 13:49:13.224 [info] Test server listening.
2024-01-29 13:49:13.225 [info] Python インタープリター パス: /usr/local/bin/python3
2024-01-29 13:49:13.225 [warning] Retry failed, storage update failed for key PYTHON_GLOBAL_STORAGE_KEYS
2024-01-29 13:49:13.226 [warning] Retry failed, storage update failed for key PYTHON_GLOBAL_STORAGE_KEYS
2024-01-29 13:49:13.704 [info] Send text to terminal: echo /bin/bash
2024-01-29 13:49:13.883 [warning] Retry failed, storage update failed for key PYTHON_GLOBAL_STORAGE_KEYS
2024-01-29 13:49:13.883 [warning] Retry failed, storage update failed for key PYTHON_GLOBAL_STORAGE_KEYS
2024-01-29 13:49:13.884 [warning] Retry failed, storage update failed for key PYTHON_GLOBAL_STORAGE_KEYS
2024-01-29 13:49:13.885 [warning] Retry failed, storage update failed for key PYTHON_GLOBAL_STORAGE_KEYS
2024-01-29 13:49:13.886 [warning] Retry failed, storage update failed for key PYTHON_GLOBAL_STORAGE_KEYS
2024-01-29 13:49:14.350 [warning] Retry failed, storage update failed for key PYTHON_GLOBAL_STORAGE_KEYS
2024-01-29 13:49:14.352 [warning] Retry failed, storage update failed for key PYTHON_GLOBAL_STORAGE_KEYS
2024-01-29 13:49:14.650 [info] > conda info --json
2024-01-29 13:49:17.634 [info] Pylance 言語サーバーを開始しています。
