2024-02-15 09:59:46.069 [info] 実験 'pythonaacf' はアクティブです
2024-02-15 09:59:46.070 [info] 実験 'pythonRecommendTensorboardExt' はアクティブです
2024-02-15 09:59:46.070 [info] 実験 'pythonREPLSmartSend' はアクティブです
2024-02-15 09:59:46.071 [info] 実験 'pythonTerminalEnvVarActivation' はアクティブです
2024-02-15 09:59:46.073 [info] 実験 'pythonTestAdapter' はアクティブです
2024-02-15 09:59:46.074 [info] Default formatter is set to null for workspace /root
2024-02-15 09:59:46.075 [info] Test server listening.
2024-02-15 09:59:46.075 [info] Python インタープリター パス: /usr/local/bin/python3
2024-02-15 09:59:51.025 [info] Pylance 言語サーバーを開始しています。
2024-02-15 10:04:20.912 [info] Discover tests for workspace name: root - uri: /root/general/forms.py
2024-02-15 11:39:40.702 [info] Discover tests for workspace name: root - uri: /root/config/settings.py
2024-02-15 11:45:51.007 [info] Discover tests for workspace name: root - uri: /root/accounts/models.py
2024-02-15 11:46:23.361 [info] Discover tests for workspace name: root - uri: /root/config/settings.py
2024-02-15 11:47:53.910 [info] Discover tests for workspace name: root - uri: /root/accounts/models.py
2024-02-15 11:57:23.270 [info] Discover tests for workspace name: root - uri: /root/config/settings.py
2024-02-15 12:02:46.259 [info] Discover tests for workspace name: root - uri: /root/accounts/models.py
2024-02-15 12:04:51.806 [info] Discover tests for workspace name: root - uri: /root/accounts/models.py
2024-02-15 12:05:18.759 [info] Discover tests for workspace name: root - uri: /root/accounts/models.py
2024-02-15 12:06:50.817 [info] Discover tests for workspace name: root - uri: /root/accounts/models.py
2024-02-15 12:08:44.314 [info] Discover tests for workspace name: root - uri: /root/config/settings.py
2024-02-15 12:09:37.642 [info] Discover tests for workspace name: root - uri: /root/config/urls.py
2024-02-15 12:11:06.033 [info] Discover tests for workspace name: root - uri: /root/accounts/models.py
2024-02-15 12:11:45.994 [info] Discover tests for workspace name: root - uri: /root/accounts/models.py
2024-02-15 12:13:13.655 [info] Discover tests for workspace name: root - uri: /root/accounts/models.py
2024-02-15 12:14:25.263 [info] Discover tests for workspace name: root - uri: /root/accounts/models.py
2024-02-15 12:15:13.552 [info] Discover tests for workspace name: root - uri: /root/accounts/models.py
2024-02-15 12:15:39.515 [info] Discover tests for workspace name: root - uri: /root/accounts/models.py
2024-02-15 12:19:16.158 [info] Discover tests for workspace name: root - uri: /root/accounts/models.py
2024-02-15 12:22:39.341 [info] Discover tests for workspace name: root - uri: /root/accounts/models.py
2024-02-15 12:23:17.896 [info] Discover tests for workspace name: root - uri: /root/accounts/models.py
2024-02-15 12:23:21.398 [info] Discover tests for workspace name: root - uri: /root/accounts/admin.py
