2024-02-15 09:59:48.080 [info] (Client) Pylance async client (2024.2.1) started with python extension (2024.0.1)
2024-02-15 09:59:50.821 [info] [Info  - 9:59:50 AM] (63027) Pylance language server 2024.2.1 (pyright version 1.1.348, commit cfb1de0c) starting
2024-02-15 09:59:50.958 [info] [Info  - 9:59:50 AM] (63027) Server root directory: file:///root/.vscode-server/extensions/ms-python.vscode-pylance-2024.2.1/dist
2024-02-15 09:59:50.960 [info] [Info  - 9:59:50 AM] (63027) Starting service instance "root"
2024-02-15 09:59:51.243 [info] [Info  - 9:59:51 AM] (63027) Setting pythonPath for service "root": "/usr/local/bin/python3"
2024-02-15 09:59:51.245 [info] [Info  - 9:59:51 AM] (63027) Setting environmentName for service "root": "3.11.7 (グローバル)"
2024-02-15 09:59:51.358 [info] [Info  - 9:59:51 AM] (63027) Assuming Python version 3.11
2024-02-15 09:59:52.270 [info] [Info  - 9:59:52 AM] (63027) Found 41 source files
2024-02-15 09:59:53.661 [info] [Info  - 9:59:53 AM] (63027) Background analysis(1) root directory: file:///root/.vscode-server/extensions/ms-python.vscode-pylance-2024.2.1/dist
2024-02-15 09:59:53.662 [info] [Info  - 9:59:53 AM] (63027) Background analysis(1) started
2024-02-15 09:59:53.811 [info] [Info  - 9:59:53 AM] (63027) Indexer background runner(2) root directory: file:///root/.vscode-server/extensions/ms-python.vscode-pylance-2024.2.1/dist (index)
2024-02-15 09:59:53.812 [info] [Info  - 9:59:53 AM] (63027) Indexing(2) started
2024-02-15 09:59:58.287 [info] [Info  - 9:59:58 AM] (63027) [BG(1)] Long operation: checking: file:///root/general/forms.py (2094ms)
2024-02-15 09:59:58.288 [info] [Info  - 9:59:58 AM] (63027) [BG(1)] Long operation: analyzing: file:///root/general/forms.py (4648ms)
2024-02-15 10:00:03.352 [info] [Info  - 10:00:03 AM] (63027) [IDX(2)] Long operation: scan packages file:///root (9522ms)
2024-02-15 10:00:03.363 [info] [Info  - 10:00:03 AM] (63027) scanned(2) 41 files over 1 exec env
2024-02-15 10:00:05.670 [info] [Info  - 10:00:05 AM] (63027) indexed(2) 28 files over 1 exec env
2024-02-15 10:00:05.854 [info] [Info  - 10:00:05 AM] (63027) Indexing finished(2).
2024-02-15 11:37:09.059 [info] [Info  - 11:37:08 AM] (63027) Found 48 source files
2024-02-15 11:59:16.661 [info] [Info  - 11:59:16 AM] (63027) Found 49 source files
2024-02-15 12:11:10.411 [info] [Info  - 12:11:10 PM] (63027) Found 50 source files
2024-02-15 12:11:50.172 [info] [Info  - 12:11:50 PM] (63027) Found 51 source files
2024-02-15 12:13:18.968 [info] [Info  - 12:13:18 PM] (63027) Found 52 source files
2024-02-15 12:15:18.860 [info] [Info  - 12:15:18 PM] (63027) Found 53 source files
2024-02-15 12:15:46.264 [info] [Info  - 12:15:46 PM] (63027) Found 54 source files
2024-02-15 12:20:14.675 [info] [Info  - 12:20:14 PM] (63027) Indexer background runner(3) root directory: file:///root/.vscode-server/extensions/ms-python.vscode-pylance-2024.2.1/dist (refresh)
2024-02-15 12:20:14.694 [info] [Info  - 12:20:14 PM] (63027) Indexing(3) started
2024-02-15 12:20:17.015 [info] [Info  - 12:20:17 PM] (63027) [IDX(3)] Long operation: scan packages file:///root (2333ms)
2024-02-15 12:20:17.016 [info] [Info  - 12:20:17 PM] (63027) scanned(3) 43 files over 1 exec env
2024-02-15 12:20:18.501 [info] [Info  - 12:20:18 PM] (63027) indexed(3) 29 files over 1 exec env
2024-02-15 12:20:18.570 [info] [Info  - 12:20:18 PM] (63027) Indexing finished(3).
2024-02-15 12:22:42.774 [info] [Info  - 12:22:42 PM] (63027) Found 55 source files
