2024-02-11 02:08:50.023 [info] ログ レベル: Info
2024-02-11 02:08:50.023 [info] Git の検証が検出されました: "git"
2024-02-11 02:08:50.024 [info] "git" から Git "2.39.2" を使用しています
2024-02-11 02:08:50.024 [info] > git rev-parse --show-toplevel [44ms]
2024-02-11 02:08:50.025 [info] fatal: not a git repository (or any parent up to mount point /)
Stopping at filesystem boundary (GIT_DISCOVERY_ACROSS_FILESYSTEM not set).
2024-02-11 02:08:50.030 [info] > git rev-parse --show-toplevel [14ms]
2024-02-11 02:08:50.032 [info] fatal: not a git repository (or any parent up to mount point /)
Stopping at filesystem boundary (GIT_DISCOVERY_ACROSS_FILESYSTEM not set).
2024-02-11 02:08:50.057 [info] > git rev-parse --show-toplevel [12ms]
2024-02-11 02:08:50.058 [info] fatal: not a git repository (or any parent up to mount point /)
Stopping at filesystem boundary (GIT_DISCOVERY_ACROSS_FILESYSTEM not set).
2024-02-11 02:08:50.087 [info] > git rev-parse --show-toplevel [15ms]
2024-02-11 02:08:50.088 [info] fatal: not a git repository (or any parent up to mount point /)
Stopping at filesystem boundary (GIT_DISCOVERY_ACROSS_FILESYSTEM not set).
2024-02-11 02:08:50.121 [info] > git rev-parse --show-toplevel [21ms]
2024-02-11 02:08:50.122 [info] fatal: not a git repository (or any parent up to mount point /)
Stopping at filesystem boundary (GIT_DISCOVERY_ACROSS_FILESYSTEM not set).
2024-02-11 02:08:50.153 [info] > git rev-parse --show-toplevel [14ms]
2024-02-11 02:08:50.154 [info] fatal: not a git repository (or any parent up to mount point /)
Stopping at filesystem boundary (GIT_DISCOVERY_ACROSS_FILESYSTEM not set).
2024-02-11 02:08:50.186 [info] > git rev-parse --show-toplevel [12ms]
2024-02-11 02:08:50.186 [info] fatal: not a git repository (or any parent up to mount point /)
Stopping at filesystem boundary (GIT_DISCOVERY_ACROSS_FILESYSTEM not set).
2024-02-11 02:08:50.223 [info] > git rev-parse --show-toplevel [14ms]
2024-02-11 02:08:50.223 [info] fatal: not a git repository (or any parent up to mount point /)
Stopping at filesystem boundary (GIT_DISCOVERY_ACROSS_FILESYSTEM not set).
2024-02-11 02:08:50.255 [info] > git rev-parse --show-toplevel [15ms]
2024-02-11 02:08:50.255 [info] fatal: not a git repository (or any parent up to mount point /)
Stopping at filesystem boundary (GIT_DISCOVERY_ACROSS_FILESYSTEM not set).
2024-02-11 02:08:50.302 [info] > git rev-parse --show-toplevel [23ms]
2024-02-11 02:08:50.304 [info] fatal: not a git repository (or any parent up to mount point /)
Stopping at filesystem boundary (GIT_DISCOVERY_ACROSS_FILESYSTEM not set).
2024-02-11 02:08:50.335 [info] > git rev-parse --show-toplevel [9ms]
2024-02-11 02:08:50.336 [info] fatal: not a git repository (or any parent up to mount point /)
Stopping at filesystem boundary (GIT_DISCOVERY_ACROSS_FILESYSTEM not set).
2024-02-11 02:08:50.372 [info] > git rev-parse --show-toplevel [19ms]
2024-02-11 02:08:50.373 [info] fatal: not a git repository (or any parent up to mount point /)
Stopping at filesystem boundary (GIT_DISCOVERY_ACROSS_FILESYSTEM not set).
2024-02-11 02:11:24.016 [info] > git rev-parse --show-toplevel [10ms]
2024-02-11 02:11:24.017 [info] fatal: not a git repository (or any parent up to mount point /)
Stopping at filesystem boundary (GIT_DISCOVERY_ACROSS_FILESYSTEM not set).
2024-02-11 02:13:00.643 [info] > git rev-parse --show-toplevel [11ms]
2024-02-11 02:13:00.651 [info] fatal: not a git repository (or any parent up to mount point /)
Stopping at filesystem boundary (GIT_DISCOVERY_ACROSS_FILESYSTEM not set).
2024-02-11 02:13:11.784 [info] > git rev-parse --show-toplevel [19ms]
2024-02-11 02:13:11.784 [info] fatal: not a git repository (or any parent up to mount point /)
Stopping at filesystem boundary (GIT_DISCOVERY_ACROSS_FILESYSTEM not set).
2024-02-11 02:13:21.432 [info] > git rev-parse --show-toplevel [34ms]
2024-02-11 02:13:21.433 [info] fatal: not a git repository (or any parent up to mount point /)
Stopping at filesystem boundary (GIT_DISCOVERY_ACROSS_FILESYSTEM not set).
2024-02-11 02:13:29.071 [info] > git rev-parse --show-toplevel [16ms]
2024-02-11 02:13:29.072 [info] fatal: not a git repository (or any parent up to mount point /)
Stopping at filesystem boundary (GIT_DISCOVERY_ACROSS_FILESYSTEM not set).
2024-02-11 02:13:33.695 [info] > git rev-parse --show-toplevel [22ms]
2024-02-11 02:13:33.697 [info] fatal: not a git repository (or any parent up to mount point /)
Stopping at filesystem boundary (GIT_DISCOVERY_ACROSS_FILESYSTEM not set).
2024-02-11 02:13:48.949 [info] > git rev-parse --show-toplevel [36ms]
2024-02-11 02:13:48.951 [info] fatal: not a git repository (or any parent up to mount point /)
Stopping at filesystem boundary (GIT_DISCOVERY_ACROSS_FILESYSTEM not set).
2024-02-11 02:29:43.662 [info] > git rev-parse --show-toplevel [24ms]
2024-02-11 02:29:43.739 [info] fatal: not a git repository (or any parent up to mount point /)
Stopping at filesystem boundary (GIT_DISCOVERY_ACROSS_FILESYSTEM not set).
2024-02-11 02:31:22.849 [info] > git rev-parse --show-toplevel [18ms]
2024-02-11 02:31:22.868 [info] fatal: not a git repository (or any parent up to mount point /)
Stopping at filesystem boundary (GIT_DISCOVERY_ACROSS_FILESYSTEM not set).
2024-02-11 02:32:21.182 [info] > git rev-parse --show-toplevel [15ms]
2024-02-11 02:32:21.193 [info] fatal: not a git repository (or any parent up to mount point /)
Stopping at filesystem boundary (GIT_DISCOVERY_ACROSS_FILESYSTEM not set).
2024-02-11 02:33:54.724 [info] > git rev-parse --show-toplevel [65ms]
2024-02-11 02:33:54.729 [info] fatal: not a git repository (or any parent up to mount point /)
Stopping at filesystem boundary (GIT_DISCOVERY_ACROSS_FILESYSTEM not set).
2024-02-11 02:34:02.734 [info] > git rev-parse --show-toplevel [11ms]
2024-02-11 02:34:02.734 [info] fatal: not a git repository (or any parent up to mount point /)
Stopping at filesystem boundary (GIT_DISCOVERY_ACROSS_FILESYSTEM not set).
2024-02-11 02:34:50.098 [info] > git rev-parse --show-toplevel [9ms]
2024-02-11 02:34:50.110 [info] fatal: not a git repository (or any parent up to mount point /)
Stopping at filesystem boundary (GIT_DISCOVERY_ACROSS_FILESYSTEM not set).
2024-02-11 02:35:00.797 [info] > git rev-parse --show-toplevel [35ms]
2024-02-11 02:35:00.798 [info] fatal: not a git repository (or any parent up to mount point /)
Stopping at filesystem boundary (GIT_DISCOVERY_ACROSS_FILESYSTEM not set).
2024-02-11 02:37:16.261 [info] > git rev-parse --show-toplevel [14ms]
2024-02-11 02:37:16.271 [info] fatal: not a git repository (or any parent up to mount point /)
Stopping at filesystem boundary (GIT_DISCOVERY_ACROSS_FILESYSTEM not set).
2024-02-11 02:37:16.980 [info] > git rev-parse --show-toplevel [27ms]
2024-02-11 02:37:16.980 [info] fatal: not a git repository (or any parent up to mount point /)
Stopping at filesystem boundary (GIT_DISCOVERY_ACROSS_FILESYSTEM not set).
2024-02-11 02:37:54.429 [info] > git rev-parse --show-toplevel [26ms]
2024-02-11 02:37:54.439 [info] fatal: not a git repository (or any parent up to mount point /)
Stopping at filesystem boundary (GIT_DISCOVERY_ACROSS_FILESYSTEM not set).
2024-02-11 02:38:03.375 [info] > git rev-parse --show-toplevel [4ms]
2024-02-11 02:38:03.376 [info] fatal: not a git repository (or any parent up to mount point /)
Stopping at filesystem boundary (GIT_DISCOVERY_ACROSS_FILESYSTEM not set).
2024-02-11 02:38:21.146 [info] > git rev-parse --show-toplevel [19ms]
2024-02-11 02:38:21.147 [info] fatal: not a git repository (or any parent up to mount point /)
Stopping at filesystem boundary (GIT_DISCOVERY_ACROSS_FILESYSTEM not set).
2024-02-11 02:38:29.682 [info] > git rev-parse --show-toplevel [26ms]
2024-02-11 02:38:29.688 [info] fatal: not a git repository (or any parent up to mount point /)
Stopping at filesystem boundary (GIT_DISCOVERY_ACROSS_FILESYSTEM not set).
2024-02-11 02:38:58.693 [info] > git rev-parse --show-toplevel [53ms]
2024-02-11 02:38:58.775 [info] fatal: not a git repository (or any parent up to mount point /)
Stopping at filesystem boundary (GIT_DISCOVERY_ACROSS_FILESYSTEM not set).
2024-02-11 02:39:00.649 [info] > git rev-parse --show-toplevel [23ms]
2024-02-11 02:39:00.651 [info] fatal: not a git repository (or any parent up to mount point /)
Stopping at filesystem boundary (GIT_DISCOVERY_ACROSS_FILESYSTEM not set).
2024-02-11 02:51:48.766 [info] > git rev-parse --show-toplevel [32ms]
2024-02-11 02:51:48.766 [info] fatal: not a git repository (or any parent up to mount point /)
Stopping at filesystem boundary (GIT_DISCOVERY_ACROSS_FILESYSTEM not set).
2024-02-11 02:51:49.421 [info] > git rev-parse --show-toplevel [20ms]
2024-02-11 02:51:49.422 [info] fatal: not a git repository (or any parent up to mount point /)
Stopping at filesystem boundary (GIT_DISCOVERY_ACROSS_FILESYSTEM not set).
2024-02-11 02:51:51.218 [info] > git rev-parse --show-toplevel [18ms]
2024-02-11 02:51:51.219 [info] fatal: not a git repository (or any parent up to mount point /)
Stopping at filesystem boundary (GIT_DISCOVERY_ACROSS_FILESYSTEM not set).
2024-02-11 02:52:48.313 [info] > git rev-parse --show-toplevel [14ms]
2024-02-11 02:52:48.313 [info] fatal: not a git repository (or any parent up to mount point /)
Stopping at filesystem boundary (GIT_DISCOVERY_ACROSS_FILESYSTEM not set).
2024-02-11 02:53:11.014 [info] > git rev-parse --show-toplevel [20ms]
2024-02-11 02:53:11.015 [info] fatal: not a git repository (or any parent up to mount point /)
Stopping at filesystem boundary (GIT_DISCOVERY_ACROSS_FILESYSTEM not set).
2024-02-11 02:53:28.856 [info] > git rev-parse --show-toplevel [37ms]
2024-02-11 02:53:28.857 [info] fatal: not a git repository (or any parent up to mount point /)
Stopping at filesystem boundary (GIT_DISCOVERY_ACROSS_FILESYSTEM not set).
