2024-02-11 02:08:51.305 [info] (Client) Pylance async client (2024.2.1) started with python extension (2024.0.1)
2024-02-11 02:08:52.602 [info] [Info  - 2:08:52 AM] (5961) Pylance language server 2024.2.1 (pyright version 1.1.348, commit cfb1de0c) starting
2024-02-11 02:08:52.718 [info] [Info  - 2:08:52 AM] (5961) Server root directory: file:///root/.vscode-server/extensions/ms-python.vscode-pylance-2024.2.1/dist
2024-02-11 02:08:52.719 [info] [Info  - 2:08:52 AM] (5961) Starting service instance "root"
2024-02-11 02:08:52.803 [info] [Info  - 2:08:52 AM] (5961) Setting pythonPath for service "root": "/usr/local/bin/python3"
2024-02-11 02:08:52.812 [info] [Info  - 2:08:52 AM] (5961) Setting environmentName for service "root": "3.11.7 (グローバル)"
2024-02-11 02:08:52.863 [info] [Info  - 2:08:52 AM] (5961) Assuming Python version 3.11
2024-02-11 02:08:53.362 [info] [Info  - 2:08:53 AM] (5961) Found 24 source files
2024-02-11 02:08:54.050 [info] [Info  - 2:08:54 AM] (5961) Background analysis(1) root directory: file:///root/.vscode-server/extensions/ms-python.vscode-pylance-2024.2.1/dist
2024-02-11 02:08:54.050 [info] [Info  - 2:08:54 AM] (5961) Background analysis(1) started
2024-02-11 02:08:54.530 [info] [Info  - 2:08:54 AM] (5961) Indexer background runner(2) root directory: file:///root/.vscode-server/extensions/ms-python.vscode-pylance-2024.2.1/dist (index)
2024-02-11 02:08:54.534 [info] [Info  - 2:08:54 AM] (5961) Indexing(2) started
2024-02-11 02:08:56.091 [info] [Info  - 2:08:56 AM] (5961) [BG(1)] Long operation: analyzing: file:///root/general/models/genre.py (2063ms)
2024-02-11 02:08:58.003 [info] [Info  - 2:08:58 AM] (5961) [IDX(2)] Long operation: scan packages file:///root (3387ms)
2024-02-11 02:08:58.045 [info] [Info  - 2:08:58 AM] (5961) scanned(2) 41 files over 1 exec env
2024-02-11 02:08:58.961 [info] [Info  - 2:08:58 AM] (5961) indexed(2) 28 files over 1 exec env
2024-02-11 02:08:59.025 [info] [Info  - 2:08:59 AM] (5961) Indexing finished(2).
2024-02-11 02:37:55.073 [info] [Info  - 2:37:55 AM] (5961) Found 21 source files
2024-02-11 02:38:21.744 [info] [Info  - 2:38:21 AM] (5961) Found 22 source files
2024-02-11 02:38:30.256 [info] [Info  - 2:38:30 AM] (5961) Found 23 source files
2024-02-11 02:39:00.534 [info] [Error - 2:39:00 AM] Server process exited with code 0.
2024-02-11 02:39:01.862 [info] (Client) Pylance async client (2024.2.1) started with python extension (2024.0.1)
2024-02-11 02:39:02.674 [info] [Info  - 2:39:02 AM] (24246) Pylance language server 2024.2.1 (pyright version 1.1.348, commit cfb1de0c) starting
2024-02-11 02:39:02.675 [info] [Info  - 2:39:02 AM] (24246) Server root directory: file:///root/.vscode-server/extensions/ms-python.vscode-pylance-2024.2.1/dist
2024-02-11 02:39:02.683 [info] [Info  - 2:39:02 AM] (24246) Starting service instance "root"
2024-02-11 02:39:02.777 [info] [Info  - 2:39:02 AM] (24246) Setting pythonPath for service "root": "/usr/local/bin/python3"
2024-02-11 02:39:02.778 [info] [Info  - 2:39:02 AM] (24246) Setting environmentName for service "root": "3.11.7 (グローバル)"
2024-02-11 02:39:02.834 [info] [Info  - 2:39:02 AM] (24246) Assuming Python version 3.11
2024-02-11 02:39:03.380 [info] [Info  - 2:39:03 AM] (24246) Found 23 source files
2024-02-11 02:39:04.571 [info] [Info  - 2:39:04 AM] (24246) Background analysis(1) root directory: file:///root/.vscode-server/extensions/ms-python.vscode-pylance-2024.2.1/dist
2024-02-11 02:39:04.571 [info] [Info  - 2:39:04 AM] (24246) Background analysis(1) started
2024-02-11 02:39:05.096 [info] [Info  - 2:39:05 AM] (24246) Indexer background runner(2) root directory: file:///root/.vscode-server/extensions/ms-python.vscode-pylance-2024.2.1/dist (index)
2024-02-11 02:39:05.097 [info] [Info  - 2:39:05 AM] (24246) Indexing(2) started
2024-02-11 02:39:08.203 [info] [Info  - 2:39:08 AM] (24246) [IDX(2)] Long operation: scan packages file:///root (3096ms)
2024-02-11 02:39:08.205 [info] [Info  - 2:39:08 AM] (24246) scanned(2) 41 files over 1 exec env
2024-02-11 02:39:09.075 [info] [Info  - 2:39:09 AM] (24246) indexed(2) 28 files over 1 exec env
2024-02-11 02:39:09.151 [info] [Info  - 2:39:09 AM] (24246) Indexing finished(2).
