2024-02-17 00:03:24.616 [info] (Client) Pylance async client (2024.2.2) started with python extension (2024.0.1)
2024-02-17 00:03:33.504 [info] [Info  - 12:03:29 AM] (3219) Pylance language server 2024.2.2 (pyright version 1.1.348, commit cfb1de0c) starting
2024-02-17 00:03:33.701 [info] [Info  - 12:03:33 AM] (3219) Server root directory: file:///root/.vscode-server/extensions/ms-python.vscode-pylance-2024.2.2/dist
2024-02-17 00:03:33.803 [info] [Info  - 12:03:33 AM] (3219) Starting service instance "root"
2024-02-17 00:03:34.973 [info] [Info  - 12:03:34 AM] (3219) Background analysis(1) root directory: file:///root/.vscode-server/extensions/ms-python.vscode-pylance-2024.2.2/dist
2024-02-17 00:03:35.216 [info] [Info  - 12:03:35 AM] (3219) Background analysis(1) started
2024-02-17 00:03:35.361 [info] [Info  - 12:03:35 AM] (3219) Setting pythonPath for service "root": "/usr/local/bin/python3"
2024-02-17 00:03:35.366 [info] [Info  - 12:03:35 AM] (3219) Setting environmentName for service "root": "3.11.7 (グローバル)"
2024-02-17 00:03:35.564 [info] [Info  - 12:03:35 AM] (3219) Assuming Python version 3.11
2024-02-17 00:05:14.025 [info] [Info  - 12:05:14 AM] (3219) Found 49 source files
2024-02-17 00:05:18.456 [info] [Info  - 12:05:18 AM] (3219) [FG] Long operation: parsing: file:///root/accounts/models.py (4414ms)
2024-02-17 00:05:21.428 [info] [Info  - 12:05:21 AM] (3219) [FG] Long operation: parsing: file:///root/.vscode-server/extensions/ms-python.vscode-pylance-2024.2.2/dist/typeshed-fallback/stdlib/builtins.pyi (2963ms)
2024-02-17 00:05:21.557 [info] [Info  - 12:05:21 AM] (3219) Indexer background runner(2) root directory: file:///root/.vscode-server/extensions/ms-python.vscode-pylance-2024.2.2/dist (index)
2024-02-17 00:05:24.485 [info] [Info  - 12:05:24 AM] (3219) Indexing(2) started
2024-02-17 00:05:24.603 [info] [Info  - 12:05:24 AM] (3219) [FG] Long operation: parsing: file:///root/accounts/admin.py (2985ms)
2024-02-17 00:05:27.946 [info] [Info  - 12:05:27 AM] (3219) [FG] Long operation: parsing: file:///root/commondb/models/user.py (3331ms)
2024-02-17 00:05:34.341 [info] [Info  - 12:05:34 AM] (3219) [BG(1)] Long operation: parsing: file:///root/accounts/models.py (12800ms)
2024-02-17 00:05:35.059 [info] [Info  - 12:05:35 AM] (3219) [BG(1)] Long operation: getSemanticTokens range 0:0 - 17:0 at file:///root/accounts/models.py (13519ms)
2024-02-17 00:05:43.105 [info] [Info  - 12:05:43 AM] (3219) [BG(1)] Long operation: parsing: file:///root/.vscode-server/extensions/ms-python.vscode-pylance-2024.2.2/dist/typeshed-fallback/stdlib/_collections_abc.pyi (4199ms)
2024-02-17 00:05:43.156 [info] [Info  - 12:05:43 AM] (3219) [BG(1)] Long operation: binding: file:///root/.vscode-server/extensions/ms-python.vscode-pylance-2024.2.2/dist/typeshed-fallback/stdlib/collections/abc.pyi (4203ms)
2024-02-17 00:05:47.605 [info] [Info  - 12:05:47 AM] (3219) [BG(1)] Long operation: parsing: file:///root/.vscode-server/extensions/ms-python.vscode-pylance-2024.2.2/dist/bundled/stubs/django-stubs/db/models/deletion.pyi (2528ms)
2024-02-17 00:05:47.613 [info] [Info  - 12:05:47 AM] (3219) [BG(1)] Long operation: getSemanticTokens full at file:///root/accounts/models.py (10301ms)
2024-02-17 00:05:48.472 [info] [Info  - 12:05:48 AM] (3219) [BG(1)] Long operation: parsing: file:///root/accounts/admin.py (2381ms)
2024-02-17 00:05:49.549 [info] [Info  - 12:05:49 AM] (3219) [BG(1)] Long operation: analyzing: file:///root/accounts/admin.py (2785ms)
2024-02-17 00:05:51.639 [info] [Info  - 12:05:51 AM] (3219) [BG(1)] Long operation: getSemanticTokens full at file:///root/accounts/admin.py (2713ms)
2024-02-17 00:05:55.102 [info] [Info  - 12:05:55 AM] (3219) [BG(1)] Long operation: parsing: file:///root/.vscode-server/extensions/ms-python.vscode-pylance-2024.2.2/dist/typeshed-fallback/stdlib/datetime.pyi (2902ms)
2024-02-17 00:05:55.287 [info] [Info  - 12:05:55 AM] (3219) [BG(1)] Long operation: getSemanticTokens full at file:///root/commondb/models/review.py (3574ms)
2024-02-17 00:05:59.473 [info] [Info  - 12:05:59 AM] (3219) [BG(1)] Long operation: parsing: file:///root/admi/admin.py (3568ms)
2024-02-17 00:05:59.475 [info] [Info  - 12:05:59 AM] (3219) [BG(1)] Long operation: indexing: file:///root/admi/admin.py (3569ms)
2024-02-17 00:06:03.331 [info] [Info  - 12:06:03 AM] (3219) [BG(1)] Long operation: parsing: file:///root/admi/views.py (2923ms)
2024-02-17 00:06:03.333 [info] [Info  - 12:06:03 AM] (3219) [BG(1)] Long operation: indexing: file:///root/admi/views.py (2925ms)
2024-02-17 00:06:07.473 [info] [Info  - 12:06:07 AM] (3219) [IDX(2)] Long operation: scan packages file:///root (47655ms)
2024-02-17 00:06:08.146 [info] [Info  - 12:06:08 AM] (3219) scanned(2) 43 files over 1 exec env
2024-02-17 00:06:14.572 [info] [Info  - 12:06:14 AM] (3219) [IDX(2)] Long operation: index packages file:///root (3073ms)
2024-02-17 00:06:15.019 [info] [Info  - 12:06:15 AM] (3219) indexed(2) 29 files over 1 exec env
2024-02-17 00:06:15.559 [info] [Info  - 12:06:15 AM] (3219) Indexing finished(2).
2024-02-17 01:04:37.849 [info] [Info  - 1:04:37 AM] (3219) Found 50 source files
2024-02-17 01:04:52.803 [info] [Info  - 1:04:52 AM] (3219) Found 50 source files
