2024-02-12 09:35:43.714 [info] (Client) Pylance async client (2024.2.1) started with python extension (2024.0.1)
2024-02-12 09:35:52.684 [info] [Info  - 9:35:50 AM] (759) Pylance language server 2024.2.1 (pyright version 1.1.348, commit cfb1de0c) starting
2024-02-12 09:35:52.730 [info] [Info  - 9:35:52 AM] (759) Server root directory: file:///root/.vscode-server/extensions/ms-python.vscode-pylance-2024.2.1/dist
2024-02-12 09:35:52.812 [info] [Info  - 9:35:52 AM] (759) Starting service instance "root"
2024-02-12 09:35:53.588 [info] [Info  - 9:35:53 AM] (759) Background analysis(1) root directory: file:///root/.vscode-server/extensions/ms-python.vscode-pylance-2024.2.1/dist
2024-02-12 09:35:53.745 [info] [Info  - 9:35:53 AM] (759) Background analysis(1) started
2024-02-12 09:35:53.893 [info] [Info  - 9:35:53 AM] (759) Setting pythonPath for service "root": "/usr/local/bin/python3"
2024-02-12 09:35:53.930 [info] [Info  - 9:35:53 AM] (759) Setting environmentName for service "root": "3.11.7 (グローバル)"
2024-02-12 09:35:54.757 [info] [Info  - 9:35:54 AM] (759) Assuming Python version 3.11
2024-02-12 09:36:00.021 [info] [Info  - 9:36:00 AM] (759) Found 29 source files
2024-02-12 09:36:02.380 [info] [Info  - 9:36:02 AM] (759) Indexer background runner(2) root directory: file:///root/.vscode-server/extensions/ms-python.vscode-pylance-2024.2.1/dist (index)
2024-02-12 09:36:02.408 [info] [Info  - 9:36:02 AM] (759) Indexing(2) started
2024-02-12 09:36:03.840 [info] [Info  - 9:36:03 AM] (759) [BG(1)] Long operation: parsing: file:///root/general/views/shop_detail_view.py (2399ms)
2024-02-12 09:36:05.441 [info] [Info  - 9:36:05 AM] (759) [BG(1)] Long operation: getSemanticTokens range 0:0 - 10:0 at file:///root/general/views/shop_detail_view.py (4001ms)
2024-02-12 09:36:11.646 [info] [Info  - 9:36:11 AM] (759) [IDX(2)] Long operation: scan packages file:///root (9436ms)
2024-02-12 09:36:11.648 [info] [Info  - 9:36:11 AM] (759) scanned(2) 41 files over 1 exec env
2024-02-12 09:36:16.310 [info] [Info  - 9:36:16 AM] (759) [IDX(2)] Long operation: index execution environment file:///root (3447ms)
2024-02-12 09:36:16.418 [info] [Info  - 9:36:16 AM] (759) [IDX(2)] Long operation: index packages file:///root (3571ms)
2024-02-12 09:36:16.418 [info] [Info  - 9:36:16 AM] (759) indexed(2) 28 files over 1 exec env
2024-02-12 09:36:16.527 [info] [Info  - 9:36:16 AM] (759) Indexing finished(2).
2024-02-12 10:26:51.343 [info] [Info  - 10:26:51 AM] (759) Found 36 source files
2024-02-12 10:30:57.516 [info] [Info  - 10:30:57 AM] (759) Found 40 source files
2024-02-12 10:31:13.530 [info] [Info  - 10:31:13 AM] (759) Found 40 source files
2024-02-12 10:31:20.555 [info] [Info  - 10:31:20 AM] (759) Found 40 source files
2024-02-12 10:31:28.539 [info] [Info  - 10:31:28 AM] (759) Found 40 source files
2024-02-12 10:37:39.138 [info] [Info  - 10:37:39 AM] (759) Found 41 source files
