2024-01-29 10:25:38.929 [info] 実験 'pythonaacf' はアクティブです
2024-01-29 10:25:38.929 [info] 実験 'pythonRecommendTensorboardExt' はアクティブです
2024-01-29 10:25:38.930 [info] 実験 'pythonREPLSmartSend' はアクティブです
2024-01-29 10:25:38.931 [info] 実験 'pythonTerminalEnvVarActivation' はアクティブです
2024-01-29 10:25:38.932 [info] 実験 'pythonTestAdapter' はアクティブです
2024-01-29 10:25:38.934 [info] Default formatter is set to null for workspace /root
2024-01-29 10:25:38.935 [info] Test server listening.
2024-01-29 10:25:38.937 [info] Python インタープリター パス: /usr/local/bin/python3
2024-01-29 10:25:38.938 [warning] Retry failed, storage update failed for key PYTHON_GLOBAL_STORAGE_KEYS
2024-01-29 10:25:38.938 [warning] Retry failed, storage update failed for key PYTHON_GLOBAL_STORAGE_KEYS
2024-01-29 10:25:38.977 [info] Send text to terminal: echo /bin/bash
2024-01-29 10:25:39.159 [warning] Retry failed, storage update failed for key PYTHON_GLOBAL_STORAGE_KEYS
2024-01-29 10:25:39.182 [warning] Retry failed, storage update failed for key PYTHON_GLOBAL_STORAGE_KEYS
2024-01-29 10:25:39.196 [warning] Retry failed, storage update failed for key PYTHON_GLOBAL_STORAGE_KEYS
2024-01-29 10:25:39.198 [warning] Retry failed, storage update failed for key PYTHON_GLOBAL_STORAGE_KEYS
2024-01-29 10:25:39.199 [warning] Retry failed, storage update failed for key PYTHON_GLOBAL_STORAGE_KEYS
2024-01-29 10:25:39.200 [warning] Retry failed, storage update failed for key PYTHON_GLOBAL_STORAGE_KEYS
2024-01-29 10:25:39.293 [warning] Retry failed, storage update failed for key PYTHON_GLOBAL_STORAGE_KEYS
2024-01-29 10:25:39.293 [warning] Retry failed, storage update failed for key PYTHON_GLOBAL_STORAGE_KEYS
2024-01-29 10:25:40.021 [info] > conda info --json
2024-01-29 10:25:42.819 [info] Pylance 言語サーバーを開始しています。
2024-01-29 10:26:31.922 [info] Discover tests for workspace name: root - uri: /root/config/settings.py
