2024-01-29 13:29:38.064 [info] (Client) Pylance async client (2023.12.1) started with python extension (2023.22.1)
2024-01-29 13:29:40.061 [info] [Info  - 1:29:39 PM] (1286) Pylance language server 2023.12.1 (pyright a78e2b10) starting
2024-01-29 13:29:40.086 [info] [Info  - 1:29:40 PM] (1286) Server root directory: /root/.vscode-server/extensions/ms-python.vscode-pylance-2023.12.1/dist
2024-01-29 13:29:40.105 [info] [Info  - 1:29:40 PM] (1286) Starting service instance "root"
2024-01-29 13:29:40.754 [info] [Info  - 1:29:40 PM] (1286) Setting pythonPath for service "root": "/usr/local/bin/python3"
2024-01-29 13:29:40.763 [info] [Info  - 1:29:40 PM] (1286) Setting environmentName for service "root": "3.12.1 (グローバル)"
2024-01-29 13:29:40.857 [info] [Info  - 1:29:40 PM] (1286) Assuming Python version 3.4
2024-01-29 13:29:41.400 [info] [Info  - 1:29:41 PM] (1286) Found 20 source files
2024-01-29 13:40:57.489 [info] [Error - 1:40:57 PM] Server process exited with code 0.
2024-01-29 13:40:58.053 [info] (Client) Pylance async client (2023.12.1) started with python extension (2023.22.1)
2024-01-29 13:40:59.099 [info] [Info  - 1:40:59 PM] (10011) Pylance language server 2023.12.1 (pyright a78e2b10) starting
2024-01-29 13:40:59.099 [info] [Info  - 1:40:59 PM] (10011) Server root directory: /root/.vscode-server/extensions/ms-python.vscode-pylance-2023.12.1/dist
2024-01-29 13:40:59.118 [info] [Info  - 1:40:59 PM] (10011) Starting service instance "root"
2024-01-29 13:40:59.212 [info] [Info  - 1:40:59 PM] (10011) Setting pythonPath for service "root": "/usr/local/bin/python3"
2024-01-29 13:40:59.212 [info] [Info  - 1:40:59 PM] (10011) Setting environmentName for service "root": "3.12.1 (グローバル)"
2024-01-29 13:40:59.507 [info] [Info  - 1:40:59 PM] (10011) Assuming Python version 3.4
2024-01-29 13:40:59.969 [info] [Info  - 1:40:59 PM] (10011) Found 20 source files
2024-01-29 13:41:13.255 [info] [Error - 1:41:13 PM] Server process exited with code 0.
2024-01-29 13:41:13.826 [info] (Client) Pylance async client (2023.12.1) started with python extension (2023.22.1)
2024-01-29 13:41:15.142 [info] [Info  - 1:41:15 PM] (10651) Pylance language server 2023.12.1 (pyright a78e2b10) starting
2024-01-29 13:41:15.143 [info] [Info  - 1:41:15 PM] (10651) Server root directory: /root/.vscode-server/extensions/ms-python.vscode-pylance-2023.12.1/dist
2024-01-29 13:41:15.165 [info] [Info  - 1:41:15 PM] (10651) Starting service instance "root"
2024-01-29 13:41:15.363 [info] [Info  - 1:41:15 PM] (10651) Setting pythonPath for service "root": "/usr/local/bin/python3"
2024-01-29 13:41:15.373 [info] [Info  - 1:41:15 PM] (10651) Setting environmentName for service "root": "3.12.1 (グローバル)"
2024-01-29 13:41:15.606 [info] [Info  - 1:41:15 PM] (10651) Assuming Python version 3.4
2024-01-29 13:41:16.004 [info] [Info  - 1:41:16 PM] (10651) Found 20 source files
