2024-02-17 07:01:22.544 [info] ログ レベル: Info
2024-02-17 07:01:22.545 [info] Git の検証が検出されました: "git"
2024-02-17 07:01:22.546 [info] "git" から Git "2.39.2" を使用しています
2024-02-17 07:01:22.547 [info] > git rev-parse --show-toplevel [123ms]
2024-02-17 07:01:22.548 [info] fatal: not a git repository (or any parent up to mount point /)
Stopping at filesystem boundary (GIT_DISCOVERY_ACROSS_FILESYSTEM not set).
2024-02-17 07:01:22.548 [info] > git rev-parse --show-toplevel [287ms]
2024-02-17 07:01:22.549 [info] fatal: not a git repository (or any parent up to mount point /)
Stopping at filesystem boundary (GIT_DISCOVERY_ACROSS_FILESYSTEM not set).
2024-02-17 07:01:22.822 [info] > git rev-parse --show-toplevel [299ms]
2024-02-17 07:01:22.822 [info] fatal: not a git repository (or any parent up to mount point /)
Stopping at filesystem boundary (GIT_DISCOVERY_ACROSS_FILESYSTEM not set).
2024-02-17 07:01:22.869 [info] > git rev-parse --show-toplevel [28ms]
2024-02-17 07:01:22.873 [info] fatal: not a git repository (or any parent up to mount point /)
Stopping at filesystem boundary (GIT_DISCOVERY_ACROSS_FILESYSTEM not set).
2024-02-17 07:01:22.927 [info] > git rev-parse --show-toplevel [27ms]
2024-02-17 07:01:22.930 [info] fatal: not a git repository (or any parent up to mount point /)
Stopping at filesystem boundary (GIT_DISCOVERY_ACROSS_FILESYSTEM not set).
2024-02-17 07:01:23.020 [info] > git rev-parse --show-toplevel [53ms]
2024-02-17 07:01:23.021 [info] fatal: not a git repository (or any parent up to mount point /)
Stopping at filesystem boundary (GIT_DISCOVERY_ACROSS_FILESYSTEM not set).
2024-02-17 07:01:23.075 [info] > git rev-parse --show-toplevel [27ms]
2024-02-17 07:01:23.076 [info] fatal: not a git repository (or any parent up to mount point /)
Stopping at filesystem boundary (GIT_DISCOVERY_ACROSS_FILESYSTEM not set).
2024-02-17 07:01:23.136 [info] > git rev-parse --show-toplevel [33ms]
2024-02-17 07:01:23.138 [info] fatal: not a git repository (or any parent up to mount point /)
Stopping at filesystem boundary (GIT_DISCOVERY_ACROSS_FILESYSTEM not set).
2024-02-17 07:01:23.185 [info] > git rev-parse --show-toplevel [26ms]
2024-02-17 07:01:23.186 [info] fatal: not a git repository (or any parent up to mount point /)
Stopping at filesystem boundary (GIT_DISCOVERY_ACROSS_FILESYSTEM not set).
2024-02-17 07:01:23.241 [info] > git rev-parse --show-toplevel [32ms]
2024-02-17 07:01:23.241 [info] fatal: not a git repository (or any parent up to mount point /)
Stopping at filesystem boundary (GIT_DISCOVERY_ACROSS_FILESYSTEM not set).
2024-02-17 07:01:23.350 [info] > git rev-parse --show-toplevel [84ms]
2024-02-17 07:01:23.353 [info] fatal: not a git repository (or any parent up to mount point /)
Stopping at filesystem boundary (GIT_DISCOVERY_ACROSS_FILESYSTEM not set).
2024-02-17 07:01:23.443 [info] > git rev-parse --show-toplevel [60ms]
2024-02-17 07:01:23.447 [info] fatal: not a git repository (or any parent up to mount point /)
Stopping at filesystem boundary (GIT_DISCOVERY_ACROSS_FILESYSTEM not set).
2024-02-17 07:01:23.590 [info] > git rev-parse --show-toplevel [114ms]
2024-02-17 07:01:23.591 [info] fatal: not a git repository (or any parent up to mount point /)
Stopping at filesystem boundary (GIT_DISCOVERY_ACROSS_FILESYSTEM not set).
2024-02-17 07:01:23.667 [info] > git rev-parse --show-toplevel [45ms]
2024-02-17 07:01:23.670 [info] fatal: not a git repository (or any parent up to mount point /)
Stopping at filesystem boundary (GIT_DISCOVERY_ACROSS_FILESYSTEM not set).
2024-02-17 07:01:23.727 [info] > git rev-parse --show-toplevel [36ms]
2024-02-17 07:01:23.728 [info] fatal: not a git repository (or any parent up to mount point /)
Stopping at filesystem boundary (GIT_DISCOVERY_ACROSS_FILESYSTEM not set).
2024-02-17 07:01:52.914 [info] > git rev-parse --show-toplevel [21ms]
2024-02-17 07:01:52.916 [info] fatal: not a git repository (or any parent up to mount point /)
Stopping at filesystem boundary (GIT_DISCOVERY_ACROSS_FILESYSTEM not set).
2024-02-17 07:09:22.286 [info] > git rev-parse --show-toplevel [16ms]
2024-02-17 07:09:22.298 [info] fatal: not a git repository (or any parent up to mount point /)
Stopping at filesystem boundary (GIT_DISCOVERY_ACROSS_FILESYSTEM not set).
2024-02-17 07:09:27.291 [info] > git rev-parse --show-toplevel [15ms]
2024-02-17 07:09:27.292 [info] fatal: not a git repository (or any parent up to mount point /)
Stopping at filesystem boundary (GIT_DISCOVERY_ACROSS_FILESYSTEM not set).
2024-02-17 07:13:12.540 [info] > git rev-parse --show-toplevel [22ms]
2024-02-17 07:13:12.541 [info] fatal: not a git repository (or any parent up to mount point /)
Stopping at filesystem boundary (GIT_DISCOVERY_ACROSS_FILESYSTEM not set).
2024-02-17 07:13:17.417 [info] > git rev-parse --show-toplevel [8ms]
2024-02-17 07:13:17.419 [info] fatal: not a git repository (or any parent up to mount point /)
Stopping at filesystem boundary (GIT_DISCOVERY_ACROSS_FILESYSTEM not set).
2024-02-17 07:15:27.380 [info] > git rev-parse --show-toplevel [17ms]
2024-02-17 07:15:27.390 [info] fatal: not a git repository (or any parent up to mount point /)
Stopping at filesystem boundary (GIT_DISCOVERY_ACROSS_FILESYSTEM not set).
2024-02-17 07:15:34.196 [info] > git rev-parse --show-toplevel [67ms]
2024-02-17 07:15:34.202 [info] fatal: not a git repository (or any parent up to mount point /)
Stopping at filesystem boundary (GIT_DISCOVERY_ACROSS_FILESYSTEM not set).
2024-02-17 07:15:35.128 [info] > git rev-parse --show-toplevel [16ms]
2024-02-17 07:15:35.129 [info] fatal: not a git repository (or any parent up to mount point /)
Stopping at filesystem boundary (GIT_DISCOVERY_ACROSS_FILESYSTEM not set).
2024-02-17 07:22:50.571 [info] > git rev-parse --show-toplevel [16ms]
2024-02-17 07:22:50.577 [info] fatal: not a git repository (or any parent up to mount point /)
Stopping at filesystem boundary (GIT_DISCOVERY_ACROSS_FILESYSTEM not set).
2024-02-17 07:26:07.741 [info] > git rev-parse --show-toplevel [24ms]
2024-02-17 07:26:07.747 [info] fatal: not a git repository (or any parent up to mount point /)
Stopping at filesystem boundary (GIT_DISCOVERY_ACROSS_FILESYSTEM not set).
2024-02-17 07:30:08.146 [info] > git rev-parse --show-toplevel [38ms]
2024-02-17 07:30:08.152 [info] fatal: not a git repository (or any parent up to mount point /)
Stopping at filesystem boundary (GIT_DISCOVERY_ACROSS_FILESYSTEM not set).
2024-02-17 07:30:35.503 [info] > git rev-parse --show-toplevel [16ms]
2024-02-17 07:30:35.503 [info] fatal: not a git repository (or any parent up to mount point /)
Stopping at filesystem boundary (GIT_DISCOVERY_ACROSS_FILESYSTEM not set).
2024-02-17 07:33:25.091 [info] > git rev-parse --show-toplevel [34ms]
2024-02-17 07:33:25.216 [info] fatal: not a git repository (or any parent up to mount point /)
Stopping at filesystem boundary (GIT_DISCOVERY_ACROSS_FILESYSTEM not set).
2024-02-17 07:34:09.711 [info] > git rev-parse --show-toplevel [35ms]
2024-02-17 07:34:09.711 [info] fatal: not a git repository (or any parent up to mount point /)
Stopping at filesystem boundary (GIT_DISCOVERY_ACROSS_FILESYSTEM not set).
2024-02-17 07:34:10.076 [info] > git rev-parse --show-toplevel [107ms]
2024-02-17 07:34:10.078 [info] fatal: not a git repository (or any parent up to mount point /)
Stopping at filesystem boundary (GIT_DISCOVERY_ACROSS_FILESYSTEM not set).
2024-02-17 07:34:16.501 [info] > git rev-parse --show-toplevel [11ms]
2024-02-17 07:34:16.502 [info] fatal: not a git repository (or any parent up to mount point /)
Stopping at filesystem boundary (GIT_DISCOVERY_ACROSS_FILESYSTEM not set).
2024-02-17 07:36:29.289 [info] > git rev-parse --show-toplevel [33ms]
2024-02-17 07:36:29.295 [info] fatal: not a git repository (or any parent up to mount point /)
Stopping at filesystem boundary (GIT_DISCOVERY_ACROSS_FILESYSTEM not set).
2024-02-17 07:38:37.783 [info] > git rev-parse --show-toplevel [12ms]
2024-02-17 07:38:37.796 [info] fatal: not a git repository (or any parent up to mount point /)
Stopping at filesystem boundary (GIT_DISCOVERY_ACROSS_FILESYSTEM not set).
2024-02-17 07:41:15.484 [info] > git rev-parse --show-toplevel [14ms]
2024-02-17 07:41:15.497 [info] fatal: not a git repository (or any parent up to mount point /)
Stopping at filesystem boundary (GIT_DISCOVERY_ACROSS_FILESYSTEM not set).
2024-02-17 07:45:29.714 [info] > git rev-parse --show-toplevel [11ms]
2024-02-17 07:45:29.717 [info] fatal: not a git repository (or any parent up to mount point /)
Stopping at filesystem boundary (GIT_DISCOVERY_ACROSS_FILESYSTEM not set).
2024-02-17 07:45:47.541 [info] > git rev-parse --show-toplevel [21ms]
2024-02-17 07:45:47.542 [info] fatal: not a git repository (or any parent up to mount point /)
Stopping at filesystem boundary (GIT_DISCOVERY_ACROSS_FILESYSTEM not set).
2024-02-17 07:47:59.496 [info] > git rev-parse --show-toplevel [11ms]
2024-02-17 07:47:59.505 [info] fatal: not a git repository (or any parent up to mount point /)
Stopping at filesystem boundary (GIT_DISCOVERY_ACROSS_FILESYSTEM not set).
2024-02-17 07:48:16.714 [info] > git rev-parse --show-toplevel [9ms]
2024-02-17 07:48:16.714 [info] fatal: not a git repository (or any parent up to mount point /)
Stopping at filesystem boundary (GIT_DISCOVERY_ACROSS_FILESYSTEM not set).
2024-02-17 07:48:57.883 [info] > git rev-parse --show-toplevel [131ms]
2024-02-17 07:48:57.908 [info] fatal: not a git repository (or any parent up to mount point /)
Stopping at filesystem boundary (GIT_DISCOVERY_ACROSS_FILESYSTEM not set).
2024-02-17 07:48:59.916 [info] > git rev-parse --show-toplevel [8ms]
2024-02-17 07:48:59.916 [info] fatal: not a git repository (or any parent up to mount point /)
Stopping at filesystem boundary (GIT_DISCOVERY_ACROSS_FILESYSTEM not set).
2024-02-17 07:49:03.850 [info] > git rev-parse --show-toplevel [19ms]
2024-02-17 07:49:03.852 [info] fatal: not a git repository (or any parent up to mount point /)
Stopping at filesystem boundary (GIT_DISCOVERY_ACROSS_FILESYSTEM not set).
2024-02-17 07:49:57.176 [info] > git rev-parse --show-toplevel [9ms]
2024-02-17 07:49:57.187 [info] fatal: not a git repository (or any parent up to mount point /)
Stopping at filesystem boundary (GIT_DISCOVERY_ACROSS_FILESYSTEM not set).
2024-02-17 07:51:21.477 [info] > git rev-parse --show-toplevel [28ms]
2024-02-17 07:51:21.480 [info] fatal: not a git repository (or any parent up to mount point /)
Stopping at filesystem boundary (GIT_DISCOVERY_ACROSS_FILESYSTEM not set).
2024-02-17 07:51:48.092 [info] > git rev-parse --show-toplevel [24ms]
2024-02-17 07:51:48.093 [info] fatal: not a git repository (or any parent up to mount point /)
Stopping at filesystem boundary (GIT_DISCOVERY_ACROSS_FILESYSTEM not set).
2024-02-17 07:52:27.559 [info] > git rev-parse --show-toplevel [17ms]
2024-02-17 07:52:27.572 [info] fatal: not a git repository (or any parent up to mount point /)
Stopping at filesystem boundary (GIT_DISCOVERY_ACROSS_FILESYSTEM not set).
2024-02-17 07:53:19.429 [info] > git rev-parse --show-toplevel [24ms]
2024-02-17 07:53:19.429 [info] fatal: not a git repository (or any parent up to mount point /)
Stopping at filesystem boundary (GIT_DISCOVERY_ACROSS_FILESYSTEM not set).
2024-02-17 07:54:56.991 [info] > git rev-parse --show-toplevel [12ms]
2024-02-17 07:54:57.001 [info] fatal: not a git repository (or any parent up to mount point /)
Stopping at filesystem boundary (GIT_DISCOVERY_ACROSS_FILESYSTEM not set).
2024-02-17 07:55:43.703 [info] > git rev-parse --show-toplevel [13ms]
2024-02-17 07:55:43.726 [info] fatal: not a git repository (or any parent up to mount point /)
Stopping at filesystem boundary (GIT_DISCOVERY_ACROSS_FILESYSTEM not set).
2024-02-17 07:55:56.848 [info] > git rev-parse --show-toplevel [29ms]
2024-02-17 07:55:56.854 [info] fatal: not a git repository (or any parent up to mount point /)
Stopping at filesystem boundary (GIT_DISCOVERY_ACROSS_FILESYSTEM not set).
2024-02-17 07:56:08.632 [info] > git rev-parse --show-toplevel [18ms]
2024-02-17 07:56:08.633 [info] fatal: not a git repository (or any parent up to mount point /)
Stopping at filesystem boundary (GIT_DISCOVERY_ACROSS_FILESYSTEM not set).
2024-02-17 07:56:52.970 [info] > git rev-parse --show-toplevel [38ms]
2024-02-17 07:56:52.983 [info] fatal: not a git repository (or any parent up to mount point /)
Stopping at filesystem boundary (GIT_DISCOVERY_ACROSS_FILESYSTEM not set).
2024-02-17 08:00:56.909 [info] > git rev-parse --show-toplevel [9ms]
2024-02-17 08:00:56.914 [info] fatal: not a git repository (or any parent up to mount point /)
Stopping at filesystem boundary (GIT_DISCOVERY_ACROSS_FILESYSTEM not set).
2024-02-17 08:02:28.537 [info] > git rev-parse --show-toplevel [7ms]
2024-02-17 08:02:28.552 [info] fatal: not a git repository (or any parent up to mount point /)
Stopping at filesystem boundary (GIT_DISCOVERY_ACROSS_FILESYSTEM not set).
2024-02-17 08:05:06.765 [info] > git rev-parse --show-toplevel [219ms]
2024-02-17 08:05:06.780 [info] fatal: not a git repository (or any parent up to mount point /)
Stopping at filesystem boundary (GIT_DISCOVERY_ACROSS_FILESYSTEM not set).
2024-02-17 08:09:09.713 [info] > git rev-parse --show-toplevel [70ms]
2024-02-17 08:09:09.724 [info] fatal: not a git repository (or any parent up to mount point /)
Stopping at filesystem boundary (GIT_DISCOVERY_ACROSS_FILESYSTEM not set).
2024-02-17 08:09:19.536 [info] > git rev-parse --show-toplevel [127ms]
2024-02-17 08:09:19.537 [info] fatal: not a git repository (or any parent up to mount point /)
Stopping at filesystem boundary (GIT_DISCOVERY_ACROSS_FILESYSTEM not set).
2024-02-17 08:09:22.236 [info] > git rev-parse --show-toplevel [24ms]
2024-02-17 08:09:22.246 [info] fatal: not a git repository (or any parent up to mount point /)
Stopping at filesystem boundary (GIT_DISCOVERY_ACROSS_FILESYSTEM not set).
2024-02-17 08:09:28.433 [info] > git rev-parse --show-toplevel [42ms]
2024-02-17 08:09:28.433 [info] fatal: not a git repository (or any parent up to mount point /)
Stopping at filesystem boundary (GIT_DISCOVERY_ACROSS_FILESYSTEM not set).
2024-02-17 08:09:45.983 [info] > git rev-parse --show-toplevel [18ms]
2024-02-17 08:09:46.003 [info] fatal: not a git repository (or any parent up to mount point /)
Stopping at filesystem boundary (GIT_DISCOVERY_ACROSS_FILESYSTEM not set).
2024-02-17 08:35:33.894 [info] > git rev-parse --show-toplevel [24ms]
2024-02-17 08:35:33.912 [info] fatal: not a git repository (or any parent up to mount point /)
Stopping at filesystem boundary (GIT_DISCOVERY_ACROSS_FILESYSTEM not set).
2024-02-17 08:35:53.512 [info] > git rev-parse --show-toplevel [8ms]
2024-02-17 08:35:53.513 [info] fatal: not a git repository (or any parent up to mount point /)
Stopping at filesystem boundary (GIT_DISCOVERY_ACROSS_FILESYSTEM not set).
2024-02-17 08:37:21.596 [info] > git rev-parse --show-toplevel [16ms]
2024-02-17 08:37:21.611 [info] fatal: not a git repository (or any parent up to mount point /)
Stopping at filesystem boundary (GIT_DISCOVERY_ACROSS_FILESYSTEM not set).
2024-02-17 08:38:06.689 [info] > git rev-parse --show-toplevel [33ms]
2024-02-17 08:38:06.700 [info] fatal: not a git repository (or any parent up to mount point /)
Stopping at filesystem boundary (GIT_DISCOVERY_ACROSS_FILESYSTEM not set).
2024-02-17 08:38:29.623 [info] > git rev-parse --show-toplevel [8ms]
2024-02-17 08:38:29.623 [info] fatal: not a git repository (or any parent up to mount point /)
Stopping at filesystem boundary (GIT_DISCOVERY_ACROSS_FILESYSTEM not set).
2024-02-17 08:41:39.107 [info] > git rev-parse --show-toplevel [57ms]
2024-02-17 08:41:39.185 [info] fatal: not a git repository (or any parent up to mount point /)
Stopping at filesystem boundary (GIT_DISCOVERY_ACROSS_FILESYSTEM not set).
2024-02-17 08:41:51.531 [info] > git rev-parse --show-toplevel [17ms]
2024-02-17 08:41:51.532 [info] fatal: not a git repository (or any parent up to mount point /)
Stopping at filesystem boundary (GIT_DISCOVERY_ACROSS_FILESYSTEM not set).
2024-02-17 08:49:47.805 [info] > git rev-parse --show-toplevel [24ms]
2024-02-17 08:49:47.814 [info] fatal: not a git repository (or any parent up to mount point /)
Stopping at filesystem boundary (GIT_DISCOVERY_ACROSS_FILESYSTEM not set).
2024-02-17 08:49:54.399 [info] > git rev-parse --show-toplevel [17ms]
2024-02-17 08:49:54.399 [info] fatal: not a git repository (or any parent up to mount point /)
Stopping at filesystem boundary (GIT_DISCOVERY_ACROSS_FILESYSTEM not set).
2024-02-17 08:53:54.391 [info] > git rev-parse --show-toplevel [12ms]
2024-02-17 08:53:54.393 [info] fatal: not a git repository (or any parent up to mount point /)
Stopping at filesystem boundary (GIT_DISCOVERY_ACROSS_FILESYSTEM not set).
2024-02-17 08:54:50.731 [info] > git rev-parse --show-toplevel [12ms]
2024-02-17 08:54:50.745 [info] fatal: not a git repository (or any parent up to mount point /)
Stopping at filesystem boundary (GIT_DISCOVERY_ACROSS_FILESYSTEM not set).
2024-02-17 08:54:54.868 [info] > git rev-parse --show-toplevel [47ms]
2024-02-17 08:54:54.869 [info] fatal: not a git repository (or any parent up to mount point /)
Stopping at filesystem boundary (GIT_DISCOVERY_ACROSS_FILESYSTEM not set).
2024-02-17 08:55:00.594 [info] > git rev-parse --show-toplevel [28ms]
2024-02-17 08:55:00.595 [info] fatal: not a git repository (or any parent up to mount point /)
Stopping at filesystem boundary (GIT_DISCOVERY_ACROSS_FILESYSTEM not set).
2024-02-17 08:55:02.776 [info] > git rev-parse --show-toplevel [10ms]
2024-02-17 08:55:02.777 [info] fatal: not a git repository (or any parent up to mount point /)
Stopping at filesystem boundary (GIT_DISCOVERY_ACROSS_FILESYSTEM not set).
2024-02-17 08:55:09.636 [info] > git rev-parse --show-toplevel [27ms]
2024-02-17 08:55:09.640 [info] fatal: not a git repository (or any parent up to mount point /)
Stopping at filesystem boundary (GIT_DISCOVERY_ACROSS_FILESYSTEM not set).
2024-02-17 08:55:10.498 [info] > git rev-parse --show-toplevel [16ms]
2024-02-17 08:55:10.498 [info] fatal: not a git repository (or any parent up to mount point /)
Stopping at filesystem boundary (GIT_DISCOVERY_ACROSS_FILESYSTEM not set).
2024-02-17 08:55:30.460 [info] > git rev-parse --show-toplevel [10ms]
2024-02-17 08:55:30.461 [info] fatal: not a git repository (or any parent up to mount point /)
Stopping at filesystem boundary (GIT_DISCOVERY_ACROSS_FILESYSTEM not set).
2024-02-17 08:55:39.640 [info] > git rev-parse --show-toplevel [12ms]
2024-02-17 08:55:39.640 [info] fatal: not a git repository (or any parent up to mount point /)
Stopping at filesystem boundary (GIT_DISCOVERY_ACROSS_FILESYSTEM not set).
2024-02-17 08:55:45.684 [info] > git rev-parse --show-toplevel [18ms]
2024-02-17 08:55:45.685 [info] fatal: not a git repository (or any parent up to mount point /)
Stopping at filesystem boundary (GIT_DISCOVERY_ACROSS_FILESYSTEM not set).
2024-02-17 08:55:55.006 [info] > git rev-parse --show-toplevel [27ms]
2024-02-17 08:55:55.008 [info] fatal: not a git repository (or any parent up to mount point /)
Stopping at filesystem boundary (GIT_DISCOVERY_ACROSS_FILESYSTEM not set).
2024-02-17 08:56:38.357 [info] > git rev-parse --show-toplevel [12ms]
2024-02-17 08:56:38.379 [info] fatal: not a git repository (or any parent up to mount point /)
Stopping at filesystem boundary (GIT_DISCOVERY_ACROSS_FILESYSTEM not set).
2024-02-17 08:56:54.538 [info] > git rev-parse --show-toplevel [15ms]
2024-02-17 08:56:54.540 [info] fatal: not a git repository (or any parent up to mount point /)
Stopping at filesystem boundary (GIT_DISCOVERY_ACROSS_FILESYSTEM not set).
2024-02-17 08:57:02.350 [info] > git rev-parse --show-toplevel [19ms]
2024-02-17 08:57:02.356 [info] fatal: not a git repository (or any parent up to mount point /)
Stopping at filesystem boundary (GIT_DISCOVERY_ACROSS_FILESYSTEM not set).
2024-02-17 08:57:10.108 [info] > git rev-parse --show-toplevel [22ms]
2024-02-17 08:57:10.108 [info] fatal: not a git repository (or any parent up to mount point /)
Stopping at filesystem boundary (GIT_DISCOVERY_ACROSS_FILESYSTEM not set).
2024-02-17 08:57:30.629 [info] > git rev-parse --show-toplevel [31ms]
2024-02-17 08:57:30.634 [info] fatal: not a git repository (or any parent up to mount point /)
Stopping at filesystem boundary (GIT_DISCOVERY_ACROSS_FILESYSTEM not set).
2024-02-17 08:57:36.043 [info] > git rev-parse --show-toplevel [9ms]
2024-02-17 08:57:36.044 [info] fatal: not a git repository (or any parent up to mount point /)
Stopping at filesystem boundary (GIT_DISCOVERY_ACROSS_FILESYSTEM not set).
2024-02-17 08:58:25.747 [info] > git rev-parse --show-toplevel [119ms]
2024-02-17 08:58:25.749 [info] fatal: not a git repository (or any parent up to mount point /)
Stopping at filesystem boundary (GIT_DISCOVERY_ACROSS_FILESYSTEM not set).
2024-02-17 08:59:14.023 [info] > git rev-parse --show-toplevel [18ms]
2024-02-17 08:59:14.024 [info] fatal: not a git repository (or any parent up to mount point /)
Stopping at filesystem boundary (GIT_DISCOVERY_ACROSS_FILESYSTEM not set).
2024-02-17 08:59:38.763 [info] > git rev-parse --show-toplevel [20ms]
2024-02-17 08:59:38.777 [info] fatal: not a git repository (or any parent up to mount point /)
Stopping at filesystem boundary (GIT_DISCOVERY_ACROSS_FILESYSTEM not set).
2024-02-17 08:59:42.778 [info] > git rev-parse --show-toplevel [34ms]
2024-02-17 08:59:42.783 [info] fatal: not a git repository (or any parent up to mount point /)
Stopping at filesystem boundary (GIT_DISCOVERY_ACROSS_FILESYSTEM not set).
2024-02-17 09:01:59.117 [info] > git rev-parse --show-toplevel [48ms]
2024-02-17 09:01:59.121 [info] fatal: not a git repository (or any parent up to mount point /)
Stopping at filesystem boundary (GIT_DISCOVERY_ACROSS_FILESYSTEM not set).
2024-02-17 09:03:19.548 [info] > git rev-parse --show-toplevel [10ms]
2024-02-17 09:03:19.556 [info] fatal: not a git repository (or any parent up to mount point /)
Stopping at filesystem boundary (GIT_DISCOVERY_ACROSS_FILESYSTEM not set).
2024-02-17 09:03:53.358 [info] > git rev-parse --show-toplevel [14ms]
2024-02-17 09:03:53.376 [info] fatal: not a git repository (or any parent up to mount point /)
Stopping at filesystem boundary (GIT_DISCOVERY_ACROSS_FILESYSTEM not set).
2024-02-17 11:07:34.103 [info] > git rev-parse --show-toplevel [143ms]
2024-02-17 11:07:34.154 [info] fatal: not a git repository (or any parent up to mount point /)
Stopping at filesystem boundary (GIT_DISCOVERY_ACROSS_FILESYSTEM not set).
2024-02-17 11:07:48.037 [info] > git rev-parse --show-toplevel [21ms]
2024-02-17 11:07:48.038 [info] fatal: not a git repository (or any parent up to mount point /)
Stopping at filesystem boundary (GIT_DISCOVERY_ACROSS_FILESYSTEM not set).
2024-02-17 11:07:50.722 [info] > git rev-parse --show-toplevel [14ms]
2024-02-17 11:07:50.724 [info] fatal: not a git repository (or any parent up to mount point /)
Stopping at filesystem boundary (GIT_DISCOVERY_ACROSS_FILESYSTEM not set).
2024-02-17 11:07:55.192 [info] > git rev-parse --show-toplevel [21ms]
2024-02-17 11:07:55.193 [info] fatal: not a git repository (or any parent up to mount point /)
Stopping at filesystem boundary (GIT_DISCOVERY_ACROSS_FILESYSTEM not set).
2024-02-17 11:07:58.514 [info] > git rev-parse --show-toplevel [197ms]
2024-02-17 11:07:58.517 [info] fatal: not a git repository (or any parent up to mount point /)
Stopping at filesystem boundary (GIT_DISCOVERY_ACROSS_FILESYSTEM not set).
2024-02-17 11:08:15.837 [info] > git rev-parse --show-toplevel [45ms]
2024-02-17 11:08:15.838 [info] fatal: not a git repository (or any parent up to mount point /)
Stopping at filesystem boundary (GIT_DISCOVERY_ACROSS_FILESYSTEM not set).
2024-02-17 11:08:22.151 [info] > git rev-parse --show-toplevel [28ms]
2024-02-17 11:08:22.151 [info] fatal: not a git repository (or any parent up to mount point /)
Stopping at filesystem boundary (GIT_DISCOVERY_ACROSS_FILESYSTEM not set).
2024-02-17 11:08:47.091 [info] > git rev-parse --show-toplevel [337ms]
2024-02-17 11:08:47.112 [info] fatal: not a git repository (or any parent up to mount point /)
Stopping at filesystem boundary (GIT_DISCOVERY_ACROSS_FILESYSTEM not set).
2024-02-17 11:08:56.823 [info] > git rev-parse --show-toplevel [1469ms]
2024-02-17 11:08:56.857 [info] fatal: not a git repository (or any parent up to mount point /)
Stopping at filesystem boundary (GIT_DISCOVERY_ACROSS_FILESYSTEM not set).
2024-02-17 11:08:58.037 [info] > git rev-parse --show-toplevel [22ms]
2024-02-17 11:08:58.037 [info] fatal: not a git repository (or any parent up to mount point /)
Stopping at filesystem boundary (GIT_DISCOVERY_ACROSS_FILESYSTEM not set).
2024-02-17 11:09:03.963 [info] > git rev-parse --show-toplevel [11ms]
2024-02-17 11:09:03.963 [info] fatal: not a git repository (or any parent up to mount point /)
Stopping at filesystem boundary (GIT_DISCOVERY_ACROSS_FILESYSTEM not set).
2024-02-17 11:09:09.425 [info] > git rev-parse --show-toplevel [15ms]
2024-02-17 11:09:09.425 [info] fatal: not a git repository (or any parent up to mount point /)
Stopping at filesystem boundary (GIT_DISCOVERY_ACROSS_FILESYSTEM not set).
2024-02-17 11:09:16.830 [info] > git rev-parse --show-toplevel [18ms]
2024-02-17 11:09:16.926 [info] fatal: not a git repository (or any parent up to mount point /)
Stopping at filesystem boundary (GIT_DISCOVERY_ACROSS_FILESYSTEM not set).
2024-02-17 11:10:30.417 [info] > git rev-parse --show-toplevel [105ms]
2024-02-17 11:10:30.435 [info] fatal: not a git repository (or any parent up to mount point /)
Stopping at filesystem boundary (GIT_DISCOVERY_ACROSS_FILESYSTEM not set).
2024-02-17 11:10:31.521 [info] > git rev-parse --show-toplevel [24ms]
2024-02-17 11:10:31.522 [info] fatal: not a git repository (or any parent up to mount point /)
Stopping at filesystem boundary (GIT_DISCOVERY_ACROSS_FILESYSTEM not set).
2024-02-17 11:10:36.894 [info] > git rev-parse --show-toplevel [134ms]
2024-02-17 11:10:36.900 [info] fatal: not a git repository (or any parent up to mount point /)
Stopping at filesystem boundary (GIT_DISCOVERY_ACROSS_FILESYSTEM not set).
2024-02-17 11:11:43.169 [info] > git rev-parse --show-toplevel [111ms]
2024-02-17 11:11:43.212 [info] fatal: not a git repository (or any parent up to mount point /)
Stopping at filesystem boundary (GIT_DISCOVERY_ACROSS_FILESYSTEM not set).
2024-02-17 11:14:00.400 [info] > git rev-parse --show-toplevel [48ms]
2024-02-17 11:14:00.412 [info] fatal: not a git repository (or any parent up to mount point /)
Stopping at filesystem boundary (GIT_DISCOVERY_ACROSS_FILESYSTEM not set).
2024-02-17 11:19:37.096 [info] > git rev-parse --show-toplevel [121ms]
2024-02-17 11:19:37.142 [info] fatal: not a git repository (or any parent up to mount point /)
Stopping at filesystem boundary (GIT_DISCOVERY_ACROSS_FILESYSTEM not set).
2024-02-17 11:21:40.451 [info] > git rev-parse --show-toplevel [12ms]
2024-02-17 11:21:40.551 [info] fatal: not a git repository (or any parent up to mount point /)
Stopping at filesystem boundary (GIT_DISCOVERY_ACROSS_FILESYSTEM not set).
2024-02-17 11:23:29.862 [info] > git rev-parse --show-toplevel [20ms]
2024-02-17 11:23:29.979 [info] fatal: not a git repository (or any parent up to mount point /)
Stopping at filesystem boundary (GIT_DISCOVERY_ACROSS_FILESYSTEM not set).
2024-02-17 11:26:51.938 [info] > git rev-parse --show-toplevel [134ms]
2024-02-17 11:26:51.959 [info] fatal: not a git repository (or any parent up to mount point /)
Stopping at filesystem boundary (GIT_DISCOVERY_ACROSS_FILESYSTEM not set).
2024-02-17 11:27:38.413 [info] > git rev-parse --show-toplevel [13ms]
2024-02-17 11:27:38.417 [info] fatal: not a git repository (or any parent up to mount point /)
Stopping at filesystem boundary (GIT_DISCOVERY_ACROSS_FILESYSTEM not set).
2024-02-17 11:30:33.435 [info] > git rev-parse --show-toplevel [39ms]
2024-02-17 11:30:33.461 [info] fatal: not a git repository (or any parent up to mount point /)
Stopping at filesystem boundary (GIT_DISCOVERY_ACROSS_FILESYSTEM not set).
2024-02-17 11:31:00.035 [info] > git rev-parse --show-toplevel [12ms]
2024-02-17 11:31:00.036 [info] fatal: not a git repository (or any parent up to mount point /)
Stopping at filesystem boundary (GIT_DISCOVERY_ACROSS_FILESYSTEM not set).
2024-02-17 11:32:26.017 [info] > git rev-parse --show-toplevel [7ms]
2024-02-17 11:32:26.042 [info] fatal: not a git repository (or any parent up to mount point /)
Stopping at filesystem boundary (GIT_DISCOVERY_ACROSS_FILESYSTEM not set).
2024-02-17 11:33:05.646 [info] > git rev-parse --show-toplevel [150ms]
2024-02-17 11:33:05.647 [info] fatal: not a git repository (or any parent up to mount point /)
Stopping at filesystem boundary (GIT_DISCOVERY_ACROSS_FILESYSTEM not set).
2024-02-17 11:34:08.042 [info] > git rev-parse --show-toplevel [127ms]
2024-02-17 11:34:08.043 [info] fatal: not a git repository (or any parent up to mount point /)
Stopping at filesystem boundary (GIT_DISCOVERY_ACROSS_FILESYSTEM not set).
2024-02-17 11:34:10.049 [info] > git rev-parse --show-toplevel [11ms]
2024-02-17 11:34:10.050 [info] fatal: not a git repository (or any parent up to mount point /)
Stopping at filesystem boundary (GIT_DISCOVERY_ACROSS_FILESYSTEM not set).
2024-02-17 11:37:19.542 [info] > git rev-parse --show-toplevel [14ms]
2024-02-17 11:37:19.545 [info] fatal: not a git repository (or any parent up to mount point /)
Stopping at filesystem boundary (GIT_DISCOVERY_ACROSS_FILESYSTEM not set).
2024-02-17 11:38:59.275 [info] > git rev-parse --show-toplevel [62ms]
2024-02-17 11:38:59.295 [info] fatal: not a git repository (or any parent up to mount point /)
Stopping at filesystem boundary (GIT_DISCOVERY_ACROSS_FILESYSTEM not set).
2024-02-17 11:40:51.103 [info] > git rev-parse --show-toplevel [15ms]
2024-02-17 11:40:51.113 [info] fatal: not a git repository (or any parent up to mount point /)
Stopping at filesystem boundary (GIT_DISCOVERY_ACROSS_FILESYSTEM not set).
2024-02-17 11:41:32.552 [info] > git rev-parse --show-toplevel [51ms]
2024-02-17 11:41:32.571 [info] fatal: not a git repository (or any parent up to mount point /)
Stopping at filesystem boundary (GIT_DISCOVERY_ACROSS_FILESYSTEM not set).
2024-02-17 11:41:42.508 [info] > git rev-parse --show-toplevel [114ms]
2024-02-17 11:41:42.509 [info] fatal: not a git repository (or any parent up to mount point /)
Stopping at filesystem boundary (GIT_DISCOVERY_ACROSS_FILESYSTEM not set).
2024-02-17 11:42:10.436 [info] > git rev-parse --show-toplevel [162ms]
2024-02-17 11:42:10.506 [info] fatal: not a git repository (or any parent up to mount point /)
Stopping at filesystem boundary (GIT_DISCOVERY_ACROSS_FILESYSTEM not set).
2024-02-17 11:42:14.884 [info] > git rev-parse --show-toplevel [102ms]
2024-02-17 11:42:14.892 [info] fatal: not a git repository (or any parent up to mount point /)
Stopping at filesystem boundary (GIT_DISCOVERY_ACROSS_FILESYSTEM not set).
2024-02-17 11:43:30.607 [info] > git rev-parse --show-toplevel [24ms]
2024-02-17 11:43:30.621 [info] fatal: not a git repository (or any parent up to mount point /)
Stopping at filesystem boundary (GIT_DISCOVERY_ACROSS_FILESYSTEM not set).
2024-02-17 11:44:43.272 [info] > git rev-parse --show-toplevel [109ms]
2024-02-17 11:44:43.291 [info] fatal: not a git repository (or any parent up to mount point /)
Stopping at filesystem boundary (GIT_DISCOVERY_ACROSS_FILESYSTEM not set).
2024-02-17 11:53:38.615 [info] > git rev-parse --show-toplevel [142ms]
2024-02-17 11:53:38.623 [info] fatal: not a git repository (or any parent up to mount point /)
Stopping at filesystem boundary (GIT_DISCOVERY_ACROSS_FILESYSTEM not set).
2024-02-17 11:53:52.332 [info] > git rev-parse --show-toplevel [28ms]
2024-02-17 11:53:52.333 [info] fatal: not a git repository (or any parent up to mount point /)
Stopping at filesystem boundary (GIT_DISCOVERY_ACROSS_FILESYSTEM not set).
2024-02-17 11:53:53.541 [info] > git rev-parse --show-toplevel [19ms]
2024-02-17 11:53:53.542 [info] fatal: not a git repository (or any parent up to mount point /)
Stopping at filesystem boundary (GIT_DISCOVERY_ACROSS_FILESYSTEM not set).
