2024-02-11 02:57:03.056 [info] Extension host with pid 33513 started
2024-02-11 02:57:03.087 [info] Lock '/root/.vscode-server/data/User/workspaceStorage/d8ab750c9cd34e1a08fc7d8c35f82988/vscode.lock': Lock acquired.
2024-02-11 02:57:03.543 [info] ExtensionService#_doActivateExtension vscode.tunnel-forwarding, startup: false, activationEvent: 'onTunnel'
2024-02-11 02:57:03.552 [info] ExtensionService#_doActivateExtension vscode.emmet, startup: false, activationEvent: 'onLanguage'
2024-02-11 02:57:03.554 [info] ExtensionService#_doActivateExtension batisteo.vscode-django, startup: false, activationEvent: 'onLanguage:python'
2024-02-11 02:57:03.555 [info] ExtensionService#_doActivateExtension ms-python.debugpy, startup: false, activationEvent: 'onLanguage:python'
2024-02-11 02:57:03.556 [info] ExtensionService#_doActivateExtension ms-python.python, startup: false, activationEvent: 'onLanguage:python'
2024-02-11 02:57:03.558 [info] ExtensionService#_doActivateExtension njpwerner.autodocstring, startup: false, activationEvent: 'onLanguage:python'
2024-02-11 02:57:03.559 [info] ExtensionService#_doActivateExtension VisualStudioExptTeam.intellicode-api-usage-examples, startup: false, activationEvent: 'onLanguage:python'
2024-02-11 02:57:03.563 [info] ExtensionService#_doActivateExtension VisualStudioExptTeam.vscodeintellicode, startup: false, activationEvent: 'onLanguage:python'
2024-02-11 02:57:05.785 [info] ExtensionService#_doActivateExtension vscode.git-base, startup: true, activationEvent: '*', root cause: vscode.git
2024-02-11 02:57:08.572 [info] ExtensionService#_doActivateExtension vscode.git, startup: true, activationEvent: '*'
2024-02-11 02:57:08.577 [info] ExtensionService#_doActivateExtension vscode.github, startup: true, activationEvent: '*'
2024-02-11 02:57:09.454 [info] ExtensionService#_doActivateExtension ms-python.vscode-pylance, startup: false, activationEvent: 'onLanguage:python'
2024-02-11 02:57:10.916 [info] Eager extensions activated
2024-02-11 02:57:10.917 [info] ExtensionService#_doActivateExtension vscode.debug-auto-launch, startup: false, activationEvent: 'onStartupFinished'
2024-02-11 02:57:10.919 [info] ExtensionService#_doActivateExtension vscode.merge-conflict, startup: false, activationEvent: 'onStartupFinished'
2024-02-11 02:57:14.684 [info] ExtensionService#_doActivateExtension vscode.json-language-features, startup: false, activationEvent: 'onLanguage:jsonc'
2024-02-11 02:57:14.690 [info] ExtensionService#_doActivateExtension vscode.typescript-language-features, startup: false, activationEvent: 'onLanguage:jsonc'
2024-02-11 02:59:33.452 [error] [ms-python.python] provider FAILED
2024-02-11 02:59:33.459 [error] TypeError: Cannot read properties of undefined (reading 'data')
	at /root/.vscode-server/extensions/ms-python.vscode-pylance-2024.2.1/dist/extension.bundle.js:1:82848
	at _0x44463a (/root/.vscode-server/extensions/ms-python.vscode-pylance-2024.2.1/dist/extension.bundle.js:1:96215)
	at async $e.provideCompletionItems (/root/.vscode-server/bin/05047486b6df5eb8d44b2ecd70ea3bdf775fd937/out/vs/workbench/api/node/extensionHostProcess.js:150:99151)
2024-02-11 11:12:07.700 [info] ExtensionService#_doActivateExtension vscode.html-language-features, startup: false, activationEvent: 'onLanguage:html'
2024-02-11 11:12:32.558 [info] ExtensionService#_doActivateExtension vscode.css-language-features, startup: false, activationEvent: 'onLanguage:css'
2024-02-11 11:42:06.174 [info] ExtensionService#_doActivateExtension vscode.npm, startup: false, activationEvent: 'onTerminalQuickFixRequest:ms-vscode.npm-command'
2024-02-11 12:25:33.763 [error] [ms-python.python] provider FAILED
2024-02-11 12:25:33.781 [error] TypeError: Cannot read properties of undefined (reading 'data')
	at /root/.vscode-server/extensions/ms-python.vscode-pylance-2024.2.1/dist/extension.bundle.js:1:82848
	at _0x44463a (/root/.vscode-server/extensions/ms-python.vscode-pylance-2024.2.1/dist/extension.bundle.js:1:96215)
	at async $e.provideCompletionItems (/root/.vscode-server/bin/05047486b6df5eb8d44b2ecd70ea3bdf775fd937/out/vs/workbench/api/node/extensionHostProcess.js:150:99151)
2024-02-12 03:48:39.251 [error] [ms-python.python] provider FAILED
2024-02-12 03:48:39.253 [error] TypeError: Cannot read properties of undefined (reading 'data')
	at /root/.vscode-server/extensions/ms-python.vscode-pylance-2024.2.1/dist/extension.bundle.js:1:82848
	at _0x44463a (/root/.vscode-server/extensions/ms-python.vscode-pylance-2024.2.1/dist/extension.bundle.js:1:96215)
	at async $e.provideCompletionItems (/root/.vscode-server/bin/05047486b6df5eb8d44b2ecd70ea3bdf775fd937/out/vs/workbench/api/node/extensionHostProcess.js:150:99151)
2024-02-12 04:12:59.777 [info] Extension host terminating: received terminate message from renderer
2024-02-12 04:12:59.843 [info] Lock '/root/.vscode-server/data/User/workspaceStorage/d8ab750c9cd34e1a08fc7d8c35f82988/vscode.lock': Marking the lockfile as scheduled to be released in 6000 ms.
2024-02-12 04:13:00.394 [info] Extension host with pid 33513 exiting with code 0
