2024-02-18 14:27:28.377 [info] ログ レベル: Info
2024-02-18 14:27:28.380 [info] Git の検証が検出されました: "git"
2024-02-18 14:27:28.381 [info] "git" から Git "2.39.2" を使用しています
2024-02-18 14:27:28.381 [info] > git rev-parse --show-toplevel [40ms]
2024-02-18 14:27:28.382 [info] fatal: not a git repository (or any parent up to mount point /)
Stopping at filesystem boundary (GIT_DISCOVERY_ACROSS_FILESYSTEM not set).
2024-02-18 14:27:28.387 [info] > git rev-parse --show-toplevel [168ms]
2024-02-18 14:27:28.388 [info] fatal: not a git repository (or any parent up to mount point /)
Stopping at filesystem boundary (GIT_DISCOVERY_ACROSS_FILESYSTEM not set).
2024-02-18 14:27:28.624 [info] > git rev-parse --show-toplevel [253ms]
2024-02-18 14:27:28.625 [info] fatal: not a git repository (or any parent up to mount point /)
Stopping at filesystem boundary (GIT_DISCOVERY_ACROSS_FILESYSTEM not set).
2024-02-18 14:27:28.833 [info] > git rev-parse --show-toplevel [29ms]
2024-02-18 14:27:28.834 [info] fatal: not a git repository (or any parent up to mount point /)
Stopping at filesystem boundary (GIT_DISCOVERY_ACROSS_FILESYSTEM not set).
2024-02-18 14:27:28.879 [info] > git rev-parse --show-toplevel [24ms]
2024-02-18 14:27:28.880 [info] fatal: not a git repository (or any parent up to mount point /)
Stopping at filesystem boundary (GIT_DISCOVERY_ACROSS_FILESYSTEM not set).
2024-02-18 14:27:28.985 [info] > git rev-parse --show-toplevel [82ms]
2024-02-18 14:27:28.986 [info] fatal: not a git repository (or any parent up to mount point /)
Stopping at filesystem boundary (GIT_DISCOVERY_ACROSS_FILESYSTEM not set).
2024-02-18 14:27:29.010 [info] > git rev-parse --show-toplevel [8ms]
2024-02-18 14:27:29.010 [info] fatal: not a git repository (or any parent up to mount point /)
Stopping at filesystem boundary (GIT_DISCOVERY_ACROSS_FILESYSTEM not set).
2024-02-18 14:27:29.055 [info] > git rev-parse --show-toplevel [28ms]
2024-02-18 14:27:29.056 [info] fatal: not a git repository (or any parent up to mount point /)
Stopping at filesystem boundary (GIT_DISCOVERY_ACROSS_FILESYSTEM not set).
2024-02-18 14:27:29.106 [info] > git rev-parse --show-toplevel [25ms]
2024-02-18 14:27:29.106 [info] fatal: not a git repository (or any parent up to mount point /)
Stopping at filesystem boundary (GIT_DISCOVERY_ACROSS_FILESYSTEM not set).
2024-02-18 14:27:29.140 [info] > git rev-parse --show-toplevel [14ms]
2024-02-18 14:27:29.141 [info] fatal: not a git repository (or any parent up to mount point /)
Stopping at filesystem boundary (GIT_DISCOVERY_ACROSS_FILESYSTEM not set).
2024-02-18 14:27:29.205 [info] > git rev-parse --show-toplevel [49ms]
2024-02-18 14:27:29.206 [info] fatal: not a git repository (or any parent up to mount point /)
Stopping at filesystem boundary (GIT_DISCOVERY_ACROSS_FILESYSTEM not set).
2024-02-18 14:27:29.233 [info] > git rev-parse --show-toplevel [13ms]
2024-02-18 14:27:29.235 [info] fatal: not a git repository (or any parent up to mount point /)
Stopping at filesystem boundary (GIT_DISCOVERY_ACROSS_FILESYSTEM not set).
2024-02-18 14:27:29.273 [info] > git rev-parse --show-toplevel [22ms]
2024-02-18 14:27:29.273 [info] fatal: not a git repository (or any parent up to mount point /)
Stopping at filesystem boundary (GIT_DISCOVERY_ACROSS_FILESYSTEM not set).
2024-02-18 14:27:29.387 [info] > git rev-parse --show-toplevel [92ms]
2024-02-18 14:27:29.388 [info] fatal: not a git repository (or any parent up to mount point /)
Stopping at filesystem boundary (GIT_DISCOVERY_ACROSS_FILESYSTEM not set).
2024-02-18 14:28:53.489 [info] > git rev-parse --show-toplevel [110ms]
2024-02-18 14:28:53.491 [info] fatal: not a git repository (or any parent up to mount point /)
Stopping at filesystem boundary (GIT_DISCOVERY_ACROSS_FILESYSTEM not set).
2024-02-18 14:29:27.524 [info] > git rev-parse --show-toplevel [75ms]
2024-02-18 14:29:27.538 [info] fatal: not a git repository (or any parent up to mount point /)
Stopping at filesystem boundary (GIT_DISCOVERY_ACROSS_FILESYSTEM not set).
2024-02-18 14:29:33.743 [info] > git rev-parse --show-toplevel [54ms]
2024-02-18 14:29:33.744 [info] fatal: not a git repository (or any parent up to mount point /)
Stopping at filesystem boundary (GIT_DISCOVERY_ACROSS_FILESYSTEM not set).
2024-02-18 14:29:34.830 [info] > git rev-parse --show-toplevel [60ms]
2024-02-18 14:29:34.831 [info] fatal: not a git repository (or any parent up to mount point /)
Stopping at filesystem boundary (GIT_DISCOVERY_ACROSS_FILESYSTEM not set).
2024-02-18 14:29:36.429 [info] > git rev-parse --show-toplevel [20ms]
2024-02-18 14:29:36.430 [info] fatal: not a git repository (or any parent up to mount point /)
Stopping at filesystem boundary (GIT_DISCOVERY_ACROSS_FILESYSTEM not set).
2024-02-18 14:30:31.978 [info] > git rev-parse --show-toplevel [23ms]
2024-02-18 14:30:31.983 [info] fatal: not a git repository (or any parent up to mount point /)
Stopping at filesystem boundary (GIT_DISCOVERY_ACROSS_FILESYSTEM not set).
2024-02-18 14:30:38.648 [info] > git rev-parse --show-toplevel [15ms]
2024-02-18 14:30:38.648 [info] fatal: not a git repository (or any parent up to mount point /)
Stopping at filesystem boundary (GIT_DISCOVERY_ACROSS_FILESYSTEM not set).
2024-02-18 14:33:03.537 [info] > git rev-parse --show-toplevel [13ms]
2024-02-18 14:33:03.545 [info] fatal: not a git repository (or any parent up to mount point /)
Stopping at filesystem boundary (GIT_DISCOVERY_ACROSS_FILESYSTEM not set).
2024-02-18 14:35:49.007 [info] > git rev-parse --show-toplevel [14ms]
2024-02-18 14:35:49.017 [info] fatal: not a git repository (or any parent up to mount point /)
Stopping at filesystem boundary (GIT_DISCOVERY_ACROSS_FILESYSTEM not set).
2024-02-18 14:37:40.390 [info] > git rev-parse --show-toplevel [22ms]
2024-02-18 14:37:40.392 [info] fatal: not a git repository (or any parent up to mount point /)
Stopping at filesystem boundary (GIT_DISCOVERY_ACROSS_FILESYSTEM not set).
2024-02-18 14:43:32.404 [info] > git rev-parse --show-toplevel [130ms]
2024-02-18 14:43:32.421 [info] fatal: not a git repository (or any parent up to mount point /)
Stopping at filesystem boundary (GIT_DISCOVERY_ACROSS_FILESYSTEM not set).
2024-02-18 14:43:35.346 [info] > git rev-parse --show-toplevel [34ms]
2024-02-18 14:43:35.347 [info] fatal: not a git repository (or any parent up to mount point /)
Stopping at filesystem boundary (GIT_DISCOVERY_ACROSS_FILESYSTEM not set).
2024-02-18 14:44:24.430 [info] > git rev-parse --show-toplevel [11ms]
2024-02-18 14:44:24.431 [info] fatal: not a git repository (or any parent up to mount point /)
Stopping at filesystem boundary (GIT_DISCOVERY_ACROSS_FILESYSTEM not set).
2024-02-18 14:44:46.567 [info] > git rev-parse --show-toplevel [11ms]
2024-02-18 14:44:46.572 [info] fatal: not a git repository (or any parent up to mount point /)
Stopping at filesystem boundary (GIT_DISCOVERY_ACROSS_FILESYSTEM not set).
2024-02-18 14:51:30.210 [info] > git rev-parse --show-toplevel [13ms]
2024-02-18 14:51:30.229 [info] fatal: not a git repository (or any parent up to mount point /)
Stopping at filesystem boundary (GIT_DISCOVERY_ACROSS_FILESYSTEM not set).
2024-02-18 14:52:13.191 [info] > git rev-parse --show-toplevel [27ms]
2024-02-18 14:52:13.207 [info] fatal: not a git repository (or any parent up to mount point /)
Stopping at filesystem boundary (GIT_DISCOVERY_ACROSS_FILESYSTEM not set).
2024-02-18 14:52:24.021 [info] > git rev-parse --show-toplevel [33ms]
2024-02-18 14:52:24.022 [info] fatal: not a git repository (or any parent up to mount point /)
Stopping at filesystem boundary (GIT_DISCOVERY_ACROSS_FILESYSTEM not set).
2024-02-18 14:53:28.929 [info] > git rev-parse --show-toplevel [64ms]
2024-02-18 14:53:28.933 [info] fatal: not a git repository (or any parent up to mount point /)
Stopping at filesystem boundary (GIT_DISCOVERY_ACROSS_FILESYSTEM not set).
2024-02-18 14:53:30.817 [info] > git rev-parse --show-toplevel [34ms]
2024-02-18 14:53:30.824 [info] fatal: not a git repository (or any parent up to mount point /)
Stopping at filesystem boundary (GIT_DISCOVERY_ACROSS_FILESYSTEM not set).
2024-02-18 14:54:42.733 [info] > git rev-parse --show-toplevel [22ms]
2024-02-18 14:54:42.748 [info] fatal: not a git repository (or any parent up to mount point /)
Stopping at filesystem boundary (GIT_DISCOVERY_ACROSS_FILESYSTEM not set).
2024-02-18 14:56:04.914 [info] > git rev-parse --show-toplevel [7ms]
2024-02-18 14:56:04.916 [info] fatal: not a git repository (or any parent up to mount point /)
Stopping at filesystem boundary (GIT_DISCOVERY_ACROSS_FILESYSTEM not set).
2024-02-18 14:56:12.027 [info] > git rev-parse --show-toplevel [17ms]
2024-02-18 14:56:12.028 [info] fatal: not a git repository (or any parent up to mount point /)
Stopping at filesystem boundary (GIT_DISCOVERY_ACROSS_FILESYSTEM not set).
2024-02-18 14:56:25.054 [info] > git rev-parse --show-toplevel [12ms]
2024-02-18 14:56:25.059 [info] fatal: not a git repository (or any parent up to mount point /)
Stopping at filesystem boundary (GIT_DISCOVERY_ACROSS_FILESYSTEM not set).
2024-02-18 14:56:34.665 [info] > git rev-parse --show-toplevel [16ms]
2024-02-18 14:56:34.667 [info] fatal: not a git repository (or any parent up to mount point /)
Stopping at filesystem boundary (GIT_DISCOVERY_ACROSS_FILESYSTEM not set).
2024-02-18 14:56:57.424 [info] > git rev-parse --show-toplevel [20ms]
2024-02-18 14:56:57.425 [info] fatal: not a git repository (or any parent up to mount point /)
Stopping at filesystem boundary (GIT_DISCOVERY_ACROSS_FILESYSTEM not set).
2024-02-18 14:58:01.541 [info] > git rev-parse --show-toplevel [26ms]
2024-02-18 14:58:01.565 [info] fatal: not a git repository (or any parent up to mount point /)
Stopping at filesystem boundary (GIT_DISCOVERY_ACROSS_FILESYSTEM not set).
