2024-02-17 07:01:21.923 [info] 実験 'pythonaacf' はアクティブです
2024-02-17 07:01:21.924 [info] 実験 'pythonRecommendTensorboardExt' はアクティブです
2024-02-17 07:01:21.924 [info] 実験 'pythonREPLSmartSend' はアクティブです
2024-02-17 07:01:21.924 [info] 実験 'pythonTerminalEnvVarActivation' はアクティブです
2024-02-17 07:01:21.925 [info] 実験 'pythonTestAdapter' はアクティブです
2024-02-17 07:01:21.925 [info] Default formatter is set to null for workspace /root
2024-02-17 07:01:21.926 [info] Test server listening.
2024-02-17 07:01:22.434 [warning] Retry failed, storage update failed for key autoSelectedWorkspacePythonInterpreter-/root
2024-02-17 07:01:22.435 [warning] Retry failed, storage update failed for key autoSelectedWorkspacePythonInterpreter-/root
2024-02-17 07:01:22.436 [warning] Retry failed, storage update failed for key autoSelectedWorkspacePythonInterpreter-/root
2024-02-17 07:01:23.065 [info] > /usr/local/bin/python3 -I ./.vscode-server/extensions/ms-python.python-2024.0.1/pythonFiles/get_output_via_markers.py ./.vscode-server/extensions/ms-python.python-2024.0.1/pythonFiles/interpreterInfo.py
2024-02-17 07:01:23.219 [info] Python インタープリター パス: /usr/local/bin/python3
2024-02-17 07:01:25.306 [info] Pylance 言語サーバーを開始しています。
2024-02-17 07:02:10.844 [info] Discover tests for workspace name: root - uri: /root/config/settings.py
2024-02-17 07:03:47.621 [info] Discover tests for workspace name: root - uri: /root/config/settings.py
2024-02-17 07:21:09.178 [info] Discover tests for workspace name: root - uri: /root/commondb/models/user.py
2024-02-17 07:22:39.470 [info] Discover tests for workspace name: root - uri: /root/commondb/models/user.py
2024-02-17 07:25:23.093 [info] Discover tests for workspace name: root - uri: /root/commondb/admin.py
2024-02-17 07:26:48.260 [info] Discover tests for workspace name: root - uri: /root/config/settings.py
2024-02-17 07:27:59.775 [info] Discover tests for workspace name: root - uri: /root/config/settings.py
2024-02-17 07:29:09.057 [info] Discover tests for workspace name: root - uri: /root/config/settings.py
2024-02-17 07:29:34.733 [info] Discover tests for workspace name: root - uri: /root/config/settings.py
2024-02-17 07:31:33.650 [info] Discover tests for workspace name: root - uri: /root/commondb/admin.py
2024-02-17 07:33:33.553 [info] Discover tests for workspace name: root - uri: /root/config/settings.py
2024-02-17 07:33:58.705 [info] Discover tests for workspace name: root - uri: /root/config/settings.py
2024-02-17 07:39:23.719 [info] Discover tests for workspace name: root - uri: /root/config/settings.py
2024-02-17 07:40:04.901 [info] Discover tests for workspace name: root - uri: /root/config/settings.py
2024-02-17 07:41:06.974 [info] Discover tests for workspace name: root - uri: /root/config/settings.py
2024-02-17 07:42:02.672 [info] Discover tests for workspace name: root - uri: /root/commondb/models/user.py
2024-02-17 07:45:51.569 [info] Discover tests for workspace name: root - uri: /root/config/urls.py
2024-02-17 07:48:59.419 [info] Discover tests for workspace name: root - uri: /root/config/settings.py
2024-02-17 07:49:01.518 [info] Discover tests for workspace name: root - uri: /root/config/urls.py
2024-02-17 07:49:30.688 [info] Discover tests for workspace name: root - uri: /root/commondb/models/__init__.py
2024-02-17 07:50:20.563 [info] Discover tests for workspace name: root - uri: /root/commondb/admin.py
2024-02-17 08:09:27.169 [info] Discover tests for workspace name: root - uri: /root/config/urls.py
2024-02-17 08:09:28.863 [info] Discover tests for workspace name: root - uri: /root/config/settings.py
2024-02-17 08:09:44.757 [info] Discover tests for workspace name: root - uri: /root/config/settings.py
2024-02-17 08:09:51.807 [info] Discover tests for workspace name: root - uri: /root/config/urls.py
2024-02-17 08:38:18.826 [info] Discover tests for workspace name: root - uri: /root/config/settings.py
2024-02-17 08:40:14.601 [info] Discover tests for workspace name: root - uri: /root/commondb/views/login.py
2024-02-17 08:55:08.609 [info] Discover tests for workspace name: root - uri: /root/commondb/views/login.py
2024-02-17 09:01:31.862 [info] Discover tests for workspace name: root - uri: /root/config/urls.py
2024-02-17 09:01:38.087 [info] Discover tests for workspace name: root - uri: /root/config/urls.py
2024-02-17 09:02:47.332 [info] Discover tests for workspace name: root - uri: /root/general/views/login.py
2024-02-17 11:43:44.234 [info] Discover tests for workspace name: root - uri: /root/config/settings.py
2024-02-17 11:44:16.337 [info] Discover tests for workspace name: root - uri: /root/config/settings.py
2024-02-17 11:44:39.488 [info] Discover tests for workspace name: root - uri: /root/config/settings.py
