2024-02-17 07:01:23.454 [info] (Client) Pylance async client (2024.2.2) started with python extension (2024.0.1)
2024-02-17 07:01:25.251 [info] [Info  - 7:01:24 AM] (1086) Pylance language server 2024.2.2 (pyright version 1.1.348, commit cfb1de0c) starting
2024-02-17 07:01:25.253 [info] [Info  - 7:01:25 AM] (1086) Server root directory: file:///root/.vscode-server/extensions/ms-python.vscode-pylance-2024.2.2/dist
2024-02-17 07:01:25.255 [info] [Info  - 7:01:25 AM] (1086) Starting service instance "root"
2024-02-17 07:01:25.463 [info] [Info  - 7:01:25 AM] (1086) Setting pythonPath for service "root": "/usr/local/bin/python3"
2024-02-17 07:01:25.469 [info] [Info  - 7:01:25 AM] (1086) Setting environmentName for service "root": "3.12.1 (グローバル)"
2024-02-17 07:01:25.538 [info] [Info  - 7:01:25 AM] (1086) Assuming Python version 3.11
2024-02-17 07:01:26.201 [info] [Info  - 7:01:26 AM] (1086) Found 50 source files
2024-02-17 07:01:26.897 [info] [Info  - 7:01:26 AM] (1086) Background analysis(1) root directory: file:///root/.vscode-server/extensions/ms-python.vscode-pylance-2024.2.2/dist
2024-02-17 07:01:26.915 [info] [Info  - 7:01:26 AM] (1086) Background analysis(1) started
2024-02-17 07:01:27.459 [info] [Info  - 7:01:27 AM] (1086) Indexer background runner(2) root directory: file:///root/.vscode-server/extensions/ms-python.vscode-pylance-2024.2.2/dist (index)
2024-02-17 07:01:27.461 [info] [Info  - 7:01:27 AM] (1086) Indexing(2) started
2024-02-17 07:01:31.726 [info] [Info  - 7:01:31 AM] (1086) [IDX(2)] Long operation: scan packages file:///root (4402ms)
2024-02-17 07:01:31.727 [info] [Info  - 7:01:31 AM] (1086) scanned(2) 41 files over 1 exec env
2024-02-17 07:01:32.910 [info] [Info  - 7:01:32 AM] (1086) indexed(2) 28 files over 1 exec env
2024-02-17 07:01:33.020 [info] [Info  - 7:01:33 AM] (1086) Indexing finished(2).
2024-02-17 07:02:16.145 [info] [Info  - 7:02:16 AM] (1086) Found 51 source files
2024-02-17 07:08:06.715 [info] [Info  - 7:08:06 AM] (1086) Found 44 source files
2024-02-17 07:09:16.454 [info] [Info  - 7:09:16 AM] (1086) Found 44 source files
2024-02-17 07:09:27.985 [info] [Info  - 7:09:27 AM] (1086) Found 44 source files
2024-02-17 07:13:13.598 [info] [Info  - 7:13:13 AM] (1086) Found 44 source files
2024-02-17 07:15:06.377 [info] [Info  - 7:15:06 AM] (1086) Found 44 source files
2024-02-17 07:15:13.338 [info] [Info  - 7:15:13 AM] (1086) Found 44 source files
2024-02-17 07:50:52.013 [info] [Info  - 7:50:52 AM] (1086) Found 45 source files
2024-02-17 07:55:57.550 [info] [Info  - 7:55:57 AM] (1086) Found 44 source files
2024-02-17 08:37:22.859 [info] [Info  - 8:37:22 AM] (1086) Found 44 source files
2024-02-17 08:55:01.147 [info] [Info  - 8:55:01 AM] (1086) Found 45 source files
2024-02-17 08:55:31.522 [info] [Info  - 8:55:31 AM] (1086) Found 45 source files
2024-02-17 08:55:40.285 [info] [Info  - 8:55:40 AM] (1086) Found 45 source files
2024-02-17 08:55:46.528 [info] [Info  - 8:55:46 AM] (1086) Found 45 source files
