2024-01-29 10:25:38.948 [info] ログ レベル: Info
2024-01-29 10:25:38.950 [info] Git の検証が検出されました: "git"
2024-01-29 10:25:38.950 [info] "git" から Git "2.39.2" を使用しています
2024-01-29 10:25:38.951 [info] > git rev-parse --show-toplevel [265ms]
2024-01-29 10:25:38.951 [info] fatal: not a git repository (or any parent up to mount point /)
Stopping at filesystem boundary (GIT_DISCOVERY_ACROSS_FILESYSTEM not set).
2024-01-29 10:25:38.955 [info] > git rev-parse --show-toplevel [57ms]
2024-01-29 10:25:38.955 [info] fatal: not a git repository (or any parent up to mount point /)
Stopping at filesystem boundary (GIT_DISCOVERY_ACROSS_FILESYSTEM not set).
2024-01-29 10:25:39.207 [info] > git rev-parse --show-toplevel [131ms]
2024-01-29 10:25:39.208 [info] fatal: not a git repository (or any parent up to mount point /)
Stopping at filesystem boundary (GIT_DISCOVERY_ACROSS_FILESYSTEM not set).
2024-01-29 10:25:39.469 [info] > git rev-parse --show-toplevel [210ms]
2024-01-29 10:25:39.473 [info] fatal: not a git repository (or any parent up to mount point /)
Stopping at filesystem boundary (GIT_DISCOVERY_ACROSS_FILESYSTEM not set).
2024-01-29 10:25:40.044 [info] > git rev-parse --show-toplevel [33ms]
2024-01-29 10:25:40.049 [info] fatal: not a git repository (or any parent up to mount point /)
Stopping at filesystem boundary (GIT_DISCOVERY_ACROSS_FILESYSTEM not set).
2024-01-29 10:25:40.136 [info] > git rev-parse --show-toplevel [63ms]
2024-01-29 10:25:40.152 [info] fatal: not a git repository (or any parent up to mount point /)
Stopping at filesystem boundary (GIT_DISCOVERY_ACROSS_FILESYSTEM not set).
2024-01-29 10:25:40.613 [info] > git rev-parse --show-toplevel [242ms]
2024-01-29 10:25:40.613 [info] fatal: not a git repository (or any parent up to mount point /)
Stopping at filesystem boundary (GIT_DISCOVERY_ACROSS_FILESYSTEM not set).
2024-01-29 10:25:40.873 [info] > git rev-parse --show-toplevel [144ms]
2024-01-29 10:25:40.876 [info] fatal: not a git repository (or any parent up to mount point /)
Stopping at filesystem boundary (GIT_DISCOVERY_ACROSS_FILESYSTEM not set).
2024-01-29 10:25:41.166 [info] > git rev-parse --show-toplevel [169ms]
2024-01-29 10:25:41.168 [info] fatal: not a git repository (or any parent up to mount point /)
Stopping at filesystem boundary (GIT_DISCOVERY_ACROSS_FILESYSTEM not set).
