2024-02-15 09:59:11.253 [info] Extension host with pid 62556 started
2024-02-15 09:59:11.443 [info] ExtensionService#_doActivateExtension vscode.tunnel-forwarding, startup: false, activationEvent: 'onTunnel'
2024-02-15 09:59:11.481 [info] ExtensionService#_doActivateExtension vscode.emmet, startup: false, activationEvent: 'onLanguage'
2024-02-15 09:59:11.539 [info] ExtensionService#_doActivateExtension vscode.html-language-features, startup: false, activationEvent: 'onLanguage:html'
2024-02-15 09:59:13.100 [info] ExtensionService#_doActivateExtension vscode.git-base, startup: true, activationEvent: '*', root cause: vscode.git
2024-02-15 09:59:13.517 [info] ExtensionService#_doActivateExtension ms-python.python, startup: true, activationEvent: 'workspaceContains:manage.py'
2024-02-15 09:59:13.548 [info] Lock '/root/.vscode-server/data/User/workspaceStorage/d8ab750c9cd34e1a08fc7d8c35f82988/vscode.lock': Lock acquired.
2024-02-15 09:59:14.525 [info] ExtensionService#_doActivateExtension vscode.git, startup: true, activationEvent: '*'
2024-02-15 09:59:14.547 [info] ExtensionService#_doActivateExtension vscode.github, startup: true, activationEvent: '*'
2024-02-15 09:59:21.839 [info] ExtensionService#_doActivateExtension batisteo.vscode-django, startup: false, activationEvent: 'onLanguage:python'
2024-02-15 09:59:21.868 [info] ExtensionService#_doActivateExtension ms-python.debugpy, startup: false, activationEvent: 'onLanguage:python'
2024-02-15 09:59:21.881 [info] ExtensionService#_doActivateExtension njpwerner.autodocstring, startup: false, activationEvent: 'onLanguage:python'
2024-02-15 09:59:21.893 [info] ExtensionService#_doActivateExtension VisualStudioExptTeam.intellicode-api-usage-examples, startup: false, activationEvent: 'onLanguage:python'
2024-02-15 09:59:21.982 [info] ExtensionService#_doActivateExtension VisualStudioExptTeam.vscodeintellicode, startup: false, activationEvent: 'onLanguage:python'
2024-02-15 09:59:37.276 [info] ExtensionService#_doActivateExtension vscode.debug-auto-launch, startup: false, activationEvent: 'onStartupFinished'
2024-02-15 09:59:37.397 [info] ExtensionService#_doActivateExtension vscode.merge-conflict, startup: false, activationEvent: 'onStartupFinished'
2024-02-15 09:59:40.015 [info] ExtensionService#_doActivateExtension ms-python.vscode-pylance, startup: false, activationEvent: 'onLanguage:python'
2024-02-15 09:59:42.658 [info] Eager extensions activated
2024-02-15 11:38:10.489 [error] [ms-python.python] provider FAILED
2024-02-15 11:38:10.527 [error] TypeError: Cannot read properties of undefined (reading 'data')
	at /root/.vscode-server/extensions/ms-python.vscode-pylance-2024.2.1/dist/extension.bundle.js:1:82848
	at _0x44463a (/root/.vscode-server/extensions/ms-python.vscode-pylance-2024.2.1/dist/extension.bundle.js:1:96215)
	at async $e.provideCompletionItems (/root/.vscode-server/bin/31c37ee8f63491495ac49e43b8544550fbae4533/out/vs/workbench/api/node/extensionHostProcess.js:150:99151)
2024-02-15 11:59:24.493 [info] ExtensionService#_doActivateExtension vscode.npm, startup: false, activationEvent: 'onTerminalQuickFixRequest:ms-vscode.npm-command'
2024-02-15 12:18:30.774 [warning] VisualStudioExptTeam.intellicode-api-usage-examples - Code actions of kind 'quickfix 'requested but returned code action is of kind 'refactor'. Code action will be dropped. Please check 'CodeActionContext.only' to only return requested code actions.
2024-02-15 12:23:43.247 [info] Extension host terminating: received terminate message from renderer
2024-02-15 12:23:43.270 [info] Lock '/root/.vscode-server/data/User/workspaceStorage/d8ab750c9cd34e1a08fc7d8c35f82988/vscode.lock': Marking the lockfile as scheduled to be released in 6000 ms.
2024-02-15 12:23:43.573 [info] Extension host with pid 62556 exiting with code 0
